{"numFailedTestSuites":7,"numFailedTests":4,"numPassedTestSuites":8,"numPassedTests":48,"numPendingTestSuites":0,"numPendingTests":0,"numRuntimeErrorTestSuites":5,"numTodoTests":0,"numTotalTestSuites":15,"numTotalTests":52,"openHandles":[],"snapshot":{"added":0,"didUpdate":false,"failure":false,"filesAdded":0,"filesRemoved":0,"filesRemovedList":[],"filesUnmatched":0,"filesUpdated":0,"matched":0,"total":0,"unchecked":0,"uncheckedKeysByFile":[],"unmatched":0,"updated":0},"startTime":1752862153451,"success":false,"testResults":[{"assertionResults":[{"ancestorTitles":["canCreateUserType"],"failureMessages":[],"fullName":"canCreateUserType Admin can create all user types","location":null,"status":"passed","title":"Admin can create all user types"},{"ancestorTitles":["canCreateUserType"],"failureMessages":[],"fullName":"canCreateUserType Manager can only create ClientIntake","location":null,"status":"passed","title":"Manager can only create ClientIntake"},{"ancestorTitles":["canCreateUserType"],"failureMessages":[],"fullName":"canCreateUserType Other types cannot create any user","location":null,"status":"passed","title":"Other types cannot create any user"}],"endTime":1752862158813,"message":"","name":"C:\\localDev\\UMD-Hack4Impact\\food-for-all-dc\\my-app\\src\\services\\__tests__\\AuthUserService.test.ts","startTime":1752862156166,"status":"passed","summary":""},{"assertionResults":[{"ancestorTitles":["Route Config Tests"],"failureMessages":[],"fullName":"Route Config Tests renders correct component for route: /clients","location":null,"status":"passed","title":"renders correct component for route: /clients"},{"ancestorTitles":["Route Config Tests"],"failureMessages":[],"fullName":"Route Config Tests renders correct component for route: /calendar","location":null,"status":"passed","title":"renders correct component for route: /calendar"},{"ancestorTitles":["Route Config Tests"],"failureMessages":[],"fullName":"Route Config Tests renders correct component for route: /users","location":null,"status":"passed","title":"renders correct component for route: /users"},{"ancestorTitles":["Route Config Tests"],"failureMessages":[],"fullName":"Route Config Tests renders correct component for route: /delivery","location":null,"status":"passed","title":"renders correct component for route: /delivery"}],"endTime":1752862158818,"message":"","name":"C:\\localDev\\UMD-Hack4Impact\\food-for-all-dc\\my-app\\src\\__tests__\\route-config.test.tsx","startTime":1752862156124,"status":"passed","summary":""},{"assertionResults":[{"ancestorTitles":["AuthProvider"],"failureMessages":[],"fullName":"AuthProvider renders without crashing and provides default context","location":null,"status":"passed","title":"renders without crashing and provides default context"},{"ancestorTitles":["AuthProvider"],"failureMessages":[],"fullName":"AuthProvider logout function does not throw when called with default context","location":null,"status":"passed","title":"logout function does not throw when called with default context"}],"endTime":1752862160574,"message":"","name":"C:\\localDev\\UMD-Hack4Impact\\food-for-all-dc\\my-app\\src\\auth\\__tests__\\AuthProvider.test.tsx","startTime":1752862156199,"status":"passed","summary":""},{"assertionResults":[{"ancestorTitles":["Button"],"failureMessages":[],"fullName":"Button renders with text","location":null,"status":"passed","title":"renders with text"},{"ancestorTitles":["Button"],"failureMessages":[],"fullName":"Button handles click events","location":null,"status":"passed","title":"handles click events"},{"ancestorTitles":["Button"],"failureMessages":[],"fullName":"Button renders as disabled when disabled prop is true","location":null,"status":"passed","title":"renders as disabled when disabled prop is true"},{"ancestorTitles":["Button"],"failureMessages":[],"fullName":"Button renders different variants","location":null,"status":"passed","title":"renders different variants"},{"ancestorTitles":["Button"],"failureMessages":[],"fullName":"Button renders different colors","location":null,"status":"passed","title":"renders different colors"},{"ancestorTitles":["Button"],"failureMessages":[],"fullName":"Button shows loading state","location":null,"status":"passed","title":"shows loading state"}],"endTime":1752862161958,"message":"","name":"C:\\localDev\\UMD-Hack4Impact\\food-for-all-dc\\my-app\\src\\components\\common\\Button\\Button.test.tsx","startTime":1752862156153,"status":"passed","summary":""},{"assertionResults":[{"ancestorTitles":["Input"],"failureMessages":[],"fullName":"Input renders with label","location":null,"status":"passed","title":"renders with label"},{"ancestorTitles":["Input"],"failureMessages":[],"fullName":"Input handles input changes","location":null,"status":"passed","title":"handles input changes"},{"ancestorTitles":["Input"],"failureMessages":[],"fullName":"Input shows error state","location":null,"status":"passed","title":"shows error state"},{"ancestorTitles":["Input"],"failureMessages":[],"fullName":"Input renders as disabled when disabled prop is true","location":null,"status":"passed","title":"renders as disabled when disabled prop is true"},{"ancestorTitles":["Input"],"failureMessages":[],"fullName":"Input renders with placeholder","location":null,"status":"passed","title":"renders with placeholder"}],"endTime":1752862161966,"message":"","name":"C:\\localDev\\UMD-Hack4Impact\\food-for-all-dc\\my-app\\src\\components\\common\\Input\\Input.test.tsx","startTime":1752862156153,"status":"passed","summary":""},{"assertionResults":[{"ancestorTitles":["DeleteUserModal"],"failureMessages":[],"fullName":"DeleteUserModal calls onDelete when delete is clicked","location":null,"status":"passed","title":"calls onDelete when delete is clicked"}],"endTime":1752862162020,"message":"","name":"C:\\localDev\\UMD-Hack4Impact\\food-for-all-dc\\my-app\\src\\components\\UsersSpreadsheet\\__tests__\\DeleteUserModal.test.tsx","startTime":1752862156202,"status":"passed","summary":""},{"assertionResults":[],"coverage":{},"endTime":1752862172163,"message":"  \u001b[1m● \u001b[22mTest suite failed to run\n\n    \u001b[1m\u001b[31mJest encountered an unexpected token\u001b[39m\u001b[22m\n\n    Jest failed to parse a file. This happens e.g. when your code or its dependencies use non-standard JavaScript syntax, or when Jest is not configured to support such syntax.\n\n    Out of the box Jest supports Babel, which will be used to transform your files into valid JS based on your Babel configuration.\n\n    By default \"node_modules\" folder is ignored by transformers.\n\n    Here's what you can do:\n     • If you are trying to use ECMAScript Modules, see \u001b[4mhttps://jestjs.io/docs/ecmascript-modules\u001b[24m for how to enable it.\n     • If you are trying to use TypeScript, see \u001b[4mhttps://jestjs.io/docs/getting-started#using-typescript\u001b[24m\n     • To have some of your \"node_modules\" files transformed, you can specify a custom \u001b[1m\"transformIgnorePatterns\"\u001b[22m in your config.\n     • If you need a custom transformation specify a \u001b[1m\"transform\"\u001b[22m option in your config.\n     • If you simply want to mock your non-JS modules (e.g. binary assets) you can stub them out with the \u001b[1m\"moduleNameMapper\"\u001b[22m config option.\n\n    You'll find more details and examples of these config options in the docs:\n    \u001b[36mhttps://jestjs.io/docs/configuration\u001b[39m\n    For information about custom transformations, see:\n    \u001b[36mhttps://jestjs.io/docs/code-transformation\u001b[39m\n\n    \u001b[1m\u001b[31mDetails:\u001b[39m\u001b[22m\n\n    SyntaxError: C:\\localDev\\UMD-Hack4Impact\\food-for-all-dc\\my-app\\src\\routesConfig.tsx: Unexpected token (35:2)\n\n    \u001b[0m \u001b[90m 33 |\u001b[39m     \u001b[36mpublic\u001b[39m\u001b[33m:\u001b[39m \u001b[36mtrue\u001b[39m\u001b[33m,\u001b[39m\n     \u001b[90m 34 |\u001b[39m     meta\u001b[33m:\u001b[39m { title\u001b[33m:\u001b[39m \u001b[32m\"Login\"\u001b[39m\u001b[33m,\u001b[39m description\u001b[33m:\u001b[39m \u001b[32m\"User login page\"\u001b[39m\u001b[33m,\u001b[39m icon\u001b[33m:\u001b[39m \u001b[32m\"login\"\u001b[39m }\u001b[33m,\u001b[39m\n    \u001b[31m\u001b[1m>\u001b[22m\u001b[39m\u001b[90m 35 |\u001b[39m   {\n     \u001b[90m    |\u001b[39m   \u001b[31m\u001b[1m^\u001b[22m\u001b[39m\n     \u001b[90m 36 |\u001b[39m     path\u001b[33m:\u001b[39m \u001b[32m\"/\"\u001b[39m\u001b[33m,\u001b[39m\n     \u001b[90m 37 |\u001b[39m     element\u001b[33m:\u001b[39m \u001b[33m<\u001b[39m\u001b[33mBasePage\u001b[39m \u001b[33m/\u001b[39m\u001b[33m>\u001b[39m\u001b[33m,\u001b[39m\n     \u001b[90m 38 |\u001b[39m     children\u001b[33m:\u001b[39m [\u001b[0m\n\n      \u001b[2mat toParseError (\u001b[22mnode_modules/@babel/parser/src/parse-error.ts\u001b[2m:95:45)\u001b[22m\n      \u001b[2mat TypeScriptParserMixin.raise (\u001b[22mnode_modules/@babel/parser/src/tokenizer/index.ts\u001b[2m:1503:19)\u001b[22m\n      \u001b[2mat TypeScriptParserMixin.unexpected (\u001b[22mnode_modules/@babel/parser/src/tokenizer/index.ts\u001b[2m:1543:16)\u001b[22m\n      \u001b[2mat TypeScriptParserMixin.parsePropertyName (\u001b[22mnode_modules/@babel/parser/src/parser/expression.ts\u001b[2m:2441:18)\u001b[22m\n      \u001b[2mat TypeScriptParserMixin.parsePropertyDefinition (\u001b[22mnode_modules/@babel/parser/src/parser/expression.ts\u001b[2m:2188:10)\u001b[22m\n      \u001b[2mat TypeScriptParserMixin.parseObjectLike (\u001b[22mnode_modules/@babel/parser/src/parser/expression.ts\u001b[2m:2085:21)\u001b[22m\n      \u001b[2mat TypeScriptParserMixin.parseExprAtom (\u001b[22mnode_modules/@babel/parser/src/parser/expression.ts\u001b[2m:1174:21)\u001b[22m\n      \u001b[2mat TypeScriptParserMixin.parseExprAtom (\u001b[22mnode_modules/@babel/parser/src/plugins/jsx/index.ts\u001b[2m:583:22)\u001b[22m\n      \u001b[2mat TypeScriptParserMixin.parseExprSubscripts (\u001b[22mnode_modules/@babel/parser/src/parser/expression.ts\u001b[2m:734:23)\u001b[22m\n      \u001b[2mat TypeScriptParserMixin.parseUpdate (\u001b[22mnode_modules/@babel/parser/src/parser/expression.ts\u001b[2m:713:21)\u001b[22m\n      \u001b[2mat TypeScriptParserMixin.parseMaybeUnary (\u001b[22mnode_modules/@babel/parser/src/parser/expression.ts\u001b[2m:675:23)\u001b[22m\n      \u001b[2mat TypeScriptParserMixin.parseMaybeUnary (\u001b[22mnode_modules/@babel/parser/src/plugins/typescript/index.ts\u001b[2m:3853:20)\u001b[22m\n      \u001b[2mat TypeScriptParserMixin.parseMaybeUnaryOrPrivate (\u001b[22mnode_modules/@babel/parser/src/parser/expression.ts\u001b[2m:409:14)\u001b[22m\n      \u001b[2mat TypeScriptParserMixin.parseExprOps (\u001b[22mnode_modules/@babel/parser/src/parser/expression.ts\u001b[2m:421:23)\u001b[22m\n      \u001b[2mat TypeScriptParserMixin.parseMaybeConditional (\u001b[22mnode_modules/@babel/parser/src/parser/expression.ts\u001b[2m:376:23)\u001b[22m\n      \u001b[2mat TypeScriptParserMixin.parseMaybeAssign (\u001b[22mnode_modules/@babel/parser/src/parser/expression.ts\u001b[2m:301:21)\u001b[22m\n      \u001b[2mat TypeScriptParserMixin.parseMaybeAssign (\u001b[22mnode_modules/@babel/parser/src/plugins/typescript/index.ts\u001b[2m:3725:22)\u001b[22m\n      \u001b[2mat callback (\u001b[22mnode_modules/@babel/parser/src/parser/expression.ts\u001b[2m:257:12)\u001b[22m\n      \u001b[2mat TypeScriptParserMixin.allowInAnd (\u001b[22mnode_modules/@babel/parser/src/parser/expression.ts\u001b[2m:3192:12)\u001b[22m\n      \u001b[2mat TypeScriptParserMixin.parseMaybeAssignAllowIn (\u001b[22mnode_modules/@babel/parser/src/parser/expression.ts\u001b[2m:256:17)\u001b[22m\n      \u001b[2mat TypeScriptParserMixin.parseMaybeAssignAllowInOrVoidPattern (\u001b[22mnode_modules/@babel/parser/src/parser/expression.ts\u001b[2m:3306:17)\u001b[22m\n      \u001b[2mat TypeScriptParserMixin.parseExprListItem (\u001b[22mnode_modules/@babel/parser/src/parser/expression.ts\u001b[2m:2788:18)\u001b[22m\n      \u001b[2mat TypeScriptParserMixin.parseExprList (\u001b[22mnode_modules/@babel/parser/src/parser/expression.ts\u001b[2m:2732:22)\u001b[22m\n      \u001b[2mat TypeScriptParserMixin.parseArrayLike (\u001b[22mnode_modules/@babel/parser/src/parser/expression.ts\u001b[2m:2506:26)\u001b[22m\n      \u001b[2mat TypeScriptParserMixin.parseArrayLike (\u001b[22mnode_modules/@babel/parser/src/plugins/typescript/index.ts\u001b[2m:2685:26)\u001b[22m\n      \u001b[2mat TypeScriptParserMixin.parseExprAtom (\u001b[22mnode_modules/@babel/parser/src/parser/expression.ts\u001b[2m:1166:21)\u001b[22m\n      \u001b[2mat TypeScriptParserMixin.parseExprAtom (\u001b[22mnode_modules/@babel/parser/src/plugins/jsx/index.ts\u001b[2m:583:22)\u001b[22m\n      \u001b[2mat TypeScriptParserMixin.parseExprSubscripts (\u001b[22mnode_modules/@babel/parser/src/parser/expression.ts\u001b[2m:734:23)\u001b[22m\n      \u001b[2mat TypeScriptParserMixin.parseUpdate (\u001b[22mnode_modules/@babel/parser/src/parser/expression.ts\u001b[2m:713:21)\u001b[22m\n      \u001b[2mat TypeScriptParserMixin.parseMaybeUnary (\u001b[22mnode_modules/@babel/parser/src/parser/expression.ts\u001b[2m:675:23)\u001b[22m\n      \u001b[2mat TypeScriptParserMixin.parseMaybeUnary (\u001b[22mnode_modules/@babel/parser/src/plugins/typescript/index.ts\u001b[2m:3853:20)\u001b[22m\n      \u001b[2mat TypeScriptParserMixin.parseMaybeUnaryOrPrivate (\u001b[22mnode_modules/@babel/parser/src/parser/expression.ts\u001b[2m:409:14)\u001b[22m\n      \u001b[2mat TypeScriptParserMixin.parseExprOps (\u001b[22mnode_modules/@babel/parser/src/parser/expression.ts\u001b[2m:421:23)\u001b[22m\n      \u001b[2mat TypeScriptParserMixin.parseMaybeConditional (\u001b[22mnode_modules/@babel/parser/src/parser/expression.ts\u001b[2m:376:23)\u001b[22m\n      \u001b[2mat TypeScriptParserMixin.parseMaybeAssign (\u001b[22mnode_modules/@babel/parser/src/parser/expression.ts\u001b[2m:301:21)\u001b[22m\n      \u001b[2mat TypeScriptParserMixin.parseMaybeAssign (\u001b[22mnode_modules/@babel/parser/src/plugins/typescript/index.ts\u001b[2m:3725:22)\u001b[22m\n      \u001b[2mat callback (\u001b[22mnode_modules/@babel/parser/src/parser/expression.ts\u001b[2m:257:12)\u001b[22m\n      \u001b[2mat TypeScriptParserMixin.allowInAnd (\u001b[22mnode_modules/@babel/parser/src/parser/expression.ts\u001b[2m:3187:16)\u001b[22m\n      \u001b[2mat TypeScriptParserMixin.parseMaybeAssignAllowIn (\u001b[22mnode_modules/@babel/parser/src/parser/expression.ts\u001b[2m:256:17)\u001b[22m\n      \u001b[2mat TypeScriptParserMixin.parseVar (\u001b[22mnode_modules/@babel/parser/src/parser/statement.ts\u001b[2m:1582:18)\u001b[22m\n      \u001b[2mat TypeScriptParserMixin.parseVarStatement (\u001b[22mnode_modules/@babel/parser/src/parser/statement.ts\u001b[2m:1246:10)\u001b[22m\n      \u001b[2mat TypeScriptParserMixin.parseVarStatement (\u001b[22mnode_modules/@babel/parser/src/plugins/typescript/index.ts\u001b[2m:3124:33)\u001b[22m\n      \u001b[2mat TypeScriptParserMixin.parseStatementContent (\u001b[22mnode_modules/@babel/parser/src/parser/statement.ts\u001b[2m:607:21)\u001b[22m\n      \u001b[2mat TypeScriptParserMixin.parseStatementContent (\u001b[22mnode_modules/@babel/parser/src/plugins/typescript/index.ts\u001b[2m:3183:20)\u001b[22m\n      \u001b[2mat TypeScriptParserMixin.parseStatementLike (\u001b[22mnode_modules/@babel/parser/src/parser/statement.ts\u001b[2m:477:17)\u001b[22m\n      \u001b[2mat TypeScriptParserMixin.parseStatementListItem (\u001b[22mnode_modules/@babel/parser/src/parser/statement.ts\u001b[2m:426:17)\u001b[22m\n      \u001b[2mat TypeScriptParserMixin.parseExportDeclaration (\u001b[22mnode_modules/@babel/parser/src/parser/statement.ts\u001b[2m:2630:17)\u001b[22m\n      \u001b[2mat TypeScriptParserMixin.parseExportDeclaration (\u001b[22mnode_modules/@babel/parser/src/plugins/typescript/index.ts\u001b[2m:3428:15)\u001b[22m\n      \u001b[2mat TypeScriptParserMixin.maybeParseExportDeclaration (\u001b[22mnode_modules/@babel/parser/src/parser/statement.ts\u001b[2m:2546:31)\u001b[22m\n      \u001b[2mat TypeScriptParserMixin.parseExport (\u001b[22mnode_modules/@babel/parser/src/parser/statement.ts\u001b[2m:2427:29)\u001b[22m\n","name":"C:\\localDev\\UMD-Hack4Impact\\food-for-all-dc\\my-app\\src\\__tests__\\loading-state.test.tsx","startTime":1752862172163,"status":"failed","summary":""},{"assertionResults":[],"coverage":{},"endTime":1752862172163,"message":"  \u001b[1m● \u001b[22mTest suite failed to run\n\n    \u001b[1m\u001b[31mJest encountered an unexpected token\u001b[39m\u001b[22m\n\n    Jest failed to parse a file. This happens e.g. when your code or its dependencies use non-standard JavaScript syntax, or when Jest is not configured to support such syntax.\n\n    Out of the box Jest supports Babel, which will be used to transform your files into valid JS based on your Babel configuration.\n\n    By default \"node_modules\" folder is ignored by transformers.\n\n    Here's what you can do:\n     • If you are trying to use ECMAScript Modules, see \u001b[4mhttps://jestjs.io/docs/ecmascript-modules\u001b[24m for how to enable it.\n     • If you are trying to use TypeScript, see \u001b[4mhttps://jestjs.io/docs/getting-started#using-typescript\u001b[24m\n     • To have some of your \"node_modules\" files transformed, you can specify a custom \u001b[1m\"transformIgnorePatterns\"\u001b[22m in your config.\n     • If you need a custom transformation specify a \u001b[1m\"transform\"\u001b[22m option in your config.\n     • If you simply want to mock your non-JS modules (e.g. binary assets) you can stub them out with the \u001b[1m\"moduleNameMapper\"\u001b[22m config option.\n\n    You'll find more details and examples of these config options in the docs:\n    \u001b[36mhttps://jestjs.io/docs/configuration\u001b[39m\n    For information about custom transformations, see:\n    \u001b[36mhttps://jestjs.io/docs/code-transformation\u001b[39m\n\n    \u001b[1m\u001b[31mDetails:\u001b[39m\u001b[22m\n\n    SyntaxError: C:\\localDev\\UMD-Hack4Impact\\food-for-all-dc\\my-app\\src\\routesConfig.tsx: Unexpected token (35:2)\n\n    \u001b[0m \u001b[90m 33 |\u001b[39m     \u001b[36mpublic\u001b[39m\u001b[33m:\u001b[39m \u001b[36mtrue\u001b[39m\u001b[33m,\u001b[39m\n     \u001b[90m 34 |\u001b[39m     meta\u001b[33m:\u001b[39m { title\u001b[33m:\u001b[39m \u001b[32m\"Login\"\u001b[39m\u001b[33m,\u001b[39m description\u001b[33m:\u001b[39m \u001b[32m\"User login page\"\u001b[39m\u001b[33m,\u001b[39m icon\u001b[33m:\u001b[39m \u001b[32m\"login\"\u001b[39m }\u001b[33m,\u001b[39m\n    \u001b[31m\u001b[1m>\u001b[22m\u001b[39m\u001b[90m 35 |\u001b[39m   {\n     \u001b[90m    |\u001b[39m   \u001b[31m\u001b[1m^\u001b[22m\u001b[39m\n     \u001b[90m 36 |\u001b[39m     path\u001b[33m:\u001b[39m \u001b[32m\"/\"\u001b[39m\u001b[33m,\u001b[39m\n     \u001b[90m 37 |\u001b[39m     element\u001b[33m:\u001b[39m \u001b[33m<\u001b[39m\u001b[33mBasePage\u001b[39m \u001b[33m/\u001b[39m\u001b[33m>\u001b[39m\u001b[33m,\u001b[39m\n     \u001b[90m 38 |\u001b[39m     children\u001b[33m:\u001b[39m [\u001b[0m\n\n      \u001b[2mat toParseError (\u001b[22mnode_modules/@babel/parser/src/parse-error.ts\u001b[2m:95:45)\u001b[22m\n      \u001b[2mat TypeScriptParserMixin.raise (\u001b[22mnode_modules/@babel/parser/src/tokenizer/index.ts\u001b[2m:1503:19)\u001b[22m\n      \u001b[2mat TypeScriptParserMixin.unexpected (\u001b[22mnode_modules/@babel/parser/src/tokenizer/index.ts\u001b[2m:1543:16)\u001b[22m\n      \u001b[2mat TypeScriptParserMixin.parsePropertyName (\u001b[22mnode_modules/@babel/parser/src/parser/expression.ts\u001b[2m:2441:18)\u001b[22m\n      \u001b[2mat TypeScriptParserMixin.parsePropertyDefinition (\u001b[22mnode_modules/@babel/parser/src/parser/expression.ts\u001b[2m:2188:10)\u001b[22m\n      \u001b[2mat TypeScriptParserMixin.parseObjectLike (\u001b[22mnode_modules/@babel/parser/src/parser/expression.ts\u001b[2m:2085:21)\u001b[22m\n      \u001b[2mat TypeScriptParserMixin.parseExprAtom (\u001b[22mnode_modules/@babel/parser/src/parser/expression.ts\u001b[2m:1174:21)\u001b[22m\n      \u001b[2mat TypeScriptParserMixin.parseExprAtom (\u001b[22mnode_modules/@babel/parser/src/plugins/jsx/index.ts\u001b[2m:583:22)\u001b[22m\n      \u001b[2mat TypeScriptParserMixin.parseExprSubscripts (\u001b[22mnode_modules/@babel/parser/src/parser/expression.ts\u001b[2m:734:23)\u001b[22m\n      \u001b[2mat TypeScriptParserMixin.parseUpdate (\u001b[22mnode_modules/@babel/parser/src/parser/expression.ts\u001b[2m:713:21)\u001b[22m\n      \u001b[2mat TypeScriptParserMixin.parseMaybeUnary (\u001b[22mnode_modules/@babel/parser/src/parser/expression.ts\u001b[2m:675:23)\u001b[22m\n      \u001b[2mat TypeScriptParserMixin.parseMaybeUnary (\u001b[22mnode_modules/@babel/parser/src/plugins/typescript/index.ts\u001b[2m:3853:20)\u001b[22m\n      \u001b[2mat TypeScriptParserMixin.parseMaybeUnaryOrPrivate (\u001b[22mnode_modules/@babel/parser/src/parser/expression.ts\u001b[2m:409:14)\u001b[22m\n      \u001b[2mat TypeScriptParserMixin.parseExprOps (\u001b[22mnode_modules/@babel/parser/src/parser/expression.ts\u001b[2m:421:23)\u001b[22m\n      \u001b[2mat TypeScriptParserMixin.parseMaybeConditional (\u001b[22mnode_modules/@babel/parser/src/parser/expression.ts\u001b[2m:376:23)\u001b[22m\n      \u001b[2mat TypeScriptParserMixin.parseMaybeAssign (\u001b[22mnode_modules/@babel/parser/src/parser/expression.ts\u001b[2m:301:21)\u001b[22m\n      \u001b[2mat TypeScriptParserMixin.parseMaybeAssign (\u001b[22mnode_modules/@babel/parser/src/plugins/typescript/index.ts\u001b[2m:3725:22)\u001b[22m\n      \u001b[2mat callback (\u001b[22mnode_modules/@babel/parser/src/parser/expression.ts\u001b[2m:257:12)\u001b[22m\n      \u001b[2mat TypeScriptParserMixin.allowInAnd (\u001b[22mnode_modules/@babel/parser/src/parser/expression.ts\u001b[2m:3192:12)\u001b[22m\n      \u001b[2mat TypeScriptParserMixin.parseMaybeAssignAllowIn (\u001b[22mnode_modules/@babel/parser/src/parser/expression.ts\u001b[2m:256:17)\u001b[22m\n      \u001b[2mat TypeScriptParserMixin.parseMaybeAssignAllowInOrVoidPattern (\u001b[22mnode_modules/@babel/parser/src/parser/expression.ts\u001b[2m:3306:17)\u001b[22m\n      \u001b[2mat TypeScriptParserMixin.parseExprListItem (\u001b[22mnode_modules/@babel/parser/src/parser/expression.ts\u001b[2m:2788:18)\u001b[22m\n      \u001b[2mat TypeScriptParserMixin.parseExprList (\u001b[22mnode_modules/@babel/parser/src/parser/expression.ts\u001b[2m:2732:22)\u001b[22m\n      \u001b[2mat TypeScriptParserMixin.parseArrayLike (\u001b[22mnode_modules/@babel/parser/src/parser/expression.ts\u001b[2m:2506:26)\u001b[22m\n      \u001b[2mat TypeScriptParserMixin.parseArrayLike (\u001b[22mnode_modules/@babel/parser/src/plugins/typescript/index.ts\u001b[2m:2685:26)\u001b[22m\n      \u001b[2mat TypeScriptParserMixin.parseExprAtom (\u001b[22mnode_modules/@babel/parser/src/parser/expression.ts\u001b[2m:1166:21)\u001b[22m\n      \u001b[2mat TypeScriptParserMixin.parseExprAtom (\u001b[22mnode_modules/@babel/parser/src/plugins/jsx/index.ts\u001b[2m:583:22)\u001b[22m\n      \u001b[2mat TypeScriptParserMixin.parseExprSubscripts (\u001b[22mnode_modules/@babel/parser/src/parser/expression.ts\u001b[2m:734:23)\u001b[22m\n      \u001b[2mat TypeScriptParserMixin.parseUpdate (\u001b[22mnode_modules/@babel/parser/src/parser/expression.ts\u001b[2m:713:21)\u001b[22m\n      \u001b[2mat TypeScriptParserMixin.parseMaybeUnary (\u001b[22mnode_modules/@babel/parser/src/parser/expression.ts\u001b[2m:675:23)\u001b[22m\n      \u001b[2mat TypeScriptParserMixin.parseMaybeUnary (\u001b[22mnode_modules/@babel/parser/src/plugins/typescript/index.ts\u001b[2m:3853:20)\u001b[22m\n      \u001b[2mat TypeScriptParserMixin.parseMaybeUnaryOrPrivate (\u001b[22mnode_modules/@babel/parser/src/parser/expression.ts\u001b[2m:409:14)\u001b[22m\n      \u001b[2mat TypeScriptParserMixin.parseExprOps (\u001b[22mnode_modules/@babel/parser/src/parser/expression.ts\u001b[2m:421:23)\u001b[22m\n      \u001b[2mat TypeScriptParserMixin.parseMaybeConditional (\u001b[22mnode_modules/@babel/parser/src/parser/expression.ts\u001b[2m:376:23)\u001b[22m\n      \u001b[2mat TypeScriptParserMixin.parseMaybeAssign (\u001b[22mnode_modules/@babel/parser/src/parser/expression.ts\u001b[2m:301:21)\u001b[22m\n      \u001b[2mat TypeScriptParserMixin.parseMaybeAssign (\u001b[22mnode_modules/@babel/parser/src/plugins/typescript/index.ts\u001b[2m:3725:22)\u001b[22m\n      \u001b[2mat callback (\u001b[22mnode_modules/@babel/parser/src/parser/expression.ts\u001b[2m:257:12)\u001b[22m\n      \u001b[2mat TypeScriptParserMixin.allowInAnd (\u001b[22mnode_modules/@babel/parser/src/parser/expression.ts\u001b[2m:3187:16)\u001b[22m\n      \u001b[2mat TypeScriptParserMixin.parseMaybeAssignAllowIn (\u001b[22mnode_modules/@babel/parser/src/parser/expression.ts\u001b[2m:256:17)\u001b[22m\n      \u001b[2mat TypeScriptParserMixin.parseVar (\u001b[22mnode_modules/@babel/parser/src/parser/statement.ts\u001b[2m:1582:18)\u001b[22m\n      \u001b[2mat TypeScriptParserMixin.parseVarStatement (\u001b[22mnode_modules/@babel/parser/src/parser/statement.ts\u001b[2m:1246:10)\u001b[22m\n      \u001b[2mat TypeScriptParserMixin.parseVarStatement (\u001b[22mnode_modules/@babel/parser/src/plugins/typescript/index.ts\u001b[2m:3124:33)\u001b[22m\n      \u001b[2mat TypeScriptParserMixin.parseStatementContent (\u001b[22mnode_modules/@babel/parser/src/parser/statement.ts\u001b[2m:607:21)\u001b[22m\n      \u001b[2mat TypeScriptParserMixin.parseStatementContent (\u001b[22mnode_modules/@babel/parser/src/plugins/typescript/index.ts\u001b[2m:3183:20)\u001b[22m\n      \u001b[2mat TypeScriptParserMixin.parseStatementLike (\u001b[22mnode_modules/@babel/parser/src/parser/statement.ts\u001b[2m:477:17)\u001b[22m\n      \u001b[2mat TypeScriptParserMixin.parseStatementListItem (\u001b[22mnode_modules/@babel/parser/src/parser/statement.ts\u001b[2m:426:17)\u001b[22m\n      \u001b[2mat TypeScriptParserMixin.parseExportDeclaration (\u001b[22mnode_modules/@babel/parser/src/parser/statement.ts\u001b[2m:2630:17)\u001b[22m\n      \u001b[2mat TypeScriptParserMixin.parseExportDeclaration (\u001b[22mnode_modules/@babel/parser/src/plugins/typescript/index.ts\u001b[2m:3428:15)\u001b[22m\n      \u001b[2mat TypeScriptParserMixin.maybeParseExportDeclaration (\u001b[22mnode_modules/@babel/parser/src/parser/statement.ts\u001b[2m:2546:31)\u001b[22m\n      \u001b[2mat TypeScriptParserMixin.parseExport (\u001b[22mnode_modules/@babel/parser/src/parser/statement.ts\u001b[2m:2427:29)\u001b[22m\n","name":"C:\\localDev\\UMD-Hack4Impact\\food-for-all-dc\\my-app\\src\\__tests__\\error-page.test.tsx","startTime":1752862172163,"status":"failed","summary":""},{"assertionResults":[],"coverage":{},"endTime":1752862172163,"message":"  \u001b[1m● \u001b[22mTest suite failed to run\n\n    TypeError: Cannot read properties of undefined (reading 'getProvider')\n\n    \u001b[0m \u001b[90m 28 |\u001b[39m   \u001b[36mprivate\u001b[39m \u001b[36mstatic\u001b[39m instance\u001b[33m:\u001b[39m \u001b[33mAuthUserService\u001b[39m\u001b[33m;\u001b[39m\n     \u001b[90m 29 |\u001b[39m   \u001b[36mprivate\u001b[39m collectionRef \u001b[33m=\u001b[39m collection(db\u001b[33m,\u001b[39m \u001b[32m\"users\"\u001b[39m)\u001b[33m;\u001b[39m\n    \u001b[31m\u001b[1m>\u001b[22m\u001b[39m\u001b[90m 30 |\u001b[39m   \u001b[36mprivate\u001b[39m auth \u001b[33m=\u001b[39m getAuth(app)\u001b[33m;\u001b[39m \u001b[90m// Get Firebase Auth instance\u001b[39m\n     \u001b[90m    |\u001b[39m                         \u001b[31m\u001b[1m^\u001b[22m\u001b[39m\n     \u001b[90m 31 |\u001b[39m\n     \u001b[90m 32 |\u001b[39m   \u001b[90m// Private constructor for singleton pattern\u001b[39m\n     \u001b[90m 33 |\u001b[39m   \u001b[90m// eslint-disable-next-line @typescript-eslint/no-empty-function -- Intentional for singleton\u001b[39m\u001b[0m\n\n      \u001b[2mat Object._getProvider (\u001b[22mnode_modules/firebase/node_modules/@firebase/app/src/internal.ts\u001b[2m:124:6)\u001b[22m\n      \u001b[2mat getAuth (\u001b[22mnode_modules/firebase/node_modules/@firebase/auth/src/platform_node/index.ts\u001b[2m:48:20)\u001b[22m\n      \u001b[2mat new AuthUserService (\u001b[22msrc/services/AuthUserService.ts\u001b[2m:30:25)\u001b[22m\n      \u001b[2mat Function.getInstance (\u001b[22msrc/services/AuthUserService.ts\u001b[2m:39:34)\u001b[22m\n      \u001b[2mat Object.<anonymous> (\u001b[22msrc/services/AuthUserService.ts\u001b[2m:181:48)\u001b[22m\n      \u001b[2mat Object.<anonymous> (\u001b[22msrc/components/UsersSpreadsheet/UsersSpreadsheet.tsx\u001b[2m:59:1)\u001b[22m\n      \u001b[2mat Object.<anonymous> (\u001b[22m\u001b[0m\u001b[36msrc/components/UsersSpreadsheet/__tests__/UsersSpreadsheet.minimal.test.tsx\u001b[39m\u001b[0m\u001b[2m:3:1)\u001b[22m\n","name":"C:\\localDev\\UMD-Hack4Impact\\food-for-all-dc\\my-app\\src\\components\\UsersSpreadsheet\\__tests__\\UsersSpreadsheet.minimal.test.tsx","startTime":1752862172163,"status":"failed","summary":""},{"assertionResults":[],"coverage":{},"endTime":1752862172163,"message":"  \u001b[1m● \u001b[22mTest suite failed to run\n\n    TypeError: Cannot read properties of undefined (reading 'getProvider')\n\n    \u001b[0m \u001b[90m 28 |\u001b[39m   \u001b[36mprivate\u001b[39m \u001b[36mstatic\u001b[39m instance\u001b[33m:\u001b[39m \u001b[33mAuthUserService\u001b[39m\u001b[33m;\u001b[39m\n     \u001b[90m 29 |\u001b[39m   \u001b[36mprivate\u001b[39m collectionRef \u001b[33m=\u001b[39m collection(db\u001b[33m,\u001b[39m \u001b[32m\"users\"\u001b[39m)\u001b[33m;\u001b[39m\n    \u001b[31m\u001b[1m>\u001b[22m\u001b[39m\u001b[90m 30 |\u001b[39m   \u001b[36mprivate\u001b[39m auth \u001b[33m=\u001b[39m getAuth(app)\u001b[33m;\u001b[39m \u001b[90m// Get Firebase Auth instance\u001b[39m\n     \u001b[90m    |\u001b[39m                         \u001b[31m\u001b[1m^\u001b[22m\u001b[39m\n     \u001b[90m 31 |\u001b[39m\n     \u001b[90m 32 |\u001b[39m   \u001b[90m// Private constructor for singleton pattern\u001b[39m\n     \u001b[90m 33 |\u001b[39m   \u001b[90m// eslint-disable-next-line @typescript-eslint/no-empty-function -- Intentional for singleton\u001b[39m\u001b[0m\n\n      \u001b[2mat Object._getProvider (\u001b[22mnode_modules/firebase/node_modules/@firebase/app/src/internal.ts\u001b[2m:124:6)\u001b[22m\n      \u001b[2mat getAuth (\u001b[22mnode_modules/firebase/node_modules/@firebase/auth/src/platform_node/index.ts\u001b[2m:48:20)\u001b[22m\n      \u001b[2mat new AuthUserService (\u001b[22msrc/services/AuthUserService.ts\u001b[2m:30:25)\u001b[22m\n      \u001b[2mat Function.getInstance (\u001b[22msrc/services/AuthUserService.ts\u001b[2m:39:34)\u001b[22m\n      \u001b[2mat Object.<anonymous> (\u001b[22msrc/services/AuthUserService.ts\u001b[2m:181:48)\u001b[22m\n      \u001b[2mat Object.<anonymous> (\u001b[22msrc/components/UsersSpreadsheet/CreateUserModal.tsx\u001b[2m:24:1)\u001b[22m\n      \u001b[2mat Object.<anonymous> (\u001b[22m\u001b[0m\u001b[36msrc/components/UsersSpreadsheet/__tests__/CreateUserModal.test.tsx\u001b[39m\u001b[0m\u001b[2m:3:1)\u001b[22m\n","name":"C:\\localDev\\UMD-Hack4Impact\\food-for-all-dc\\my-app\\src\\components\\UsersSpreadsheet\\__tests__\\CreateUserModal.test.tsx","startTime":1752862172163,"status":"failed","summary":""},{"assertionResults":[],"coverage":{},"endTime":1752862172163,"message":"  \u001b[1m● \u001b[22mTest suite failed to run\n\n    \u001b[1m\u001b[31mJest encountered an unexpected token\u001b[39m\u001b[22m\n\n    Jest failed to parse a file. This happens e.g. when your code or its dependencies use non-standard JavaScript syntax, or when Jest is not configured to support such syntax.\n\n    Out of the box Jest supports Babel, which will be used to transform your files into valid JS based on your Babel configuration.\n\n    By default \"node_modules\" folder is ignored by transformers.\n\n    Here's what you can do:\n     • If you are trying to use ECMAScript Modules, see \u001b[4mhttps://jestjs.io/docs/ecmascript-modules\u001b[24m for how to enable it.\n     • If you are trying to use TypeScript, see \u001b[4mhttps://jestjs.io/docs/getting-started#using-typescript\u001b[24m\n     • To have some of your \"node_modules\" files transformed, you can specify a custom \u001b[1m\"transformIgnorePatterns\"\u001b[22m in your config.\n     • If you need a custom transformation specify a \u001b[1m\"transform\"\u001b[22m option in your config.\n     • If you simply want to mock your non-JS modules (e.g. binary assets) you can stub them out with the \u001b[1m\"moduleNameMapper\"\u001b[22m config option.\n\n    You'll find more details and examples of these config options in the docs:\n    \u001b[36mhttps://jestjs.io/docs/configuration\u001b[39m\n    For information about custom transformations, see:\n    \u001b[36mhttps://jestjs.io/docs/code-transformation\u001b[39m\n\n    \u001b[1m\u001b[31mDetails:\u001b[39m\u001b[22m\n\n    SyntaxError: C:\\localDev\\UMD-Hack4Impact\\food-for-all-dc\\my-app\\src\\routesConfig.tsx: Unexpected token (35:2)\n\n    \u001b[0m \u001b[90m 33 |\u001b[39m     \u001b[36mpublic\u001b[39m\u001b[33m:\u001b[39m \u001b[36mtrue\u001b[39m\u001b[33m,\u001b[39m\n     \u001b[90m 34 |\u001b[39m     meta\u001b[33m:\u001b[39m { title\u001b[33m:\u001b[39m \u001b[32m\"Login\"\u001b[39m\u001b[33m,\u001b[39m description\u001b[33m:\u001b[39m \u001b[32m\"User login page\"\u001b[39m\u001b[33m,\u001b[39m icon\u001b[33m:\u001b[39m \u001b[32m\"login\"\u001b[39m }\u001b[33m,\u001b[39m\n    \u001b[31m\u001b[1m>\u001b[22m\u001b[39m\u001b[90m 35 |\u001b[39m   {\n     \u001b[90m    |\u001b[39m   \u001b[31m\u001b[1m^\u001b[22m\u001b[39m\n     \u001b[90m 36 |\u001b[39m     path\u001b[33m:\u001b[39m \u001b[32m\"/\"\u001b[39m\u001b[33m,\u001b[39m\n     \u001b[90m 37 |\u001b[39m     element\u001b[33m:\u001b[39m \u001b[33m<\u001b[39m\u001b[33mBasePage\u001b[39m \u001b[33m/\u001b[39m\u001b[33m>\u001b[39m\u001b[33m,\u001b[39m\n     \u001b[90m 38 |\u001b[39m     children\u001b[33m:\u001b[39m [\u001b[0m\n\n      \u001b[2mat toParseError (\u001b[22mnode_modules/@babel/parser/src/parse-error.ts\u001b[2m:95:45)\u001b[22m\n      \u001b[2mat TypeScriptParserMixin.raise (\u001b[22mnode_modules/@babel/parser/src/tokenizer/index.ts\u001b[2m:1503:19)\u001b[22m\n      \u001b[2mat TypeScriptParserMixin.unexpected (\u001b[22mnode_modules/@babel/parser/src/tokenizer/index.ts\u001b[2m:1543:16)\u001b[22m\n      \u001b[2mat TypeScriptParserMixin.parsePropertyName (\u001b[22mnode_modules/@babel/parser/src/parser/expression.ts\u001b[2m:2441:18)\u001b[22m\n      \u001b[2mat TypeScriptParserMixin.parsePropertyDefinition (\u001b[22mnode_modules/@babel/parser/src/parser/expression.ts\u001b[2m:2188:10)\u001b[22m\n      \u001b[2mat TypeScriptParserMixin.parseObjectLike (\u001b[22mnode_modules/@babel/parser/src/parser/expression.ts\u001b[2m:2085:21)\u001b[22m\n      \u001b[2mat TypeScriptParserMixin.parseExprAtom (\u001b[22mnode_modules/@babel/parser/src/parser/expression.ts\u001b[2m:1174:21)\u001b[22m\n      \u001b[2mat TypeScriptParserMixin.parseExprAtom (\u001b[22mnode_modules/@babel/parser/src/plugins/jsx/index.ts\u001b[2m:583:22)\u001b[22m\n      \u001b[2mat TypeScriptParserMixin.parseExprSubscripts (\u001b[22mnode_modules/@babel/parser/src/parser/expression.ts\u001b[2m:734:23)\u001b[22m\n      \u001b[2mat TypeScriptParserMixin.parseUpdate (\u001b[22mnode_modules/@babel/parser/src/parser/expression.ts\u001b[2m:713:21)\u001b[22m\n      \u001b[2mat TypeScriptParserMixin.parseMaybeUnary (\u001b[22mnode_modules/@babel/parser/src/parser/expression.ts\u001b[2m:675:23)\u001b[22m\n      \u001b[2mat TypeScriptParserMixin.parseMaybeUnary (\u001b[22mnode_modules/@babel/parser/src/plugins/typescript/index.ts\u001b[2m:3853:20)\u001b[22m\n      \u001b[2mat TypeScriptParserMixin.parseMaybeUnaryOrPrivate (\u001b[22mnode_modules/@babel/parser/src/parser/expression.ts\u001b[2m:409:14)\u001b[22m\n      \u001b[2mat TypeScriptParserMixin.parseExprOps (\u001b[22mnode_modules/@babel/parser/src/parser/expression.ts\u001b[2m:421:23)\u001b[22m\n      \u001b[2mat TypeScriptParserMixin.parseMaybeConditional (\u001b[22mnode_modules/@babel/parser/src/parser/expression.ts\u001b[2m:376:23)\u001b[22m\n      \u001b[2mat TypeScriptParserMixin.parseMaybeAssign (\u001b[22mnode_modules/@babel/parser/src/parser/expression.ts\u001b[2m:301:21)\u001b[22m\n      \u001b[2mat TypeScriptParserMixin.parseMaybeAssign (\u001b[22mnode_modules/@babel/parser/src/plugins/typescript/index.ts\u001b[2m:3725:22)\u001b[22m\n      \u001b[2mat callback (\u001b[22mnode_modules/@babel/parser/src/parser/expression.ts\u001b[2m:257:12)\u001b[22m\n      \u001b[2mat TypeScriptParserMixin.allowInAnd (\u001b[22mnode_modules/@babel/parser/src/parser/expression.ts\u001b[2m:3192:12)\u001b[22m\n      \u001b[2mat TypeScriptParserMixin.parseMaybeAssignAllowIn (\u001b[22mnode_modules/@babel/parser/src/parser/expression.ts\u001b[2m:256:17)\u001b[22m\n      \u001b[2mat TypeScriptParserMixin.parseMaybeAssignAllowInOrVoidPattern (\u001b[22mnode_modules/@babel/parser/src/parser/expression.ts\u001b[2m:3306:17)\u001b[22m\n      \u001b[2mat TypeScriptParserMixin.parseExprListItem (\u001b[22mnode_modules/@babel/parser/src/parser/expression.ts\u001b[2m:2788:18)\u001b[22m\n      \u001b[2mat TypeScriptParserMixin.parseExprList (\u001b[22mnode_modules/@babel/parser/src/parser/expression.ts\u001b[2m:2732:22)\u001b[22m\n      \u001b[2mat TypeScriptParserMixin.parseArrayLike (\u001b[22mnode_modules/@babel/parser/src/parser/expression.ts\u001b[2m:2506:26)\u001b[22m\n      \u001b[2mat TypeScriptParserMixin.parseArrayLike (\u001b[22mnode_modules/@babel/parser/src/plugins/typescript/index.ts\u001b[2m:2685:26)\u001b[22m\n      \u001b[2mat TypeScriptParserMixin.parseExprAtom (\u001b[22mnode_modules/@babel/parser/src/parser/expression.ts\u001b[2m:1166:21)\u001b[22m\n      \u001b[2mat TypeScriptParserMixin.parseExprAtom (\u001b[22mnode_modules/@babel/parser/src/plugins/jsx/index.ts\u001b[2m:583:22)\u001b[22m\n      \u001b[2mat TypeScriptParserMixin.parseExprSubscripts (\u001b[22mnode_modules/@babel/parser/src/parser/expression.ts\u001b[2m:734:23)\u001b[22m\n      \u001b[2mat TypeScriptParserMixin.parseUpdate (\u001b[22mnode_modules/@babel/parser/src/parser/expression.ts\u001b[2m:713:21)\u001b[22m\n      \u001b[2mat TypeScriptParserMixin.parseMaybeUnary (\u001b[22mnode_modules/@babel/parser/src/parser/expression.ts\u001b[2m:675:23)\u001b[22m\n      \u001b[2mat TypeScriptParserMixin.parseMaybeUnary (\u001b[22mnode_modules/@babel/parser/src/plugins/typescript/index.ts\u001b[2m:3853:20)\u001b[22m\n      \u001b[2mat TypeScriptParserMixin.parseMaybeUnaryOrPrivate (\u001b[22mnode_modules/@babel/parser/src/parser/expression.ts\u001b[2m:409:14)\u001b[22m\n      \u001b[2mat TypeScriptParserMixin.parseExprOps (\u001b[22mnode_modules/@babel/parser/src/parser/expression.ts\u001b[2m:421:23)\u001b[22m\n      \u001b[2mat TypeScriptParserMixin.parseMaybeConditional (\u001b[22mnode_modules/@babel/parser/src/parser/expression.ts\u001b[2m:376:23)\u001b[22m\n      \u001b[2mat TypeScriptParserMixin.parseMaybeAssign (\u001b[22mnode_modules/@babel/parser/src/parser/expression.ts\u001b[2m:301:21)\u001b[22m\n      \u001b[2mat TypeScriptParserMixin.parseMaybeAssign (\u001b[22mnode_modules/@babel/parser/src/plugins/typescript/index.ts\u001b[2m:3725:22)\u001b[22m\n      \u001b[2mat callback (\u001b[22mnode_modules/@babel/parser/src/parser/expression.ts\u001b[2m:257:12)\u001b[22m\n      \u001b[2mat TypeScriptParserMixin.allowInAnd (\u001b[22mnode_modules/@babel/parser/src/parser/expression.ts\u001b[2m:3187:16)\u001b[22m\n      \u001b[2mat TypeScriptParserMixin.parseMaybeAssignAllowIn (\u001b[22mnode_modules/@babel/parser/src/parser/expression.ts\u001b[2m:256:17)\u001b[22m\n      \u001b[2mat TypeScriptParserMixin.parseVar (\u001b[22mnode_modules/@babel/parser/src/parser/statement.ts\u001b[2m:1582:18)\u001b[22m\n      \u001b[2mat TypeScriptParserMixin.parseVarStatement (\u001b[22mnode_modules/@babel/parser/src/parser/statement.ts\u001b[2m:1246:10)\u001b[22m\n      \u001b[2mat TypeScriptParserMixin.parseVarStatement (\u001b[22mnode_modules/@babel/parser/src/plugins/typescript/index.ts\u001b[2m:3124:33)\u001b[22m\n      \u001b[2mat TypeScriptParserMixin.parseStatementContent (\u001b[22mnode_modules/@babel/parser/src/parser/statement.ts\u001b[2m:607:21)\u001b[22m\n      \u001b[2mat TypeScriptParserMixin.parseStatementContent (\u001b[22mnode_modules/@babel/parser/src/plugins/typescript/index.ts\u001b[2m:3183:20)\u001b[22m\n      \u001b[2mat TypeScriptParserMixin.parseStatementLike (\u001b[22mnode_modules/@babel/parser/src/parser/statement.ts\u001b[2m:477:17)\u001b[22m\n      \u001b[2mat TypeScriptParserMixin.parseStatementListItem (\u001b[22mnode_modules/@babel/parser/src/parser/statement.ts\u001b[2m:426:17)\u001b[22m\n      \u001b[2mat TypeScriptParserMixin.parseExportDeclaration (\u001b[22mnode_modules/@babel/parser/src/parser/statement.ts\u001b[2m:2630:17)\u001b[22m\n      \u001b[2mat TypeScriptParserMixin.parseExportDeclaration (\u001b[22mnode_modules/@babel/parser/src/plugins/typescript/index.ts\u001b[2m:3428:15)\u001b[22m\n      \u001b[2mat TypeScriptParserMixin.maybeParseExportDeclaration (\u001b[22mnode_modules/@babel/parser/src/parser/statement.ts\u001b[2m:2546:31)\u001b[22m\n      \u001b[2mat TypeScriptParserMixin.parseExport (\u001b[22mnode_modules/@babel/parser/src/parser/statement.ts\u001b[2m:2427:29)\u001b[22m\n","name":"C:\\localDev\\UMD-Hack4Impact\\food-for-all-dc\\my-app\\src\\__tests__\\routing.test.tsx","startTime":1752862172163,"status":"failed","summary":""},{"assertionResults":[{"ancestorTitles":["Navigation Bar Tests"],"failureMessages":["ReferenceError: React is not defined\n    at Tab (C:\\localDev\\UMD-Hack4Impact\\food-for-all-dc\\my-app\\src\\pages\\Base\\NavBar\\Tab.tsx:21:3)\n    at renderWithHooks (C:\\localDev\\UMD-Hack4Impact\\food-for-all-dc\\my-app\\node_modules\\react-dom\\cjs\\react-dom.development.js:15486:18)\n    at mountIndeterminateComponent (C:\\localDev\\UMD-Hack4Impact\\food-for-all-dc\\my-app\\node_modules\\react-dom\\cjs\\react-dom.development.js:20103:13)\n    at beginWork (C:\\localDev\\UMD-Hack4Impact\\food-for-all-dc\\my-app\\node_modules\\react-dom\\cjs\\react-dom.development.js:21626:16)\n    at beginWork$1 (C:\\localDev\\UMD-Hack4Impact\\food-for-all-dc\\my-app\\node_modules\\react-dom\\cjs\\react-dom.development.js:27465:14)\n    at performUnitOfWork (C:\\localDev\\UMD-Hack4Impact\\food-for-all-dc\\my-app\\node_modules\\react-dom\\cjs\\react-dom.development.js:26599:12)\n    at workLoopSync (C:\\localDev\\UMD-Hack4Impact\\food-for-all-dc\\my-app\\node_modules\\react-dom\\cjs\\react-dom.development.js:26505:5)\n    at renderRootSync (C:\\localDev\\UMD-Hack4Impact\\food-for-all-dc\\my-app\\node_modules\\react-dom\\cjs\\react-dom.development.js:26473:7)\n    at recoverFromConcurrentError (C:\\localDev\\UMD-Hack4Impact\\food-for-all-dc\\my-app\\node_modules\\react-dom\\cjs\\react-dom.development.js:25889:20)\n    at performConcurrentWorkOnRoot (C:\\localDev\\UMD-Hack4Impact\\food-for-all-dc\\my-app\\node_modules\\react-dom\\cjs\\react-dom.development.js:25789:22)\n    at flushActQueue (C:\\localDev\\UMD-Hack4Impact\\food-for-all-dc\\my-app\\node_modules\\react\\cjs\\react.development.js:2667:24)\n    at act (C:\\localDev\\UMD-Hack4Impact\\food-for-all-dc\\my-app\\node_modules\\react\\cjs\\react.development.js:2582:11)\n    at actWithWarning (C:\\localDev\\UMD-Hack4Impact\\food-for-all-dc\\my-app\\node_modules\\react-dom\\cjs\\react-dom-test-utils.development.js:1740:10)\n    at C:\\localDev\\UMD-Hack4Impact\\food-for-all-dc\\my-app\\node_modules\\@testing-library\\react\\dist\\act-compat.js:63:25\n    at renderRoot (C:\\localDev\\UMD-Hack4Impact\\food-for-all-dc\\my-app\\node_modules\\@testing-library\\react\\dist\\pure.js:159:26)\n    at render (C:\\localDev\\UMD-Hack4Impact\\food-for-all-dc\\my-app\\node_modules\\@testing-library\\react\\dist\\pure.js:246:10)\n    at Object.<anonymous> (C:\\localDev\\UMD-Hack4Impact\\food-for-all-dc\\my-app\\src\\__tests__\\navigation-bar.test.tsx:18:11)\n    at Promise.then.completed (C:\\localDev\\UMD-Hack4Impact\\food-for-all-dc\\my-app\\node_modules\\jest-circus\\build\\utils.js:391:28)\n    at new Promise (<anonymous>)\n    at callAsyncCircusFn (C:\\localDev\\UMD-Hack4Impact\\food-for-all-dc\\my-app\\node_modules\\jest-circus\\build\\utils.js:316:10)\n    at _callCircusTest (C:\\localDev\\UMD-Hack4Impact\\food-for-all-dc\\my-app\\node_modules\\jest-circus\\build\\run.js:218:40)\n    at processTicksAndRejections (node:internal/process/task_queues:105:5)\n    at _runTest (C:\\localDev\\UMD-Hack4Impact\\food-for-all-dc\\my-app\\node_modules\\jest-circus\\build\\run.js:155:3)\n    at _runTestsForDescribeBlock (C:\\localDev\\UMD-Hack4Impact\\food-for-all-dc\\my-app\\node_modules\\jest-circus\\build\\run.js:66:9)\n    at _runTestsForDescribeBlock (C:\\localDev\\UMD-Hack4Impact\\food-for-all-dc\\my-app\\node_modules\\jest-circus\\build\\run.js:60:9)\n    at run (C:\\localDev\\UMD-Hack4Impact\\food-for-all-dc\\my-app\\node_modules\\jest-circus\\build\\run.js:25:3)\n    at runAndTransformResultsToJestFormat (C:\\localDev\\UMD-Hack4Impact\\food-for-all-dc\\my-app\\node_modules\\jest-circus\\build\\legacy-code-todo-rewrite\\jestAdapterInit.js:170:21)\n    at jestAdapter (C:\\localDev\\UMD-Hack4Impact\\food-for-all-dc\\my-app\\node_modules\\jest-circus\\build\\legacy-code-todo-rewrite\\jestAdapter.js:82:19)\n    at runTestInternal (C:\\localDev\\UMD-Hack4Impact\\food-for-all-dc\\my-app\\node_modules\\jest-runner\\build\\runTest.js:389:16)\n    at runTest (C:\\localDev\\UMD-Hack4Impact\\food-for-all-dc\\my-app\\node_modules\\jest-runner\\build\\runTest.js:475:34)\n    at Object.worker (C:\\localDev\\UMD-Hack4Impact\\food-for-all-dc\\my-app\\node_modules\\jest-runner\\build\\testWorker.js:133:12)"],"fullName":"Navigation Bar Tests renders all expected links for Admin","location":null,"status":"failed","title":"renders all expected links for Admin"},{"ancestorTitles":["Navigation Bar Tests"],"failureMessages":["ReferenceError: React is not defined\n    at Tab (C:\\localDev\\UMD-Hack4Impact\\food-for-all-dc\\my-app\\src\\pages\\Base\\NavBar\\Tab.tsx:21:3)\n    at renderWithHooks (C:\\localDev\\UMD-Hack4Impact\\food-for-all-dc\\my-app\\node_modules\\react-dom\\cjs\\react-dom.development.js:15486:18)\n    at mountIndeterminateComponent (C:\\localDev\\UMD-Hack4Impact\\food-for-all-dc\\my-app\\node_modules\\react-dom\\cjs\\react-dom.development.js:20103:13)\n    at beginWork (C:\\localDev\\UMD-Hack4Impact\\food-for-all-dc\\my-app\\node_modules\\react-dom\\cjs\\react-dom.development.js:21626:16)\n    at beginWork$1 (C:\\localDev\\UMD-Hack4Impact\\food-for-all-dc\\my-app\\node_modules\\react-dom\\cjs\\react-dom.development.js:27465:14)\n    at performUnitOfWork (C:\\localDev\\UMD-Hack4Impact\\food-for-all-dc\\my-app\\node_modules\\react-dom\\cjs\\react-dom.development.js:26599:12)\n    at workLoopSync (C:\\localDev\\UMD-Hack4Impact\\food-for-all-dc\\my-app\\node_modules\\react-dom\\cjs\\react-dom.development.js:26505:5)\n    at renderRootSync (C:\\localDev\\UMD-Hack4Impact\\food-for-all-dc\\my-app\\node_modules\\react-dom\\cjs\\react-dom.development.js:26473:7)\n    at recoverFromConcurrentError (C:\\localDev\\UMD-Hack4Impact\\food-for-all-dc\\my-app\\node_modules\\react-dom\\cjs\\react-dom.development.js:25889:20)\n    at performConcurrentWorkOnRoot (C:\\localDev\\UMD-Hack4Impact\\food-for-all-dc\\my-app\\node_modules\\react-dom\\cjs\\react-dom.development.js:25789:22)\n    at flushActQueue (C:\\localDev\\UMD-Hack4Impact\\food-for-all-dc\\my-app\\node_modules\\react\\cjs\\react.development.js:2667:24)\n    at act (C:\\localDev\\UMD-Hack4Impact\\food-for-all-dc\\my-app\\node_modules\\react\\cjs\\react.development.js:2582:11)\n    at actWithWarning (C:\\localDev\\UMD-Hack4Impact\\food-for-all-dc\\my-app\\node_modules\\react-dom\\cjs\\react-dom-test-utils.development.js:1740:10)\n    at C:\\localDev\\UMD-Hack4Impact\\food-for-all-dc\\my-app\\node_modules\\@testing-library\\react\\dist\\act-compat.js:63:25\n    at renderRoot (C:\\localDev\\UMD-Hack4Impact\\food-for-all-dc\\my-app\\node_modules\\@testing-library\\react\\dist\\pure.js:159:26)\n    at render (C:\\localDev\\UMD-Hack4Impact\\food-for-all-dc\\my-app\\node_modules\\@testing-library\\react\\dist\\pure.js:246:10)\n    at Object.<anonymous> (C:\\localDev\\UMD-Hack4Impact\\food-for-all-dc\\my-app\\src\\__tests__\\navigation-bar.test.tsx:31:11)\n    at Promise.then.completed (C:\\localDev\\UMD-Hack4Impact\\food-for-all-dc\\my-app\\node_modules\\jest-circus\\build\\utils.js:391:28)\n    at new Promise (<anonymous>)\n    at callAsyncCircusFn (C:\\localDev\\UMD-Hack4Impact\\food-for-all-dc\\my-app\\node_modules\\jest-circus\\build\\utils.js:316:10)\n    at _callCircusTest (C:\\localDev\\UMD-Hack4Impact\\food-for-all-dc\\my-app\\node_modules\\jest-circus\\build\\run.js:218:40)\n    at processTicksAndRejections (node:internal/process/task_queues:105:5)\n    at _runTest (C:\\localDev\\UMD-Hack4Impact\\food-for-all-dc\\my-app\\node_modules\\jest-circus\\build\\run.js:155:3)\n    at _runTestsForDescribeBlock (C:\\localDev\\UMD-Hack4Impact\\food-for-all-dc\\my-app\\node_modules\\jest-circus\\build\\run.js:66:9)\n    at _runTestsForDescribeBlock (C:\\localDev\\UMD-Hack4Impact\\food-for-all-dc\\my-app\\node_modules\\jest-circus\\build\\run.js:60:9)\n    at run (C:\\localDev\\UMD-Hack4Impact\\food-for-all-dc\\my-app\\node_modules\\jest-circus\\build\\run.js:25:3)\n    at runAndTransformResultsToJestFormat (C:\\localDev\\UMD-Hack4Impact\\food-for-all-dc\\my-app\\node_modules\\jest-circus\\build\\legacy-code-todo-rewrite\\jestAdapterInit.js:170:21)\n    at jestAdapter (C:\\localDev\\UMD-Hack4Impact\\food-for-all-dc\\my-app\\node_modules\\jest-circus\\build\\legacy-code-todo-rewrite\\jestAdapter.js:82:19)\n    at runTestInternal (C:\\localDev\\UMD-Hack4Impact\\food-for-all-dc\\my-app\\node_modules\\jest-runner\\build\\runTest.js:389:16)\n    at runTest (C:\\localDev\\UMD-Hack4Impact\\food-for-all-dc\\my-app\\node_modules\\jest-runner\\build\\runTest.js:475:34)\n    at Object.worker (C:\\localDev\\UMD-Hack4Impact\\food-for-all-dc\\my-app\\node_modules\\jest-runner\\build\\testWorker.js:133:12)"],"fullName":"Navigation Bar Tests renders correct links for Driver","location":null,"status":"failed","title":"renders correct links for Driver"},{"ancestorTitles":["Navigation Bar Tests"],"failureMessages":["ReferenceError: React is not defined\n    at Tab (C:\\localDev\\UMD-Hack4Impact\\food-for-all-dc\\my-app\\src\\pages\\Base\\NavBar\\Tab.tsx:21:3)\n    at renderWithHooks (C:\\localDev\\UMD-Hack4Impact\\food-for-all-dc\\my-app\\node_modules\\react-dom\\cjs\\react-dom.development.js:15486:18)\n    at mountIndeterminateComponent (C:\\localDev\\UMD-Hack4Impact\\food-for-all-dc\\my-app\\node_modules\\react-dom\\cjs\\react-dom.development.js:20103:13)\n    at beginWork (C:\\localDev\\UMD-Hack4Impact\\food-for-all-dc\\my-app\\node_modules\\react-dom\\cjs\\react-dom.development.js:21626:16)\n    at beginWork$1 (C:\\localDev\\UMD-Hack4Impact\\food-for-all-dc\\my-app\\node_modules\\react-dom\\cjs\\react-dom.development.js:27465:14)\n    at performUnitOfWork (C:\\localDev\\UMD-Hack4Impact\\food-for-all-dc\\my-app\\node_modules\\react-dom\\cjs\\react-dom.development.js:26599:12)\n    at workLoopSync (C:\\localDev\\UMD-Hack4Impact\\food-for-all-dc\\my-app\\node_modules\\react-dom\\cjs\\react-dom.development.js:26505:5)\n    at renderRootSync (C:\\localDev\\UMD-Hack4Impact\\food-for-all-dc\\my-app\\node_modules\\react-dom\\cjs\\react-dom.development.js:26473:7)\n    at recoverFromConcurrentError (C:\\localDev\\UMD-Hack4Impact\\food-for-all-dc\\my-app\\node_modules\\react-dom\\cjs\\react-dom.development.js:25889:20)\n    at performConcurrentWorkOnRoot (C:\\localDev\\UMD-Hack4Impact\\food-for-all-dc\\my-app\\node_modules\\react-dom\\cjs\\react-dom.development.js:25789:22)\n    at flushActQueue (C:\\localDev\\UMD-Hack4Impact\\food-for-all-dc\\my-app\\node_modules\\react\\cjs\\react.development.js:2667:24)\n    at act (C:\\localDev\\UMD-Hack4Impact\\food-for-all-dc\\my-app\\node_modules\\react\\cjs\\react.development.js:2582:11)\n    at actWithWarning (C:\\localDev\\UMD-Hack4Impact\\food-for-all-dc\\my-app\\node_modules\\react-dom\\cjs\\react-dom-test-utils.development.js:1740:10)\n    at C:\\localDev\\UMD-Hack4Impact\\food-for-all-dc\\my-app\\node_modules\\@testing-library\\react\\dist\\act-compat.js:63:25\n    at renderRoot (C:\\localDev\\UMD-Hack4Impact\\food-for-all-dc\\my-app\\node_modules\\@testing-library\\react\\dist\\pure.js:159:26)\n    at render (C:\\localDev\\UMD-Hack4Impact\\food-for-all-dc\\my-app\\node_modules\\@testing-library\\react\\dist\\pure.js:246:10)\n    at Object.<anonymous> (C:\\localDev\\UMD-Hack4Impact\\food-for-all-dc\\my-app\\src\\__tests__\\navigation-bar.test.tsx:44:11)\n    at Promise.then.completed (C:\\localDev\\UMD-Hack4Impact\\food-for-all-dc\\my-app\\node_modules\\jest-circus\\build\\utils.js:391:28)\n    at new Promise (<anonymous>)\n    at callAsyncCircusFn (C:\\localDev\\UMD-Hack4Impact\\food-for-all-dc\\my-app\\node_modules\\jest-circus\\build\\utils.js:316:10)\n    at _callCircusTest (C:\\localDev\\UMD-Hack4Impact\\food-for-all-dc\\my-app\\node_modules\\jest-circus\\build\\run.js:218:40)\n    at processTicksAndRejections (node:internal/process/task_queues:105:5)\n    at _runTest (C:\\localDev\\UMD-Hack4Impact\\food-for-all-dc\\my-app\\node_modules\\jest-circus\\build\\run.js:155:3)\n    at _runTestsForDescribeBlock (C:\\localDev\\UMD-Hack4Impact\\food-for-all-dc\\my-app\\node_modules\\jest-circus\\build\\run.js:66:9)\n    at _runTestsForDescribeBlock (C:\\localDev\\UMD-Hack4Impact\\food-for-all-dc\\my-app\\node_modules\\jest-circus\\build\\run.js:60:9)\n    at run (C:\\localDev\\UMD-Hack4Impact\\food-for-all-dc\\my-app\\node_modules\\jest-circus\\build\\run.js:25:3)\n    at runAndTransformResultsToJestFormat (C:\\localDev\\UMD-Hack4Impact\\food-for-all-dc\\my-app\\node_modules\\jest-circus\\build\\legacy-code-todo-rewrite\\jestAdapterInit.js:170:21)\n    at jestAdapter (C:\\localDev\\UMD-Hack4Impact\\food-for-all-dc\\my-app\\node_modules\\jest-circus\\build\\legacy-code-todo-rewrite\\jestAdapter.js:82:19)\n    at runTestInternal (C:\\localDev\\UMD-Hack4Impact\\food-for-all-dc\\my-app\\node_modules\\jest-runner\\build\\runTest.js:389:16)\n    at runTest (C:\\localDev\\UMD-Hack4Impact\\food-for-all-dc\\my-app\\node_modules\\jest-runner\\build\\runTest.js:475:34)\n    at Object.worker (C:\\localDev\\UMD-Hack4Impact\\food-for-all-dc\\my-app\\node_modules\\jest-runner\\build\\testWorker.js:133:12)"],"fullName":"Navigation Bar Tests highlights active tab based on route","location":null,"status":"failed","title":"highlights active tab based on route"}],"endTime":1752862162295,"message":"\u001b[1m\u001b[31m  \u001b[1m● \u001b[22m\u001b[1mNavigation Bar Tests › renders all expected links for Admin\u001b[39m\u001b[22m\n\n    ReferenceError: React is not defined\n\u001b[2m\u001b[22m\n\u001b[2m    \u001b[0m \u001b[90m 19 |\u001b[39m   \u001b[36mconst\u001b[39m isMobile \u001b[33m=\u001b[39m useMediaQuery(theme\u001b[33m.\u001b[39mbreakpoints\u001b[33m.\u001b[39mdown(\u001b[32m'sm'\u001b[39m))\u001b[33m;\u001b[39m\u001b[22m\n\u001b[2m     \u001b[90m 20 |\u001b[39m\u001b[22m\n\u001b[2m    \u001b[31m\u001b[1m>\u001b[22m\u001b[2m\u001b[39m\u001b[90m 21 |\u001b[39m   \u001b[36mreturn\u001b[39m (\u001b[22m\n\u001b[2m     \u001b[90m    |\u001b[39m   \u001b[31m\u001b[1m^\u001b[22m\u001b[2m\u001b[39m\u001b[22m\n\u001b[2m     \u001b[90m 22 |\u001b[39m     \u001b[33m<\u001b[39m\u001b[33mBox\u001b[39m\u001b[22m\n\u001b[2m     \u001b[90m 23 |\u001b[39m       className\u001b[33m=\u001b[39m{\u001b[22m\n\u001b[2m     \u001b[90m 24 |\u001b[39m         text \u001b[33m===\u001b[39m \u001b[32m\"Logout\"\u001b[39m \u001b[33m?\u001b[39m \u001b[32m\"tabContainerLogout\"\u001b[39m \u001b[33m:\u001b[39m \u001b[32m\"tabContainer\"\u001b[39m \u001b[33m+\u001b[39m (isActive \u001b[33m?\u001b[39m \u001b[32m\"Selected\"\u001b[39m \u001b[33m:\u001b[39m \u001b[32m\"\"\u001b[39m)\u001b[0m\u001b[22m\n\u001b[2m\u001b[22m\n\u001b[2m      \u001b[2mat Tab (\u001b[22m\u001b[2msrc/pages/Base/NavBar/Tab.tsx\u001b[2m:21:3)\u001b[22m\u001b[2m\u001b[22m\n\u001b[2m      \u001b[2mat renderWithHooks (\u001b[22m\u001b[2mnode_modules/react-dom/cjs/react-dom.development.js\u001b[2m:15486:18)\u001b[22m\u001b[2m\u001b[22m\n\u001b[2m      \u001b[2mat mountIndeterminateComponent (\u001b[22m\u001b[2mnode_modules/react-dom/cjs/react-dom.development.js\u001b[2m:20103:13)\u001b[22m\u001b[2m\u001b[22m\n\u001b[2m      \u001b[2mat beginWork (\u001b[22m\u001b[2mnode_modules/react-dom/cjs/react-dom.development.js\u001b[2m:21626:16)\u001b[22m\u001b[2m\u001b[22m\n\u001b[2m      \u001b[2mat beginWork$1 (\u001b[22m\u001b[2mnode_modules/react-dom/cjs/react-dom.development.js\u001b[2m:27465:14)\u001b[22m\u001b[2m\u001b[22m\n\u001b[2m      \u001b[2mat performUnitOfWork (\u001b[22m\u001b[2mnode_modules/react-dom/cjs/react-dom.development.js\u001b[2m:26599:12)\u001b[22m\u001b[2m\u001b[22m\n\u001b[2m      \u001b[2mat workLoopSync (\u001b[22m\u001b[2mnode_modules/react-dom/cjs/react-dom.development.js\u001b[2m:26505:5)\u001b[22m\u001b[2m\u001b[22m\n\u001b[2m      \u001b[2mat renderRootSync (\u001b[22m\u001b[2mnode_modules/react-dom/cjs/react-dom.development.js\u001b[2m:26473:7)\u001b[22m\u001b[2m\u001b[22m\n\u001b[2m      \u001b[2mat recoverFromConcurrentError (\u001b[22m\u001b[2mnode_modules/react-dom/cjs/react-dom.development.js\u001b[2m:25889:20)\u001b[22m\u001b[2m\u001b[22m\n\u001b[2m      \u001b[2mat performConcurrentWorkOnRoot (\u001b[22m\u001b[2mnode_modules/react-dom/cjs/react-dom.development.js\u001b[2m:25789:22)\u001b[22m\u001b[2m\u001b[22m\n\u001b[2m      \u001b[2mat flushActQueue (\u001b[22m\u001b[2mnode_modules/react/cjs/react.development.js\u001b[2m:2667:24)\u001b[22m\u001b[2m\u001b[22m\n\u001b[2m      \u001b[2mat act (\u001b[22m\u001b[2mnode_modules/react/cjs/react.development.js\u001b[2m:2582:11)\u001b[22m\u001b[2m\u001b[22m\n\u001b[2m      \u001b[2mat actWithWarning (\u001b[22m\u001b[2mnode_modules/react-dom/cjs/react-dom-test-utils.development.js\u001b[2m:1740:10)\u001b[22m\u001b[2m\u001b[22m\n\u001b[2m      \u001b[2mat \u001b[22m\u001b[2mnode_modules/@testing-library/react/dist/act-compat.js\u001b[2m:63:25\u001b[22m\u001b[2m\u001b[22m\n\u001b[2m      \u001b[2mat renderRoot (\u001b[22m\u001b[2mnode_modules/@testing-library/react/dist/pure.js\u001b[2m:159:26)\u001b[22m\u001b[2m\u001b[22m\n\u001b[2m      \u001b[2mat render (\u001b[22m\u001b[2mnode_modules/@testing-library/react/dist/pure.js\u001b[2m:246:10)\u001b[22m\u001b[2m\u001b[22m\n\u001b[2m      \u001b[2mat Object.<anonymous> (\u001b[22m\u001b[2m\u001b[0m\u001b[36msrc/__tests__/navigation-bar.test.tsx\u001b[39m\u001b[0m\u001b[2m:18:11)\u001b[22m\u001b[2m\u001b[22m\n\n\u001b[1m\u001b[31m  \u001b[1m● \u001b[22m\u001b[1mNavigation Bar Tests › renders correct links for Driver\u001b[39m\u001b[22m\n\n    ReferenceError: React is not defined\n\u001b[2m\u001b[22m\n\u001b[2m    \u001b[0m \u001b[90m 19 |\u001b[39m   \u001b[36mconst\u001b[39m isMobile \u001b[33m=\u001b[39m useMediaQuery(theme\u001b[33m.\u001b[39mbreakpoints\u001b[33m.\u001b[39mdown(\u001b[32m'sm'\u001b[39m))\u001b[33m;\u001b[39m\u001b[22m\n\u001b[2m     \u001b[90m 20 |\u001b[39m\u001b[22m\n\u001b[2m    \u001b[31m\u001b[1m>\u001b[22m\u001b[2m\u001b[39m\u001b[90m 21 |\u001b[39m   \u001b[36mreturn\u001b[39m (\u001b[22m\n\u001b[2m     \u001b[90m    |\u001b[39m   \u001b[31m\u001b[1m^\u001b[22m\u001b[2m\u001b[39m\u001b[22m\n\u001b[2m     \u001b[90m 22 |\u001b[39m     \u001b[33m<\u001b[39m\u001b[33mBox\u001b[39m\u001b[22m\n\u001b[2m     \u001b[90m 23 |\u001b[39m       className\u001b[33m=\u001b[39m{\u001b[22m\n\u001b[2m     \u001b[90m 24 |\u001b[39m         text \u001b[33m===\u001b[39m \u001b[32m\"Logout\"\u001b[39m \u001b[33m?\u001b[39m \u001b[32m\"tabContainerLogout\"\u001b[39m \u001b[33m:\u001b[39m \u001b[32m\"tabContainer\"\u001b[39m \u001b[33m+\u001b[39m (isActive \u001b[33m?\u001b[39m \u001b[32m\"Selected\"\u001b[39m \u001b[33m:\u001b[39m \u001b[32m\"\"\u001b[39m)\u001b[0m\u001b[22m\n\u001b[2m\u001b[22m\n\u001b[2m      \u001b[2mat Tab (\u001b[22m\u001b[2msrc/pages/Base/NavBar/Tab.tsx\u001b[2m:21:3)\u001b[22m\u001b[2m\u001b[22m\n\u001b[2m      \u001b[2mat renderWithHooks (\u001b[22m\u001b[2mnode_modules/react-dom/cjs/react-dom.development.js\u001b[2m:15486:18)\u001b[22m\u001b[2m\u001b[22m\n\u001b[2m      \u001b[2mat mountIndeterminateComponent (\u001b[22m\u001b[2mnode_modules/react-dom/cjs/react-dom.development.js\u001b[2m:20103:13)\u001b[22m\u001b[2m\u001b[22m\n\u001b[2m      \u001b[2mat beginWork (\u001b[22m\u001b[2mnode_modules/react-dom/cjs/react-dom.development.js\u001b[2m:21626:16)\u001b[22m\u001b[2m\u001b[22m\n\u001b[2m      \u001b[2mat beginWork$1 (\u001b[22m\u001b[2mnode_modules/react-dom/cjs/react-dom.development.js\u001b[2m:27465:14)\u001b[22m\u001b[2m\u001b[22m\n\u001b[2m      \u001b[2mat performUnitOfWork (\u001b[22m\u001b[2mnode_modules/react-dom/cjs/react-dom.development.js\u001b[2m:26599:12)\u001b[22m\u001b[2m\u001b[22m\n\u001b[2m      \u001b[2mat workLoopSync (\u001b[22m\u001b[2mnode_modules/react-dom/cjs/react-dom.development.js\u001b[2m:26505:5)\u001b[22m\u001b[2m\u001b[22m\n\u001b[2m      \u001b[2mat renderRootSync (\u001b[22m\u001b[2mnode_modules/react-dom/cjs/react-dom.development.js\u001b[2m:26473:7)\u001b[22m\u001b[2m\u001b[22m\n\u001b[2m      \u001b[2mat recoverFromConcurrentError (\u001b[22m\u001b[2mnode_modules/react-dom/cjs/react-dom.development.js\u001b[2m:25889:20)\u001b[22m\u001b[2m\u001b[22m\n\u001b[2m      \u001b[2mat performConcurrentWorkOnRoot (\u001b[22m\u001b[2mnode_modules/react-dom/cjs/react-dom.development.js\u001b[2m:25789:22)\u001b[22m\u001b[2m\u001b[22m\n\u001b[2m      \u001b[2mat flushActQueue (\u001b[22m\u001b[2mnode_modules/react/cjs/react.development.js\u001b[2m:2667:24)\u001b[22m\u001b[2m\u001b[22m\n\u001b[2m      \u001b[2mat act (\u001b[22m\u001b[2mnode_modules/react/cjs/react.development.js\u001b[2m:2582:11)\u001b[22m\u001b[2m\u001b[22m\n\u001b[2m      \u001b[2mat actWithWarning (\u001b[22m\u001b[2mnode_modules/react-dom/cjs/react-dom-test-utils.development.js\u001b[2m:1740:10)\u001b[22m\u001b[2m\u001b[22m\n\u001b[2m      \u001b[2mat \u001b[22m\u001b[2mnode_modules/@testing-library/react/dist/act-compat.js\u001b[2m:63:25\u001b[22m\u001b[2m\u001b[22m\n\u001b[2m      \u001b[2mat renderRoot (\u001b[22m\u001b[2mnode_modules/@testing-library/react/dist/pure.js\u001b[2m:159:26)\u001b[22m\u001b[2m\u001b[22m\n\u001b[2m      \u001b[2mat render (\u001b[22m\u001b[2mnode_modules/@testing-library/react/dist/pure.js\u001b[2m:246:10)\u001b[22m\u001b[2m\u001b[22m\n\u001b[2m      \u001b[2mat Object.<anonymous> (\u001b[22m\u001b[2m\u001b[0m\u001b[36msrc/__tests__/navigation-bar.test.tsx\u001b[39m\u001b[0m\u001b[2m:31:11)\u001b[22m\u001b[2m\u001b[22m\n\n\u001b[1m\u001b[31m  \u001b[1m● \u001b[22m\u001b[1mNavigation Bar Tests › highlights active tab based on route\u001b[39m\u001b[22m\n\n    ReferenceError: React is not defined\n\u001b[2m\u001b[22m\n\u001b[2m    \u001b[0m \u001b[90m 19 |\u001b[39m   \u001b[36mconst\u001b[39m isMobile \u001b[33m=\u001b[39m useMediaQuery(theme\u001b[33m.\u001b[39mbreakpoints\u001b[33m.\u001b[39mdown(\u001b[32m'sm'\u001b[39m))\u001b[33m;\u001b[39m\u001b[22m\n\u001b[2m     \u001b[90m 20 |\u001b[39m\u001b[22m\n\u001b[2m    \u001b[31m\u001b[1m>\u001b[22m\u001b[2m\u001b[39m\u001b[90m 21 |\u001b[39m   \u001b[36mreturn\u001b[39m (\u001b[22m\n\u001b[2m     \u001b[90m    |\u001b[39m   \u001b[31m\u001b[1m^\u001b[22m\u001b[2m\u001b[39m\u001b[22m\n\u001b[2m     \u001b[90m 22 |\u001b[39m     \u001b[33m<\u001b[39m\u001b[33mBox\u001b[39m\u001b[22m\n\u001b[2m     \u001b[90m 23 |\u001b[39m       className\u001b[33m=\u001b[39m{\u001b[22m\n\u001b[2m     \u001b[90m 24 |\u001b[39m         text \u001b[33m===\u001b[39m \u001b[32m\"Logout\"\u001b[39m \u001b[33m?\u001b[39m \u001b[32m\"tabContainerLogout\"\u001b[39m \u001b[33m:\u001b[39m \u001b[32m\"tabContainer\"\u001b[39m \u001b[33m+\u001b[39m (isActive \u001b[33m?\u001b[39m \u001b[32m\"Selected\"\u001b[39m \u001b[33m:\u001b[39m \u001b[32m\"\"\u001b[39m)\u001b[0m\u001b[22m\n\u001b[2m\u001b[22m\n\u001b[2m      \u001b[2mat Tab (\u001b[22m\u001b[2msrc/pages/Base/NavBar/Tab.tsx\u001b[2m:21:3)\u001b[22m\u001b[2m\u001b[22m\n\u001b[2m      \u001b[2mat renderWithHooks (\u001b[22m\u001b[2mnode_modules/react-dom/cjs/react-dom.development.js\u001b[2m:15486:18)\u001b[22m\u001b[2m\u001b[22m\n\u001b[2m      \u001b[2mat mountIndeterminateComponent (\u001b[22m\u001b[2mnode_modules/react-dom/cjs/react-dom.development.js\u001b[2m:20103:13)\u001b[22m\u001b[2m\u001b[22m\n\u001b[2m      \u001b[2mat beginWork (\u001b[22m\u001b[2mnode_modules/react-dom/cjs/react-dom.development.js\u001b[2m:21626:16)\u001b[22m\u001b[2m\u001b[22m\n\u001b[2m      \u001b[2mat beginWork$1 (\u001b[22m\u001b[2mnode_modules/react-dom/cjs/react-dom.development.js\u001b[2m:27465:14)\u001b[22m\u001b[2m\u001b[22m\n\u001b[2m      \u001b[2mat performUnitOfWork (\u001b[22m\u001b[2mnode_modules/react-dom/cjs/react-dom.development.js\u001b[2m:26599:12)\u001b[22m\u001b[2m\u001b[22m\n\u001b[2m      \u001b[2mat workLoopSync (\u001b[22m\u001b[2mnode_modules/react-dom/cjs/react-dom.development.js\u001b[2m:26505:5)\u001b[22m\u001b[2m\u001b[22m\n\u001b[2m      \u001b[2mat renderRootSync (\u001b[22m\u001b[2mnode_modules/react-dom/cjs/react-dom.development.js\u001b[2m:26473:7)\u001b[22m\u001b[2m\u001b[22m\n\u001b[2m      \u001b[2mat recoverFromConcurrentError (\u001b[22m\u001b[2mnode_modules/react-dom/cjs/react-dom.development.js\u001b[2m:25889:20)\u001b[22m\u001b[2m\u001b[22m\n\u001b[2m      \u001b[2mat performConcurrentWorkOnRoot (\u001b[22m\u001b[2mnode_modules/react-dom/cjs/react-dom.development.js\u001b[2m:25789:22)\u001b[22m\u001b[2m\u001b[22m\n\u001b[2m      \u001b[2mat flushActQueue (\u001b[22m\u001b[2mnode_modules/react/cjs/react.development.js\u001b[2m:2667:24)\u001b[22m\u001b[2m\u001b[22m\n\u001b[2m      \u001b[2mat act (\u001b[22m\u001b[2mnode_modules/react/cjs/react.development.js\u001b[2m:2582:11)\u001b[22m\u001b[2m\u001b[22m\n\u001b[2m      \u001b[2mat actWithWarning (\u001b[22m\u001b[2mnode_modules/react-dom/cjs/react-dom-test-utils.development.js\u001b[2m:1740:10)\u001b[22m\u001b[2m\u001b[22m\n\u001b[2m      \u001b[2mat \u001b[22m\u001b[2mnode_modules/@testing-library/react/dist/act-compat.js\u001b[2m:63:25\u001b[22m\u001b[2m\u001b[22m\n\u001b[2m      \u001b[2mat renderRoot (\u001b[22m\u001b[2mnode_modules/@testing-library/react/dist/pure.js\u001b[2m:159:26)\u001b[22m\u001b[2m\u001b[22m\n\u001b[2m      \u001b[2mat render (\u001b[22m\u001b[2mnode_modules/@testing-library/react/dist/pure.js\u001b[2m:246:10)\u001b[22m\u001b[2m\u001b[22m\n\u001b[2m      \u001b[2mat Object.<anonymous> (\u001b[22m\u001b[2m\u001b[0m\u001b[36msrc/__tests__/navigation-bar.test.tsx\u001b[39m\u001b[0m\u001b[2m:44:11)\u001b[22m\u001b[2m\u001b[22m\n","name":"C:\\localDev\\UMD-Hack4Impact\\food-for-all-dc\\my-app\\src\\__tests__\\navigation-bar.test.tsx","startTime":1752862156142,"status":"failed","summary":""},{"assertionResults":[{"ancestorTitles":["UsersSpreadsheet"],"failureMessages":["Error: Unable to find an element with the text: /users/i. This could be because the text is broken up by multiple elements. In this case, you can provide a function for your text matcher to make your matcher more flexible.\n\nIgnored nodes: comments, script, style\n\u001b[36m<body>\u001b[39m\n  \u001b[36m<div>\u001b[39m\n    \u001b[36m<div\u001b[39m\n      \u001b[33mclass\u001b[39m=\u001b[32m\"box MuiBox-root css-1yd8a4w\"\u001b[39m\n    \u001b[36m>\u001b[39m\n      \u001b[36m<div\u001b[39m\n        \u001b[33mclass\u001b[39m=\u001b[32m\"MuiBox-root css-6heeki\"\u001b[39m\n      \u001b[36m>\u001b[39m\n        \u001b[36m<div\u001b[39m\n          \u001b[33mclass\u001b[39m=\u001b[32m\"MuiStack-root css-v2woy3-MuiStack-root\"\u001b[39m\n        \u001b[36m>\u001b[39m\n          \u001b[36m<div\u001b[39m\n            \u001b[33mclass\u001b[39m=\u001b[32m\"MuiBox-root css-1jke4yk\"\u001b[39m\n          \u001b[36m>\u001b[39m\n            \u001b[36m<input\u001b[39m\n              \u001b[33mplaceholder\u001b[39m=\u001b[32m\"Search\"\u001b[39m\n              \u001b[33mstyle\u001b[39m=\u001b[32m\"width: 100%; height: 50px; background-color: rgb(238, 238, 238); border-radius: 25px; padding: 0px 20px; font-size: 16px; color: rgb(51, 51, 51); box-sizing: border-box; transition: all 0.2s ease; box-shadow: inset 0 2px 3px rgba(0,0,0,0.05);\"\u001b[39m\n              \u001b[33mtype\u001b[39m=\u001b[32m\"text\"\u001b[39m\n              \u001b[33mvalue\u001b[39m=\u001b[32m\"\"\u001b[39m\n            \u001b[36m/>\u001b[39m\n          \u001b[36m</div>\u001b[39m\n          \u001b[36m<div\u001b[39m\n            \u001b[33mclass\u001b[39m=\u001b[32m\"MuiStack-root css-ocfowk-MuiStack-root\"\u001b[39m\n          \u001b[36m>\u001b[39m\n            \u001b[36m<button\u001b[39m\n              \u001b[33mclass\u001b[39m=\u001b[32m\"MuiButtonBase-root MuiButton-root MuiButton-contained MuiButton-containedSecondary MuiButton-sizeMedium MuiButton-containedSizeMedium MuiButton-colorSecondary MuiButton-root MuiButton-contained MuiButton-containedSecondary MuiButton-sizeMedium MuiButton-containedSizeMedium MuiButton-colorSecondary view-all css-1dyll4x-MuiButtonBase-root-MuiButton-root\"\u001b[39m\n              \u001b[33mtabindex\u001b[39m=\u001b[32m\"0\"\u001b[39m\n              \u001b[33mtype\u001b[39m=\u001b[32m\"button\"\u001b[39m\n            \u001b[36m>\u001b[39m\n              \u001b[0mView All\u001b[0m\n            \u001b[36m</button>\u001b[39m\n            \u001b[36m<div\u001b[39m\n              \u001b[33mclass\u001b[39m=\u001b[32m\"MuiBox-root css-18xsi8o\"\u001b[39m\n            \u001b[36m>\u001b[39m\n              \u001b[36m<button\u001b[39m\n                \u001b[33mclass\u001b[39m=\u001b[32m\"MuiButtonBase-root MuiButton-root MuiButton-contained MuiButton-containedPrimary MuiButton-sizeMedium MuiButton-containedSizeMedium MuiButton-colorPrimary MuiButton-root MuiButton-contained MuiButton-containedPrimary MuiButton-sizeMedium MuiButton-containedSizeMedium MuiButton-colorPrimary create-user css-1wsvcb1-MuiButtonBase-root-MuiButton-root\"\u001b[39m\n                \u001b[33mtabindex\u001b[39m=\u001b[32m\"0\"\u001b[39m\n                \u001b[33mtype\u001b[39m=\u001b[32m\"button\"\u001b[39m\n              \u001b[36m>\u001b[39m\n                \u001b[0m+ Create User\u001b[0m\n              \u001b[36m</button>\u001b[39m\n            \u001b[36m</div>\u001b[39m\n          \u001b[36m</div>\u001b[39m\n        \u001b[36m</div>\u001b[39m\n      \u001b[36m</div>\u001b[39m\n      \u001b[36m<div\u001b[39m\n        \u001b[33mclass\u001b[39m=\u001b[32m\"MuiBox-root css-3a109q\"\u001b[39m\n      \u001b[36m>\u001b[39m\n        \u001b[36m<div\u001b[39m\n          \u001b[33mclass\u001b[39m=\u001b[32m\"MuiPaper-root MuiPaper-elevation MuiPaper-rounded MuiPaper-elevation1 MuiTableContainer-root css-89972n-MuiPaper-root-MuiTableContainer-root\"\u001b[39m\n          \u001b[33mstyle\u001b[39m=\u001b[32m\"--Paper-shadow: 0px 2px 1px -1px rgba(0,0,0,0.2),0px 1px 1px 0px rgba(0,0,0,0.14),0px 1px 3px 0px rgba(0,0,0,0.12);\"\u001b[39m\n        \u001b[36m>\u001b[39m\n          \u001b[36m<table\u001b[39m\n            \u001b[33mclass\u001b[39m=\u001b[32m\"MuiTable-root MuiTable-stickyHeader css-pvu7mv-MuiTable-root\"\u001b[39m\n          \u001b[36m>\u001b[39m\n            \u001b[36m<thead\u001b[39m\n              \u001b[33mclass\u001b[39m=\u001b[32m\"MuiTableHead-root css-1a7iywq-MuiTableHead-root\"\u001b[39m\n            \u001b[36m>\u001b[39m\n              \u001b[36m<tr\u001b[39m\n                \u001b[33mclass\u001b[39m=\u001b[32m\"MuiTableRow-root MuiTableRow-head css-1xtozoh-MuiTableRow-root\"\u001b[39m\n              \u001b[36m>\u001b[39m\n                \u001b[36m<th\u001b[39m\n                  \u001b[33mclass\u001b[39m=\u001b[32m\"MuiTableCell-root MuiTableCell-head MuiTableCell-stickyHeader MuiTableCell-sizeMedium table-header css-1cet2i3-MuiTableCell-root\"\u001b[39m\n                  \u001b[33mscope\u001b[39m=\u001b[32m\"col\"\u001b[39m\n                \u001b[36m>\u001b[39m\n                  \u001b[36m<div\u001b[39m\n                    \u001b[33mclass\u001b[39m=\u001b[32m\"MuiStack-root css-121jajl-MuiStack-root\"\u001b[39m\n                  \u001b[36m>\u001b[39m\n                    \u001b[36m<h6\u001b[39m\n                      \u001b[33mclass\u001b[39m=\u001b[32m\"MuiTypography-root MuiTypography-subtitle2 css-1l28c6r-MuiTypography-root\"\u001b[39m\n                    \u001b[36m>\u001b[39m\n                      \u001b[0mName\u001b[0m\n                    \u001b[36m</h6>\u001b[39m\n                    \u001b[36m<svg\u001b[39m\n                      \u001b[33maria-hidden\u001b[39m=\u001b[32m\"true\"\u001b[39m\n                      \u001b[33mclass\u001b[39m=\u001b[32m\"MuiSvgIcon-root MuiSvgIcon-fontSizeMedium css-1umw9bq-MuiSvgIcon-root\"\u001b[39m\n                      \u001b[33mdata-testid\u001b[39m=\u001b[32m\"ArrowDropUpIcon\"\u001b[39m\n                      \u001b[33mfocusable\u001b[39m=\u001b[32m\"false\"\u001b[39m\n                      \u001b[33mviewBox\u001b[39m=\u001b[32m\"0 0 24 24\"\u001b[39m\n                    \u001b[36m>\u001b[39m\n                      \u001b[36m<path\u001b[39m\n                        \u001b[33md\u001b[39m=\u001b[32m\"m7 14 5-5 5 5z\"\u001b[39m\n                      \u001b[36m/>\u001b[39m\n                    \u001b[36m</svg>\u001b[39m\n                  \u001b[36m</div>\u001b[39m\n                \u001b[36m</th>\u001b[39m\n                \u001b[36m<th\u001b[39m\n                  \u001b[33mclass\u001b[39m=\u001b[32m\"MuiTableCell-root MuiTableCell-head MuiTableCell-stickyHeader MuiTableCell-sizeMedium table-header css-1cet2i3-MuiTableCell-root\"\u001b[39m\n                  \u001b[33mscope\u001b[39m=\u001b[32m\"col\"\u001b[39m\n                \u001b[36m>\u001b[39m\n                  \u001b[36m<div\u001b[39m\n                    \u001b[33mclass\u001b[39m=\u001b[32m\"MuiStack-root css-121jajl-MuiStack-root\"\u001b[39m\n                  \u001b[36m>\u001b[39m\n                    \u001b[36m<h6\u001b[39m\n                      \u001b[33mclass\u001b[39m=\u001b[32m\"MuiTypography-root MuiTypography-subtitle2 css-1l28c6r-MuiTypography-root\"\u001b[39m\n                    \u001b[36m>\u001b[39m\n                      \u001b[0mRole\u001b[0m\n                    \u001b[36m</h6>\u001b[39m\n                    \u001b[36m<svg\u001b[39m\n                      \u001b[33maria-hidden\u001b[39m=\u001b[32m\"true\"\u001b[39m\n                      \u001b[33mclass\u001b[39m=\u001b[32m\"MuiSvgIcon-root MuiSvgIcon-fontSizeMedium css-4a6zbl-MuiSvgIcon-root\"\u001b[39m\n                      \u001b[33mdata-testid\u001b[39m=\u001b[32m\"UnfoldMoreIcon\"\u001b[39m\n                      \u001b[33mfocusable\u001b[39m=\u001b[32m\"false\"\u001b[39m\n                      \u001b[33mviewBox\u001b[39m=\u001b[32m\"0 0 24 24\"\u001b[39m\n                    \u001b[36m>\u001b[39m\n                      \u001b[36m<path\u001b[39m\n                        \u001b[33md\u001b[39m=\u001b[32m\"M12 5.83 15.17 9l1.41-1.41L12 3 7.41 7.59 8.83 9zm0 12.34L8.83 15l-1.41 1.41L12 21l4.59-4.59L15.17 15z\"\u001b[39m\n                      \u001b[36m/>\u001b[39m\n                    \u001b[36m</svg>\u001b[39m\n                  \u001b[36m</div>\u001b[39m\n                \u001b[36m</th>\u001b[39m\n                \u001b[36m<th\u001b[39m\n                  \u001b[33mclass\u001b[39m=\u001b[32m\"MuiTableCell-root MuiTableCell-head MuiTableCell-stickyHeader MuiTableCell-sizeMedium table-header css-1cet2i3-MuiTableCell-root\"\u001b[39m\n                  \u001b[33mscope\u001b[39m=\u001b[32m\"col\"\u001b[39m\n                \u001b[36m>\u001b[39m\n                  \u001b[36m<div\u001b[39m\n                    \u001b[33mclass\u001b[39m=\u001b[32m\"MuiStack-root css-121jajl-MuiStack-root\"\u001b[39m\n                  \u001b[36m>\u001b[39m\n                    \u001b[36m<h6\u001b[39m\n                      \u001b[33mclass\u001b[39m=\u001b[32m\"MuiTypography-root MuiTypography-subtitle2 css-1l28c6r-MuiTypography-root\"\u001b[39m\n                    \u001b[36m>\u001b[39m\n                      \u001b[0mPhone\u001b[0m\n                    \u001b[36m</h6>\u001b[39m\n                    \u001b[36m<svg\u001b[39m\n                      \u001b[33maria-hidden\u001b[39m=\u001b[32m\"true\"\u001b[39m\n                      \u001b[33mclass\u001b[39m=\u001b[32m\"MuiSvgIcon-root MuiSvgIcon-fontSizeMedium css-4a6zbl-MuiSvgIcon-root\"\u001b[39m\n                      \u001b[33mdata-testid\u001b[39m=\u001b[32m\"UnfoldMoreIcon\"\u001b[39m\n                      \u001b[33mfocusable\u001b[39m=\u001b[32m\"false\"\u001b[39m\n                      \u001b[33mviewBox\u001b[39m=\u001b[32m\"0 0 24 24\"\u001b[39m\n                    \u001b[36m>\u001b[39m\n                      \u001b[36m<path\u001b[39m\n                        \u001b[33md\u001b[39m=\u001b[32m\"M12 5.83 15.17 9l1.41-1.41L12 3 7.41 7.59 8.83 9zm0 12.34L8.83 15l-1.41 1.41L12 21l4.59-4.59L15.17 15z\"\u001b[39m\n                      \u001b[36m/>\u001b[39m\n                    \u001b[36m</svg>\u001b[39m\n                  \u001b[36m</div>\u001b[39m\n                \u001b[36m</th>\u001b[39m\n                \u001b[36m<th\u001b[39m\n                  \u001b[33mclass\u001b[39m=\u001b[32m\"MuiTableCell-root MuiTableCell-head MuiTableCell-stickyHeader MuiTableCell-sizeMedium table-header css-1cet2i3-MuiTableCell-root\"\u001b[39m\n                  \u001b[33mscope\u001b[39m=\u001b[32m\"col\"\u001b[39m\n                \u001b[36m>\u001b[39m\n                  \u001b[36m<div\u001b[39m\n                    \u001b[33mclass\u001b[39m=\u001b[32m\"MuiStack-root css-121jajl-MuiStack-root\"\u001b[39m\n                  \u001b[36m>\u001b[39m\n                    \u001b[36m<h6\u001b[39m\n                      \u001b[33mclass\u001b[39m=\u001b[32m\"MuiTypography-root MuiTypography-subtitle2 css-1l28c6r-MuiTypography-root\"\u001b[39m\n                    \u001b[36m>\u001b[39m\n                      \u001b[0mEmail\u001b[0m\n                    \u001b[36m</h6>\u001b[39m\n                    \u001b[36m<svg\u001b[39m\n                      \u001b[33maria-hidden\u001b[39m=\u001b[32m\"true\"\u001b[39m\n                      \u001b[33mclass\u001b[39m=\u001b[32m\"MuiSvgIcon-root MuiSvgIcon-fontSizeMedium css-4a6zbl-MuiSvgIcon-root\"\u001b[39m\n                      \u001b[33mdata-testid\u001b[39m=\u001b[32m\"UnfoldMoreIcon\"\u001b[39m\n                      \u001b[33mfocusable\u001b[39m=\u001b[32m\"false\"\u001b[39m\n                      \u001b[33mviewBox\u001b[39m=\u001b[32m\"0 0 24 24\"\u001b[39m\n                    \u001b[36m>\u001b[39m\n                      \u001b[36m<path\u001b[39m\n                        \u001b[33md\u001b[39m=\u001b[32m\"M12 5.83 15.17 9l1.41-1.41L12 3 7.41 7.59 8.83 9zm0 12.34L8.83 15l-1.41 1.41L12 21l4.59-4.59L15.17 15z\"\u001b[39m\n                      \u001b[36m/>\u001b[39m\n                    \u001b[36m</svg>\u001b[39m\n                  \u001b[36m</div>\u001b[39m\n                \u001b[36m</th>\u001b[39m\n                \u001b[36m<th\u001b[39m\n                  \u001b[33mclass\u001b[39m=\u001b[32m\"MuiTableCell-root MuiTableCell-head MuiTableCell-stickyHeader MuiTableCell-alignRight MuiTableCell-sizeMedium table-header css-1158xmd-MuiTableCell-root\"\u001b[39m\n                  \u001b[33mscope\u001b[39m=\u001b[32m\"col\"\u001b[39m\n                \u001b[36m/>\u001b[39m\n              \u001b[36m</tr>\u001b[39m\n            \u001b[36m</thead>\u001b[39m\n            \u001b[36m<tbody\u001b[39m\n              \u001b[33mclass\u001b[39m=\u001b[32m\"MuiTableBody-root css-gmh7jj-MuiTableBody-root\"\u001b[39m\n            \u001b[36m>\u001b[39m\n              \u001b[36m<tr\u001b[39m\n                \u001b[33mclass\u001b[39m=\u001b[32m\"MuiTableRow-root table-row css-qmkm7t-MuiTableRow-root\"\u001b[39m\n            
[...]
[39m\n                          \u001b[33mclass\u001b[39m=\u001b[32m\"MuiTypography-root MuiTypography-subtitle2 css-1l28c6r-MuiTypography-root\"\u001b[39m\n                        \u001b[36m>\u001b[39m\n                          \u001b[0mRole\u001b[0m\n                        \u001b[36m</h6>\u001b[39m\n                        \u001b[36m<svg\u001b[39m\n                          \u001b[33maria-hidden\u001b[39m=\u001b[32m\"true\"\u001b[39m\n                          \u001b[33mclass\u001b[39m=\u001b[32m\"MuiSvgIcon-root MuiSvgIcon-fontSizeMedium css-4a6zbl-MuiSvgIcon-root\"\u001b[39m\n                          \u001b[33mdata-testid\u001b[39m=\u001b[32m\"UnfoldMoreIcon\"\u001b[39m\n                          \u001b[33mfocusable\u001b[39m=\u001b[32m\"false\"\u001b[39m\n                          \u001b[33mviewBox\u001b[39m=\u001b[32m\"0 0 24 24\"\u001b[39m\n                        \u001b[36m>\u001b[39m\n                          \u001b[36m<path\u001b[39m\n                            \u001b[33md\u001b[39m=\u001b[32m\"M12 5.83 15.17 9l1.41-1.41L12 3 7.41 7.59 8.83 9zm0 12.34L8.83 15l-1.41 1.41L12 21l4.59-4.59L15.17 15z\"\u001b[39m\n                          \u001b[36m/>\u001b[39m\n                        \u001b[36m</svg>\u001b[39m\n                      \u001b[36m</div>\u001b[39m\n                    \u001b[36m</th>\u001b[39m\n                    \u001b[36m<th\u001b[39m\n                      \u001b[33mclass\u001b[39m=\u001b[32m\"MuiTableCell-root MuiTableCell-head MuiTableCell-stickyHeader MuiTableCell-sizeMedium table-header css-1cet2i3-MuiTableCell-root\"\u001b[39m\n                      \u001b[33mscope\u001b[39m=\u001b[32m\"col\"\u001b[39m\n                    \u001b[36m>\u001b[39m\n                      \u001b[36m<div\u001b[39m\n                        \u001b[33mclass\u001b[39m=\u001b[32m\"MuiStack-root css-121jajl-MuiStack-root\"\u001b[39m\n                      \u001b[36m>\u001b[39m\n                        \u001b[36m<h6\u001b[39m\n                          \u001b[33mclass\u001b[39m=\u001b[32m\"MuiTypography-root MuiTypography-subtitle2 css-1l28c6r-MuiTypography-root\"\u001b[39m\n                        \u001b[36m>\u001b[39m\n                          \u001b[0mPhone\u001b[0m\n                        \u001b[36m</h6>\u001b[39m\n                        \u001b[36m<svg\u001b[39m\n                          \u001b[33maria-hidden\u001b[39m=\u001b[32m\"true\"\u001b[39m\n                          \u001b[33mclass\u001b[39m=\u001b[32m\"MuiSvgIcon-root MuiSvgIcon-fontSizeMedium css-4a6zbl-MuiSvgIcon-root\"\u001b[39m\n                          \u001b[33mdata-testid\u001b[39m=\u001b[32m\"UnfoldMoreIcon\"\u001b[39m\n                          \u001b[33mfocusable\u001b[39m=\u001b[32m\"false\"\u001b[39m\n                          \u001b[33mviewBox\u001b[39m=\u001b[32m\"0 0 24 24\"\u001b[39m\n                        \u001b[36m>\u001b[39m\n                          \u001b[36m<path\u001b[39m\n                            \u001b[33md\u001b[39m=\u001b[32m\"M12 5.83 15.17 9l1.41-1.41L12 3 7.41 7.59 8.83 9zm0 12.34L8.83 15l-1.41 1.41L12 21l4.59-4.59L15.17 15z\"\u001b[39m\n                          \u001b[36m/>\u001b[39m\n                        \u001b[36m</svg>\u001b[39m\n                      \u001b[36m</div>\u001b[39m\n                    \u001b[36m</th>\u001b[39m\n                    \u001b[36m<th\u001b[39m\n                      \u001b[33mclass\u001b[39m=\u001b[32m\"MuiTableCell-root MuiTableCell-head MuiTableCell-stickyHeader MuiTableCell-sizeMedium table-header css-1cet2i3-MuiTableCell-root\"\u001b[39m\n                      \u001b[33mscope\u001b[39m=\u001b[32m\"col\"\u001b[39m\n                    \u001b[36m>\u001b[39m\n                      \u001b[36m<div\u001b[39m\n                        \u001b[33mclass\u001b[39m=\u001b[32m\"MuiStack-root css-121jajl-MuiStack-root\"\u001b[39m\n                      \u001b[36m>\u001b[39m\n                        \u001b[36m<h6\u001b[39m\n                          \u001b[33mclass\u001b[39m=\u001b[32m\"MuiTypography-root MuiTypography-subtitle2 css-1l28c6r-MuiTypography-root\"\u001b[39m\n                        \u001b[36m>\u001b[39m\n                          \u001b[0mEmail\u001b[0m\n                        \u001b[36m</h6>\u001b[39m\n                        \u001b[36m<svg\u001b[39m\n                          \u001b[33maria-hidden\u001b[39m=\u001b[32m\"true\"\u001b[39m\n                          \u001b[33mclass\u001b[39m=\u001b[32m\"MuiSvgIcon-root MuiSvgIcon-fontSizeMedium css-4a6zbl-MuiSvgIcon-root\"\u001b[39m\n                          \u001b[33mdata-testid\u001b[39m=\u001b[32m\"UnfoldMoreIcon\"\u001b[39m\n                          \u001b[33mfocusable\u001b[39m=\u001b[32m\"false\"\u001b[39m\n                          \u001b[33mviewBox\u001b[39m=\u001b[32m\"0 0 24 24\"\u001b[39m\n                        \u001b[36m>\u001b[39m\n                          \u001b[36m<path\u001b[39m\n                            \u001b[33md\u001b[39m=\u001b[32m\"M12 5.83 15.17 9l1.41-1.41L12 3 7.41 7.59 8.83 9zm0 12.34L8.83 15l-1.41 1.41L12 21l4.59-4.59L15.17 15z\"\u001b[39m\n                          \u001b[36m/>\u001b[39m\n                        \u001b[36m</svg>\u001b[39m\n                      \u001b[36m</div>\u001b[39m\n                    \u001b[36m</th>\u001b[39m\n                    \u001b[36m<th\u001b[39m\n                      \u001b[33mclass\u001b[39m=\u001b[32m\"MuiTableCell-root MuiTableCell-head MuiTableCell-stickyHeader MuiTableCell-alignRight MuiTableCell-sizeMedium table-header css-1158xmd-MuiTableCell-root\"\u001b[39m\n                      \u001b[33mscope\u001b[39m=\u001b[32m\"col\"\u001b[39m\n                    \u001b[36m/>\u001b[39m\n                  \u001b[36m</tr>\u001b[39m\n                \u001b[36m</thead>\u001b[39m\n                \u001b[36m<tbody\u001b[39m\n                  \u001b[33mclass\u001b[39m=\u001b[32m\"MuiTableBody-root css-gmh7jj-MuiTableBody-root\"\u001b[39m\n                \u001b[36m>\u001b[39m\n                  \u001b[36m<tr\u001b[39m\n                    \u001b[33mclass\u001b[39m=\u001b[32m\"MuiTableRow-root table-row css-qmkm7t-MuiTableRow-root\"\u001b[39m\n                  \u001b[36m>\u001b[39m\n                    \u001b[36m<td\u001b[39m\n                      \u001b[33mclass\u001b[39m=\u001b[32m\"MuiTableCell-root MuiTableCell-body MuiTableCell-sizeMedium css-106suo7-MuiTableCell-root\"\u001b[39m\n                    \u001b[36m>\u001b[39m\n                      \u001b[0mTest User\u001b[0m\n                    \u001b[36m</td>\u001b[39m\n                    \u001b[36m<td\u001b[39m\n                      \u001b[33mclass\u001b[39m=\u001b[32m\"MuiTableCell-root MuiTableCell-body MuiTableCell-sizeMedium css-106suo7-MuiTableCell-root\"\u001b[39m\n                    \u001b[36m>\u001b[39m\n                      \u001b[0mAdmin\u001b[0m\n                    \u001b[36m</td>\u001b[39m\n                    \u001b[36m<td\u001b[39m\n                      \u001b[33mclass\u001b[39m=\u001b[32m\"MuiTableCell-root MuiTableCell-body MuiTableCell-sizeMedium css-106suo7-MuiTableCell-root\"\u001b[39m\n                    \u001b[36m>\u001b[39m\n                      \u001b[0m123-456-7890\u001b[0m\n                    \u001b[36m</td>\u001b[39m\n                    \u001b[36m<td\u001b[39m\n                      \u001b[33mclass\u001b[39m=\u001b[32m\"MuiTableCell-root MuiTableCell-body MuiTableCell-sizeMedium css-106suo7-MuiTableCell-root\"\u001b[39m\n                    \u001b[36m>\u001b[39m\n                      \u001b[0mtest@example.com\u001b[0m\n                    \u001b[36m</td>\u001b[39m\n                    \u001b[36m<td\u001b[39m\n                      \u001b[33mclass\u001b[39m=\u001b[32m\"MuiTableCell-root MuiTableCell-body MuiTableCell-alignRight MuiTableCell-sizeMedium css-eks3h7-MuiTableCell-root\"\u001b[39m\n                    \u001b[36m>\u001b[39m\n                      \u001b[36m<button\u001b[39m\n                        \u001b[33mclass\u001b[39m=\u001b[32m\"MuiButtonBase-root MuiIconButton-root MuiIconButton-sizeMedium css-1u9aq1i-MuiButtonBase-root-MuiIconButton-root\"\u001b[39m\n                        \u001b[33mtabindex\u001b[39m=\u001b[32m\"0\"\u001b[39m\n                        \u001b[33mtype\u001b[39m=\u001b[32m\"button\"\u001b[39m\n                      \u001b[36m>\u001b[39m\n                        \u001b[36m<svg\u001b[39m\n                          \u001b[33maria-hidden\u001b[39m=\u001b[32m\"true\"\u001b[39m\n                          \u001b[33mclass\u001b[39m=\u001b[32m\"MuiSvgIcon-root MuiSvgIcon-fontSizeMedium css-1umw9bq-MuiSvgIcon-root\"\u001b[39m\n                          \u001b[33mdata-testid\u001b[39m=\u001b[32m\"MoreVertIcon\"\u001b[39m\n                          \u001b[33mfocusable\u001b[39m=\u001b[32m\"false\"\u001b[39m\n                          \u001b[33mviewBox\u001b[39m=\u001b[32m\"0 0 24 24\"\u001b[39m\n                        \u001b[36m>\u001b[39m\n                          \u001b[36m<path\u001b[39m\n                            \u001b[33md\u001b[39m=\u001b[32m\"M12 8c1.1 0 2-.9 2-2s-.9-2-2-2-2 .9-2 2 .9 2 2 2m0 2c-1.1 0-2 .9-2 2s.9 2 2 2 2-.9 2-2-.9-2-2-2m0 6c-1.1 0-2 .9-2 2s.9 2 2 2 2-.9 2-2-.9-2-2-2\"\u001b[39m\n                          \u001b[36m/>\u001b[39m\n                        \u001b[36m</svg>\u001b[39m\n                      \u001b[36m</button>\u001b[39m\n                    \u001b[36m</td>\u001b[39m\n                  \u001b[36m</tr>\u001b[39m\n                \u001b[36m</tbody>\u001b[39m\n              \u001b[36m</table>\u001b[39m\n            \u001b[36m</div>\u001b[39m\n          \u001b[36m</div>\u001b[39m\n        \u001b[36m</div>\u001b[39m\n      \u001b[36m</div>\u001b[39m\n    \u001b[36m</body>\u001b[39m\n\u001b[2m\u001b[22m\n\u001b[2m    \u001b[0m \u001b[90m 62 |\u001b[39m     )\u001b[33m;\u001b[39m\u001b[22m\n\u001b[2m     \u001b[90m 63 |\u001b[39m     \u001b[90m// Use findBy* for async rendering\u001b[39m\u001b[22m\n\u001b[2m    \u001b[31m\u001b[1m>\u001b[22m\u001b[2m\u001b[39m\u001b[90m 64 |\u001b[39m     expect(\u001b[36mawait\u001b[39m screen\u001b[33m.\u001b[39mfindByText(\u001b[35m/users/i\u001b[39m))\u001b[33m.\u001b[39mtoBeInTheDocument()\u001b[33m;\u001b[39m\u001b[22m\n\u001b[2m     \u001b[90m    |\u001b[39m                         \u001b[31m\u001b[1m^\u001b[22m\u001b[2m\u001b[39m\u001b[22m\n\u001b[2m     \u001b[90m 65 |\u001b[39m     expect(\u001b[36mawait\u001b[39m screen\u001b[33m.\u001b[39mfindByRole(\u001b[32m\"button\"\u001b[39m\u001b[33m,\u001b[39m { name\u001b[33m:\u001b[39m \u001b[35m/create user/i\u001b[39m }))\u001b[33m.\u001b[39mtoBeInTheDocument()\u001b[33m;\u001b[39m\u001b[22m\n\u001b[2m     \u001b[90m 66 |\u001b[39m     expect(\u001b[36mawait\u001b[39m screen\u001b[33m.\u001b[39mfindByText(\u001b[35m/test user/i\u001b[39m))\u001b[33m.\u001b[39mtoBeInTheDocument()\u001b[33m;\u001b[39m\u001b[22m\n\u001b[2m     \u001b[90m 67 |\u001b[39m   })\u001b[33m;\u001b[39m\u001b[0m\u001b[22m\n\u001b[2m\u001b[22m\n\u001b[2m      \u001b[2mat waitForWrapper (\u001b[22m\u001b[2mnode_modules/@testing-library/react/node_modules/@testing-library/dom/dist/wait-for.js\u001b[2m:166:27)\u001b[22m\u001b[2m\u001b[22m\n\u001b[2m      \u001b[2mat findByText (\u001b[22m\u001b[2mnode_modules/@testing-library/react/node_modules/@testing-library/dom/dist/query-helpers.js\u001b[2m:86:33)\u001b[22m\u001b[2m\u001b[22m\n\u001b[2m      \u001b[2mat call (\u001b[22m\u001b[2m\u001b[0m\u001b[36msrc/components/UsersSpreadsheet/__tests__/UsersSpreadsheet.test.tsx\u001b[39m\u001b[0m\u001b[2m:64:25)\u001b[22m\u001b[2m\u001b[22m\n\u001b[2m      \u001b[2mat Generator._invoke (\u001b[22m\u001b[2m\u001b[0m\u001b[36msrc/components/UsersSpreadsheet/__tests__/UsersSpreadsheet.test.tsx\u001b[39m\u001b[0m\u001b[2m:2:1)\u001b[22m\u001b[2m\u001b[22m\n\u001b[2m      \u001b[2mat Generator.next (\u001b[22m\u001b[2m\u001b[0m\u001b[36msrc/components/UsersSpreadsheet/__tests__/UsersSpreadsheet.test.tsx\u001b[39m\u001b[0m\u001b[2m:2:1)\u001b[22m\u001b[2m\u001b[22m\n\u001b[2m      \u001b[2mat asyncGeneratorStep (\u001b[22m\u001b[2m\u001b[0m\u001b[36msrc/components/UsersSpreadsheet/__tests__/UsersSpreadsheet.test.tsx\u001b[39m\u001b[0m\u001b[2m:2:1)\u001b[22m\u001b[2m\u001b[22m\n\u001b[2m      \u001b[2mat _next (\u001b[22m\u001b[2m\u001b[0m\u001b[36msrc/components/UsersSpreadsheet/__tests__/UsersSpreadsheet.test.tsx\u001b[39m\u001b[0m\u001b[2m:2:1)\u001b[22m\u001b[2m\u001b[22m\n\u001b[2m      \u001b[2mat \u001b[22m\u001b[2m\u001b[0m\u001b[36msrc/components/UsersSpreadsheet/__tests__/UsersSpreadsheet.test.tsx\u001b[39m\u001b[0m\u001b[2m:2:1\u001b[22m\u001b[2m\u001b[22m\n\u001b[2m      \u001b[2mat Object.<anonymous> (\u001b[22m\u001b[2m\u001b[0m\u001b[36msrc/components/UsersSpreadsheet/__tests__/UsersSpreadsheet.test.tsx\u001b[39m\u001b[0m\u001b[2m:2:1)\u001b[22m\u001b[2m\u001b[22m\n","name":"C:\\localDev\\UMD-Hack4Impact\\food-for-all-dc\\my-app\\src\\components\\UsersSpreadsheet\\__tests__\\UsersSpreadsheet.test.tsx","startTime":1752862156113,"status":"failed","summary":""},{"assertionResults":[{"ancestorTitles":["Modal Component","Basic Functionality"],"failureMessages":[],"fullName":"Modal Component Basic Functionality renders modal when open is true","location":null,"status":"passed","title":"renders modal when open is true"},{"ancestorTitles":["Modal Component","Basic Functionality"],"failureMessages":[],"fullName":"Modal Component Basic Functionality does not render modal when open is false","location":null,"status":"passed","title":"does not render modal when open is false"},{"ancestorTitles":["Modal Component","Basic Functionality"],"failureMessages":[],"fullName":"Modal Component Basic Functionality calls onClose when close button is clicked","location":null,"status":"passed","title":"calls onClose when close button is clicked"},{"ancestorTitles":["Modal Component","Close Button"],"failureMessages":[],"fullName":"Modal Component Close Button shows close button by default","location":null,"status":"passed","title":"shows close button by default"},{"ancestorTitles":["Modal Component","Close Button"],"failureMessages":[],"fullName":"Modal Component Close Button hides close button when showCloseButton is false","location":null,"status":"passed","title":"hides close button when showCloseButton is false"},{"ancestorTitles":["Modal Component","Backdrop Click"],"failureMessages":[],"fullName":"Modal Component Backdrop Click closes modal on backdrop click by default","location":null,"status":"passed","title":"closes modal on backdrop click by default"},{"ancestorTitles":["Modal Component","Backdrop Click"],"failureMessages":[],"fullName":"Modal Component Backdrop Click does not close modal on backdrop click when closeOnBackdropClick is false","location":null,"status":"passed","title":"does not close modal on backdrop click when closeOnBackdropClick is false"},{"ancestorTitles":["Modal Component","Actions"],"failureMessages":[],"fullName":"Modal Component Actions renders actions when provided","location":null,"status":"passed","title":"renders actions when provided"},{"ancestorTitles":["Modal Component","Actions"],"failureMessages":[],"fullName":"Modal Component Actions does not render actions section when no actions provided","location":null,"status":"passed","title":"does not render actions section when no actions provided"},{"ancestorTitles":["Modal Component","Accessibility"],"failureMessages":[],"fullName":"Modal Component Accessibility has proper ARIA attributes","location":null,"status":"passed","title":"has proper ARIA attributes"},{"ancestorTitles":["Modal Component","Accessibility"],"failureMessages":[],"fullName":"Modal Component Accessibility has proper heading structure","location":null,"status":"passed","title":"has proper heading structure"}],"endTime":1752862171754,"message":"","name":"C:\\localDev\\UMD-Hack4Impact\\food-for-all-dc\\my-app\\src\\components\\common\\Modal\\Modal.test.tsx","startTime":1752862156123,"status":"passed","summary":""},{"assertionResults":[{"ancestorTitles":["ConfirmationModal","Basic Functionality"],"failureMessages":[],"fullName":"ConfirmationModal Basic Functionality renders with default props","location":null,"status":"passed","title":"renders with default props"},{"ancestorTitles":["ConfirmationModal","Basic Functionality"],"failureMessages":[],"fullName":"ConfirmationModal Basic Functionality calls onConfirm and onClose when confirm button is clicked","location":null,"status":"passed","title":"calls onConfirm and onClose when confirm button is clicked"},{"ancestorTitles":["ConfirmationModal","Basic Functionality"],"failureMessages":[],"fullName":"ConfirmationModal Basic Functionality calls onClose when cancel button is clicked","location":null,"status":"passed","title":"calls onClose when cancel button is clicked"},{"ancestorTitles":["ConfirmationModal","Custom Text"],"failureMessages":[],"fullName":"ConfirmationModal Custom Text renders custom confirm text","location":null,"status":"passed","title":"renders custom confirm text"},{"ancestorTitles":["ConfirmationModal","Custom Text"],"failureMessages":[],"fullName":"ConfirmationModal Custom Text renders custom cancel text","location":null,"status":"passed","title":"renders custom cancel text"},{"ancestorTitles":["ConfirmationModal","Button Colors"],"failureMessages":[],"fullName":"ConfirmationModal Button Colors renders primary color by default","location":null,"status":"passed","title":"renders primary color by default"},{"ancestorTitles":["ConfirmationModal","Button Colors"],"failureMessages":[],"fullName":"ConfirmationModal Button Colors renders error color when specified","location":null,"status":"passed","title":"renders error color when specified"},{"ancestorTitles":["ConfirmationModal","Button Colors"],"failureMessages":[],"fullName":"ConfirmationModal Button Colors renders warning color when specified","location":null,"status":"passed","title":"renders warning color when specified"},{"ancestorTitles":["ConfirmationModal","Focus Management"],"failureMessages":[],"fullName":"ConfirmationModal Focus Management focuses confirm button by default","location":null,"status":"passed","title":"focuses confirm button by default"},{"ancestorTitles":["ConfirmationModal","Keyboard Navigation"],"failureMessages":[],"fullName":"ConfirmationModal Keyboard Navigation confirms action when Enter is pressed on confirm button","location":null,"status":"passed","title":"confirms action when Enter is pressed on confirm button"},{"ancestorTitles":["ConfirmationModal","Keyboard Navigation"],"failureMessages":[],"fullName":"ConfirmationModal Keyboard Navigation closes modal when Escape is pressed","location":null,"status":"passed","title":"closes modal when Escape is pressed"},{"ancestorTitles":["ConfirmationModal","Accessibility"],"failureMessages":[],"fullName":"ConfirmationModal Accessibility has proper ARIA attributes","location":null,"status":"passed","title":"has proper ARIA attributes"},{"ancestorTitles":["ConfirmationModal","Accessibility"],"failureMessages":[],"fullName":"ConfirmationModal Accessibility has proper button roles","location":null,"status":"passed","title":"has proper button roles"},{"ancestorTitles":["ConfirmationModal","Destructive Actions"],"failureMessages":[],"fullName":"ConfirmationModal Destructive Actions handles destructive action styling correctly","location":null,"status":"passed","title":"handles destructive action styling correctly"},{"ancestorTitles":["ConfirmationModal","Modal State"],"failureMessages":[],"fullName":"ConfirmationModal Modal State does not render when closed","location":null,"status":"passed","title":"does not render when closed"},{"ancestorTitles":["ConfirmationModal","Modal State"],"failureMessages":[],"fullName":"ConfirmationModal Modal State renders when open","location":null,"status":"passed","title":"renders when open"}],"endTime":1752862172036,"message":"","name":"C:\\localDev\\UMD-Hack4Impact\\food-for-all-dc\\my-app\\src\\components\\ConfirmationModal.test.tsx","startTime":1752862156146,"status":"passed","summary":""}],"wasInterrupted":false}