{"numFailedTestSuites":14,"numFailedTests":0,"numPassedTestSuites":0,"numPassedTests":0,"numPendingTestSuites":0,"numPendingTests":0,"numRuntimeErrorTestSuites":14,"numTodoTests":0,"numTotalTestSuites":14,"numTotalTests":0,"openHandles":[],"snapshot":{"added":0,"didUpdate":false,"failure":false,"filesAdded":0,"filesRemoved":0,"filesRemovedList":[],"filesUnmatched":0,"filesUpdated":0,"matched":0,"total":0,"unchecked":0,"uncheckedKeysByFile":[],"unmatched":0,"updated":0},"startTime":1752804759045,"success":false,"testResults":[{"assertionResults":[],"coverage":{},"endTime":1752804761949,"message":"  \u001b[1m● \u001b[22mTest suite failed to run\n\n    TypeError: Cannot read properties of undefined (reading 'html')\n\n      \u001b[2mat new JSDOMEnvironment (\u001b[22mnode_modules/jest-environment-jsdom/build/index.js\u001b[2m:72:44)\u001b[22m\n","name":"C:\\localDev\\UMD-Hack4Impact\\food-for-all-dc\\my-app\\src\\components\\ConfirmationModal.test.tsx","startTime":1752804761949,"status":"failed","summary":""},{"assertionResults":[],"coverage":{},"endTime":1752804761949,"message":"  \u001b[1m● \u001b[22mTest suite failed to run\n\n    TypeError: Cannot read properties of undefined (reading 'html')\n\n      \u001b[2mat new JSDOMEnvironment (\u001b[22mnode_modules/jest-environment-jsdom/build/index.js\u001b[2m:72:44)\u001b[22m\n","name":"C:\\localDev\\UMD-Hack4Impact\\food-for-all-dc\\my-app\\src\\components\\common\\Modal\\Modal.test.tsx","startTime":1752804761949,"status":"failed","summary":""},{"assertionResults":[],"coverage":{},"endTime":1752804761949,"message":"  \u001b[1m● \u001b[22mTest suite failed to run\n\n    TypeError: Cannot read properties of undefined (reading 'html')\n\n      \u001b[2mat new JSDOMEnvironment (\u001b[22mnode_modules/jest-environment-jsdom/build/index.js\u001b[2m:72:44)\u001b[22m\n","name":"C:\\localDev\\UMD-Hack4Impact\\food-for-all-dc\\my-app\\src\\__tests__\\routing.test.tsx","startTime":1752804761949,"status":"failed","summary":""},{"assertionResults":[],"coverage":{},"endTime":1752804761949,"message":"  \u001b[1m● \u001b[22mTest suite failed to run\n\n    TypeError: Cannot read properties of undefined (reading 'html')\n\n      \u001b[2mat new JSDOMEnvironment (\u001b[22mnode_modules/jest-environment-jsdom/build/index.js\u001b[2m:72:44)\u001b[22m\n","name":"C:\\localDev\\UMD-Hack4Impact\\food-for-all-dc\\my-app\\src\\components\\UsersSpreadsheet\\__tests__\\CreateUserModal.test.tsx","startTime":1752804761949,"status":"failed","summary":""},{"assertionResults":[],"coverage":{},"endTime":1752804761949,"message":"  \u001b[1m● \u001b[22mTest suite failed to run\n\n    TypeError: Cannot read properties of undefined (reading 'html')\n\n      \u001b[2mat new JSDOMEnvironment (\u001b[22mnode_modules/jest-environment-jsdom/build/index.js\u001b[2m:72:44)\u001b[22m\n","name":"C:\\localDev\\UMD-Hack4Impact\\food-for-all-dc\\my-app\\src\\__tests__\\route-config.test.tsx","startTime":1752804761949,"status":"failed","summary":""},{"assertionResults":[],"coverage":{},"endTime":1752804761949,"message":"  \u001b[1m● \u001b[22mTest suite failed to run\n\n    TypeError: Cannot read properties of undefined (reading 'html')\n\n      \u001b[2mat new JSDOMEnvironment (\u001b[22mnode_modules/jest-environment-jsdom/build/index.js\u001b[2m:72:44)\u001b[22m\n","name":"C:\\localDev\\UMD-Hack4Impact\\food-for-all-dc\\my-app\\src\\components\\UsersSpreadsheet\\__tests__\\UsersSpreadsheet.test.tsx","startTime":1752804761949,"status":"failed","summary":""},{"assertionResults":[],"coverage":{},"endTime":1752804761949,"message":"  \u001b[1m● \u001b[22mTest suite failed to run\n\n    TypeError: Cannot read properties of undefined (reading 'html')\n\n      \u001b[2mat new JSDOMEnvironment (\u001b[22mnode_modules/jest-environment-jsdom/build/index.js\u001b[2m:72:44)\u001b[22m\n","name":"C:\\localDev\\UMD-Hack4Impact\\food-for-all-dc\\my-app\\src\\components\\common\\Input\\Input.test.tsx","startTime":1752804761949,"status":"failed","summary":""},{"assertionResults":[],"coverage":{},"endTime":1752804761949,"message":"  \u001b[1m● \u001b[22mTest suite failed to run\n\n    TypeError: Cannot read properties of undefined (reading 'html')\n\n      \u001b[2mat new JSDOMEnvironment (\u001b[22mnode_modules/jest-environment-jsdom/build/index.js\u001b[2m:72:44)\u001b[22m\n","name":"C:\\localDev\\UMD-Hack4Impact\\food-for-all-dc\\my-app\\src\\__tests__\\navigation-bar.test.tsx","startTime":1752804761949,"status":"failed","summary":""},{"assertionResults":[],"coverage":{},"endTime":1752804761949,"message":"  \u001b[1m● \u001b[22mTest suite failed to run\n\n    TypeError: Cannot read properties of undefined (reading 'html')\n\n      \u001b[2mat new JSDOMEnvironment (\u001b[22mnode_modules/jest-environment-jsdom/build/index.js\u001b[2m:72:44)\u001b[22m\n","name":"C:\\localDev\\UMD-Hack4Impact\\food-for-all-dc\\my-app\\src\\components\\UsersSpreadsheet\\__tests__\\DeleteUserModal.test.tsx","startTime":1752804761949,"status":"failed","summary":""},{"assertionResults":[],"coverage":{},"endTime":1752804761949,"message":"  \u001b[1m● \u001b[22mTest suite failed to run\n\n    TypeError: Cannot read properties of undefined (reading 'html')\n\n      \u001b[2mat new JSDOMEnvironment (\u001b[22mnode_modules/jest-environment-jsdom/build/index.js\u001b[2m:72:44)\u001b[22m\n","name":"C:\\localDev\\UMD-Hack4Impact\\food-for-all-dc\\my-app\\src\\components\\common\\Button\\Button.test.tsx","startTime":1752804761949,"status":"failed","summary":""},{"assertionResults":[],"coverage":{},"endTime":1752804761949,"message":"  \u001b[1m● \u001b[22mTest suite failed to run\n\n    TypeError: Cannot read properties of undefined (reading 'html')\n\n      \u001b[2mat new JSDOMEnvironment (\u001b[22mnode_modules/jest-environment-jsdom/build/index.js\u001b[2m:72:44)\u001b[22m\n","name":"C:\\localDev\\UMD-Hack4Impact\\food-for-all-dc\\my-app\\src\\__tests__\\loading-state.test.tsx","startTime":1752804761949,"status":"failed","summary":""},{"assertionResults":[],"coverage":{},"endTime":1752804761949,"message":"  \u001b[1m● \u001b[22mTest suite failed to run\n\n    TypeError: Cannot read properties of undefined (reading 'html')\n\n      \u001b[2mat new JSDOMEnvironment (\u001b[22mnode_modules/jest-environment-jsdom/build/index.js\u001b[2m:72:44)\u001b[22m\n","name":"C:\\localDev\\UMD-Hack4Impact\\food-for-all-dc\\my-app\\src\\__tests__\\error-page.test.tsx","startTime":1752804761949,"status":"failed","summary":""},{"assertionResults":[],"coverage":{},"endTime":1752804761949,"message":"  \u001b[1m● \u001b[22mTest suite failed to run\n\n    TypeError: Cannot read properties of undefined (reading 'html')\n\n      \u001b[2mat new JSDOMEnvironment (\u001b[22mnode_modules/jest-environment-jsdom/build/index.js\u001b[2m:72:44)\u001b[22m\n","name":"C:\\localDev\\UMD-Hack4Impact\\food-for-all-dc\\my-app\\src\\auth\\__tests__\\AuthProvider.test.tsx","startTime":1752804761949,"status":"failed","summary":""},{"assertionResults":[],"coverage":{},"endTime":1752804761949,"message":"  \u001b[1m● \u001b[22mTest suite failed to run\n\n    TypeError: Cannot read properties of undefined (reading 'html')\n\n      \u001b[2mat new JSDOMEnvironment (\u001b[22mnode_modules/jest-environment-jsdom/build/index.js\u001b[2m:72:44)\u001b[22m\n","name":"C:\\localDev\\UMD-Hack4Impact\\food-for-all-dc\\my-app\\src\\services\\__tests__\\AuthUserService.test.ts","startTime":1752804761949,"status":"failed","summary":""}],"wasInterrupted":false}
