{"numFailedTestSuites":3,"numFailedTests":12,"numPassedTestSuites":0,"numPassedTests":51,"numPendingTestSuites":0,"numPendingTests":0,"numRuntimeErrorTestSuites":0,"numTodoTests":0,"numTotalTestSuites":3,"numTotalTests":63,"openHandles":[],"snapshot":{"added":0,"didUpdate":false,"failure":false,"filesAdded":0,"filesRemoved":0,"filesRemovedList":[],"filesUnmatched":0,"filesUpdated":0,"matched":0,"total":0,"unchecked":0,"uncheckedKeysByFile":[],"unmatched":0,"updated":0},"startTime":1753550136152,"success":false,"testResults":[{"assertionResults":[{"ancestorTitles":["DeliveryService"],"failureMessages":[],"fullName":"DeliveryService should be a singleton","location":{"column":3,"line":15},"status":"passed","title":"should be a singleton"},{"ancestorTitles":["DeliveryService"],"failureMessages":[],"fullName":"DeliveryService should have getAllEvents method","location":{"column":3,"line":20},"status":"passed","title":"should have getAllEvents method"},{"ancestorTitles":["DeliveryService"],"failureMessages":[],"fullName":"DeliveryService should have getEventsByClientId method","location":{"column":3,"line":23},"status":"passed","title":"should have getEventsByClientId method"},{"ancestorTitles":["DeliveryService","getAllEvents"],"failureMessages":[],"fullName":"DeliveryService getAllEvents should return an array of events on success","location":{"column":5,"line":28},"status":"passed","title":"should return an array of events on success"},{"ancestorTitles":["DeliveryService","getAllEvents"],"failureMessages":[],"fullName":"DeliveryService getAllEvents should throw on Firestore error","location":{"column":5,"line":34},"status":"passed","title":"should throw on Firestore error"},{"ancestorTitles":["DeliveryService","getEventsByDateRange"],"failureMessages":["Error: thrown: \"Exceeded timeout of 15000 ms for a test.\nUse jest.setTimeout(newTimeout) to increase the timeout value, if this is a long-running test.\"\n    at C:\\localdev\\UMD-Hackathon\\food-for-all-dc\\my-app\\src\\services\\__tests__\\delivery-service.test.ts:41:5\n    at _dispatchDescribe (C:\\localdev\\UMD-Hackathon\\food-for-all-dc\\my-app\\node_modules\\jest-circus\\build\\index.js:98:26)\n    at describe (C:\\localdev\\UMD-Hackathon\\food-for-all-dc\\my-app\\node_modules\\jest-circus\\build\\index.js:60:5)\n    at C:\\localdev\\UMD-Hackathon\\food-for-all-dc\\my-app\\src\\services\\__tests__\\delivery-service.test.ts:40:3\n    at _dispatchDescribe (C:\\localdev\\UMD-Hackathon\\food-for-all-dc\\my-app\\node_modules\\jest-circus\\build\\index.js:98:26)\n    at describe (C:\\localdev\\UMD-Hackathon\\food-for-all-dc\\my-app\\node_modules\\jest-circus\\build\\index.js:60:5)\n    at Object.<anonymous> (C:\\localdev\\UMD-Hackathon\\food-for-all-dc\\my-app\\src\\services\\__tests__\\delivery-service.test.ts:8:1)\n    at Runtime._execModule (C:\\localdev\\UMD-Hackathon\\food-for-all-dc\\my-app\\node_modules\\jest-runtime\\build\\index.js:1646:24)\n    at Runtime._loadModule (C:\\localdev\\UMD-Hackathon\\food-for-all-dc\\my-app\\node_modules\\jest-runtime\\build\\index.js:1185:12)\n    at Runtime.requireModule (C:\\localdev\\UMD-Hackathon\\food-for-all-dc\\my-app\\node_modules\\jest-runtime\\build\\index.js:1009:12)\n    at jestAdapter (C:\\localdev\\UMD-Hackathon\\food-for-all-dc\\my-app\\node_modules\\jest-circus\\build\\legacy-code-todo-rewrite\\jestAdapter.js:79:13)\n    at runTestInternal (C:\\localdev\\UMD-Hackathon\\food-for-all-dc\\my-app\\node_modules\\jest-runner\\build\\runTest.js:389:16)\n    at runTest (C:\\localdev\\UMD-Hackathon\\food-for-all-dc\\my-app\\node_modules\\jest-runner\\build\\runTest.js:475:34)"],"fullName":"DeliveryService getEventsByDateRange should return an array of events","location":null,"status":"failed","title":"should return an array of events"},{"ancestorTitles":["DeliveryService","createEvent"],"failureMessages":[],"fullName":"DeliveryService createEvent should return a string id on success","location":{"column":5,"line":50},"status":"passed","title":"should return a string id on success"},{"ancestorTitles":["DeliveryService","createEvent"],"failureMessages":[],"fullName":"DeliveryService createEvent should throw on Firestore error","location":{"column":5,"line":54},"status":"passed","title":"should throw on Firestore error"},{"ancestorTitles":["DeliveryService","updateEvent"],"failureMessages":[],"fullName":"DeliveryService updateEvent should resolve on success","location":{"column":5,"line":61},"status":"passed","title":"should resolve on success"},{"ancestorTitles":["DeliveryService","updateEvent"],"failureMessages":[],"fullName":"DeliveryService updateEvent should throw on Firestore error","location":{"column":5,"line":64},"status":"passed","title":"should throw on Firestore error"},{"ancestorTitles":["DeliveryService","deleteEvent"],"failureMessages":[],"fullName":"DeliveryService deleteEvent should resolve on success","location":{"column":5,"line":71},"status":"passed","title":"should resolve on success"},{"ancestorTitles":["DeliveryService","deleteEvent"],"failureMessages":[],"fullName":"DeliveryService deleteEvent should throw on Firestore error","location":{"column":5,"line":74},"status":"passed","title":"should throw on Firestore error"},{"ancestorTitles":["DeliveryService","getEventsByClientId"],"failureMessages":["Error: thrown: \"Exceeded timeout of 15000 ms for a test.\nUse jest.setTimeout(newTimeout) to increase the timeout value, if this is a long-running test.\"\n    at C:\\localdev\\UMD-Hackathon\\food-for-all-dc\\my-app\\src\\services\\__tests__\\delivery-service.test.ts:81:5\n    at _dispatchDescribe (C:\\localdev\\UMD-Hackathon\\food-for-all-dc\\my-app\\node_modules\\jest-circus\\build\\index.js:98:26)\n    at describe (C:\\localdev\\UMD-Hackathon\\food-for-all-dc\\my-app\\node_modules\\jest-circus\\build\\index.js:60:5)\n    at C:\\localdev\\UMD-Hackathon\\food-for-all-dc\\my-app\\src\\services\\__tests__\\delivery-service.test.ts:80:3\n    at _dispatchDescribe (C:\\localdev\\UMD-Hackathon\\food-for-all-dc\\my-app\\node_modules\\jest-circus\\build\\index.js:98:26)\n    at describe (C:\\localdev\\UMD-Hackathon\\food-for-all-dc\\my-app\\node_modules\\jest-circus\\build\\index.js:60:5)\n    at Object.<anonymous> (C:\\localdev\\UMD-Hackathon\\food-for-all-dc\\my-app\\src\\services\\__tests__\\delivery-service.test.ts:8:1)\n    at Runtime._execModule (C:\\localdev\\UMD-Hackathon\\food-for-all-dc\\my-app\\node_modules\\jest-runtime\\build\\index.js:1646:24)\n    at Runtime._loadModule (C:\\localdev\\UMD-Hackathon\\food-for-all-dc\\my-app\\node_modules\\jest-runtime\\build\\index.js:1185:12)\n    at Runtime.requireModule (C:\\localdev\\UMD-Hackathon\\food-for-all-dc\\my-app\\node_modules\\jest-runtime\\build\\index.js:1009:12)\n    at jestAdapter (C:\\localdev\\UMD-Hackathon\\food-for-all-dc\\my-app\\node_modules\\jest-circus\\build\\legacy-code-todo-rewrite\\jestAdapter.js:79:13)\n    at runTestInternal (C:\\localdev\\UMD-Hackathon\\food-for-all-dc\\my-app\\node_modules\\jest-runner\\build\\runTest.js:389:16)\n    at runTest (C:\\localdev\\UMD-Hackathon\\food-for-all-dc\\my-app\\node_modules\\jest-runner\\build\\runTest.js:475:34)"],"fullName":"DeliveryService getEventsByClientId should return an array of events","location":null,"status":"failed","title":"should return an array of events"},{"ancestorTitles":["DeliveryService","getDailyLimits"],"failureMessages":[],"fullName":"DeliveryService getDailyLimits should return an array of daily limits","location":{"column":5,"line":90},"status":"passed","title":"should return an array of daily limits"},{"ancestorTitles":["DeliveryService","setDailyLimit"],"failureMessages":[],"fullName":"DeliveryService setDailyLimit should resolve on success","location":{"column":5,"line":97},"status":"passed","title":"should resolve on success"},{"ancestorTitles":["DeliveryService","setDailyLimit"],"failureMessages":[],"fullName":"DeliveryService setDailyLimit should throw on Firestore error","location":{"column":5,"line":100},"status":"passed","title":"should throw on Firestore error"},{"ancestorTitles":["DeliveryService","getWeeklyLimits"],"failureMessages":[],"fullName":"DeliveryService getWeeklyLimits should return an object","location":{"column":5,"line":107},"status":"passed","title":"should return an object"},{"ancestorTitles":["DeliveryService","updateWeeklyLimits"],"failureMessages":[],"fullName":"DeliveryService updateWeeklyLimits should resolve on success","location":{"column":5,"line":114},"status":"passed","title":"should resolve on success"},{"ancestorTitles":["DeliveryService","updateWeeklyLimits"],"failureMessages":[],"fullName":"DeliveryService updateWeeklyLimits should throw on Firestore error","location":{"column":5,"line":117},"status":"passed","title":"should throw on Firestore error"},{"ancestorTitles":["DeliveryService","getPreviousDeliveries"],"failureMessages":["Error: thrown: \"Exceeded timeout of 15000 ms for a test.\nUse jest.setTimeout(newTimeout) to increase the timeout value, if this is a long-running test.\"\n    at C:\\localdev\\UMD-Hackathon\\food-for-all-dc\\my-app\\src\\services\\__tests__\\delivery-service.test.ts:124:5\n    at _dispatchDescribe (C:\\localdev\\UMD-Hackathon\\food-for-all-dc\\my-app\\node_modules\\jest-circus\\build\\index.js:98:26)\n    at describe (C:\\localdev\\UMD-Hackathon\\food-for-all-dc\\my-app\\node_modules\\jest-circus\\build\\index.js:60:5)\n    at C:\\localdev\\UMD-Hackathon\\food-for-all-dc\\my-app\\src\\services\\__tests__\\delivery-service.test.ts:123:3\n    at _dispatchDescribe (C:\\localdev\\UMD-Hackathon\\food-for-all-dc\\my-app\\node_modules\\jest-circus\\build\\index.js:98:26)\n    at describe (C:\\localdev\\UMD-Hackathon\\food-for-all-dc\\my-app\\node_modules\\jest-circus\\build\\index.js:60:5)\n    at Object.<anonymous> (C:\\localdev\\UMD-Hackathon\\food-for-all-dc\\my-app\\src\\services\\__tests__\\delivery-service.test.ts:8:1)\n    at Runtime._execModule (C:\\localdev\\UMD-Hackathon\\food-for-all-dc\\my-app\\node_modules\\jest-runtime\\build\\index.js:1646:24)\n    at Runtime._loadModule (C:\\localdev\\UMD-Hackathon\\food-for-all-dc\\my-app\\node_modules\\jest-runtime\\build\\index.js:1185:12)\n    at Runtime.requireModule (C:\\localdev\\UMD-Hackathon\\food-for-all-dc\\my-app\\node_modules\\jest-runtime\\build\\index.js:1009:12)\n    at jestAdapter (C:\\localdev\\UMD-Hackathon\\food-for-all-dc\\my-app\\node_modules\\jest-circus\\build\\legacy-code-todo-rewrite\\jestAdapter.js:79:13)\n    at runTestInternal (C:\\localdev\\UMD-Hackathon\\food-for-all-dc\\my-app\\node_modules\\jest-runner\\build\\runTest.js:389:16)\n    at runTest (C:\\localdev\\UMD-Hackathon\\food-for-all-dc\\my-app\\node_modules\\jest-runner\\build\\runTest.js:475:34)"],"fullName":"DeliveryService getPreviousDeliveries should return an array","location":null,"status":"failed","title":"should return an array"},{"ancestorTitles":["DeliveryService","getNextDeliveries"],"failureMessages":["Error: thrown: \"Exceeded timeout of 15000 ms for a test.\nUse jest.setTimeout(newTimeout) to increase the timeout value, if this is a long-running test.\"\n    at C:\\localdev\\UMD-Hackathon\\food-for-all-dc\\my-app\\src\\services\\__tests__\\delivery-service.test.ts:133:5\n    at _dispatchDescribe (C:\\localdev\\UMD-Hackathon\\food-for-all-dc\\my-app\\node_modules\\jest-circus\\build\\index.js:98:26)\n    at describe (C:\\localdev\\UMD-Hackathon\\food-for-all-dc\\my-app\\node_modules\\jest-circus\\build\\index.js:60:5)\n    at C:\\localdev\\UMD-Hackathon\\food-for-all-dc\\my-app\\src\\services\\__tests__\\delivery-service.test.ts:132:3\n    at _dispatchDescribe (C:\\localdev\\UMD-Hackathon\\food-for-all-dc\\my-app\\node_modules\\jest-circus\\build\\index.js:98:26)\n    at describe (C:\\localdev\\UMD-Hackathon\\food-for-all-dc\\my-app\\node_modules\\jest-circus\\build\\index.js:60:5)\n    at Object.<anonymous> (C:\\localdev\\UMD-Hackathon\\food-for-all-dc\\my-app\\src\\services\\__tests__\\delivery-service.test.ts:8:1)\n    at Runtime._execModule (C:\\localdev\\UMD-Hackathon\\food-for-all-dc\\my-app\\node_modules\\jest-runtime\\build\\index.js:1646:24)\n    at Runtime._loadModule (C:\\localdev\\UMD-Hackathon\\food-for-all-dc\\my-app\\node_modules\\jest-runtime\\build\\index.js:1185:12)\n    at Runtime.requireModule (C:\\localdev\\UMD-Hackathon\\food-for-all-dc\\my-app\\node_modules\\jest-runtime\\build\\index.js:1009:12)\n    at jestAdapter (C:\\localdev\\UMD-Hackathon\\food-for-all-dc\\my-app\\node_modules\\jest-circus\\build\\legacy-code-todo-rewrite\\jestAdapter.js:79:13)\n    at runTestInternal (C:\\localdev\\UMD-Hackathon\\food-for-all-dc\\my-app\\node_modules\\jest-runner\\build\\runTest.js:389:16)\n    at runTest (C:\\localdev\\UMD-Hackathon\\food-for-all-dc\\my-app\\node_modules\\jest-runner\\build\\runTest.js:475:34)"],"fullName":"DeliveryService getNextDeliveries should return an array","location":null,"status":"failed","title":"should return an array"},{"ancestorTitles":["DeliveryService","getClientDeliveryHistory"],"failureMessages":["Error: thrown: \"Exceeded timeout of 15000 ms for a test.\nUse jest.setTimeout(newTimeout) to increase the timeout value, if this is a long-running test.\"\n    at C:\\localdev\\UMD-Hackathon\\food-for-all-dc\\my-app\\src\\services\\__tests__\\delivery-service.test.ts:142:5\n    at _dispatchDescribe (C:\\localdev\\UMD-Hackathon\\food-for-all-dc\\my-app\\node_modules\\jest-circus\\build\\index.js:98:26)\n    at describe (C:\\localdev\\UMD-Hackathon\\food-for-all-dc\\my-app\\node_modules\\jest-circus\\build\\index.js:60:5)\n    at C:\\localdev\\UMD-Hackathon\\food-for-all-dc\\my-app\\src\\services\\__tests__\\delivery-service.test.ts:141:3\n    at _dispatchDescribe (C:\\localdev\\UMD-Hackathon\\food-for-all-dc\\my-app\\node_modules\\jest-circus\\build\\index.js:98:26)\n    at describe (C:\\localdev\\UMD-Hackathon\\food-for-all-dc\\my-app\\node_modules\\jest-circus\\build\\index.js:60:5)\n    at Object.<anonymous> (C:\\localdev\\UMD-Hackathon\\food-for-all-dc\\my-app\\src\\services\\__tests__\\delivery-service.test.ts:8:1)\n    at Runtime._execModule (C:\\localdev\\UMD-Hackathon\\food-for-all-dc\\my-app\\node_modules\\jest-runtime\\build\\index.js:1646:24)\n    at Runtime._loadModule (C:\\localdev\\UMD-Hackathon\\food-for-all-dc\\my-app\\node_modules\\jest-runtime\\build\\index.js:1185:12)\n    at Runtime.requireModule (C:\\localdev\\UMD-Hackathon\\food-for-all-dc\\my-app\\node_modules\\jest-runtime\\build\\index.js:1009:12)\n    at jestAdapter (C:\\localdev\\UMD-Hackathon\\food-for-all-dc\\my-app\\node_modules\\jest-circus\\build\\legacy-code-todo-rewrite\\jestAdapter.js:79:13)\n    at runTestInternal (C:\\localdev\\UMD-Hackathon\\food-for-all-dc\\my-app\\node_modules\\jest-runner\\build\\runTest.js:389:16)\n    at runTest (C:\\localdev\\UMD-Hackathon\\food-for-all-dc\\my-app\\node_modules\\jest-runner\\build\\runTest.js:475:34)"],"fullName":"DeliveryService getClientDeliveryHistory should return an object with pastDeliveries and futureDeliveries","location":null,"status":"failed","title":"should return an object with pastDeliveries and futureDeliveries"}],"endTime":1753550212821,"message":"\u001b[1m\u001b[31m  \u001b[1m● \u001b[22m\u001b[1mDeliveryService › getEventsByDateRange › should return an array of events\u001b[39m\u001b[22m\n\n    thrown: \"Exceeded timeout of 15000 ms for a test.\n    Use jest.setTimeout(newTimeout) to increase the timeout value, if this is a long-running test.\"\n\u001b[2m\u001b[22m\n\u001b[2m    \u001b[0m \u001b[90m 39 |\u001b[39m\u001b[22m\n\u001b[2m     \u001b[90m 40 |\u001b[39m   describe(\u001b[32m'getEventsByDateRange'\u001b[39m\u001b[33m,\u001b[39m () \u001b[33m=>\u001b[39m {\u001b[22m\n\u001b[2m    \u001b[31m\u001b[1m>\u001b[22m\u001b[2m\u001b[39m\u001b[90m 41 |\u001b[39m     it(\u001b[32m'should return an array of events'\u001b[39m\u001b[33m,\u001b[39m \u001b[36masync\u001b[39m () \u001b[33m=>\u001b[39m {\u001b[22m\n\u001b[2m     \u001b[90m    |\u001b[39m     \u001b[31m\u001b[1m^\u001b[22m\u001b[2m\u001b[39m\u001b[22m\n\u001b[2m     \u001b[90m 42 |\u001b[39m       console\u001b[33m.\u001b[39mlog(\u001b[32m'[Test] Calling getEventsByDateRange'\u001b[39m)\u001b[33m;\u001b[39m\u001b[22m\n\u001b[2m     \u001b[90m 43 |\u001b[39m       \u001b[36mconst\u001b[39m result \u001b[33m=\u001b[39m \u001b[36mawait\u001b[39m service\u001b[33m.\u001b[39mgetEventsByDateRange(\u001b[36mnew\u001b[39m \u001b[33mDate\u001b[39m()\u001b[33m,\u001b[39m \u001b[36mnew\u001b[39m \u001b[33mDate\u001b[39m())\u001b[33m;\u001b[39m\u001b[22m\n\u001b[2m     \u001b[90m 44 |\u001b[39m       console\u001b[33m.\u001b[39mlog(\u001b[32m'[Test] getEventsByDateRange result:'\u001b[39m\u001b[33m,\u001b[39m result)\u001b[33m;\u001b[39m\u001b[0m\u001b[22m\n\u001b[2m\u001b[22m\n\u001b[2m      \u001b[2mat \u001b[22m\u001b[2m\u001b[0m\u001b[36msrc/services/__tests__/delivery-service.test.ts\u001b[39m\u001b[0m\u001b[2m:41:5\u001b[22m\u001b[2m\u001b[22m\n\u001b[2m      \u001b[2mat \u001b[22m\u001b[2m\u001b[0m\u001b[36msrc/services/__tests__/delivery-service.test.ts\u001b[39m\u001b[0m\u001b[2m:40:3\u001b[22m\u001b[2m\u001b[22m\n\u001b[2m      \u001b[2mat Object.<anonymous> (\u001b[22m\u001b[2m\u001b[0m\u001b[36msrc/services/__tests__/delivery-service.test.ts\u001b[39m\u001b[0m\u001b[2m:8:1)\u001b[22m\u001b[2m\u001b[22m\n\n\u001b[1m\u001b[31m  \u001b[1m● \u001b[22m\u001b[1mDeliveryService › getEventsByClientId › should return an array of events\u001b[39m\u001b[22m\n\n    thrown: \"Exceeded timeout of 15000 ms for a test.\n    Use jest.setTimeout(newTimeout) to increase the timeout value, if this is a long-running test.\"\n\u001b[2m\u001b[22m\n\u001b[2m    \u001b[0m \u001b[90m 79 |\u001b[39m\u001b[22m\n\u001b[2m     \u001b[90m 80 |\u001b[39m   describe(\u001b[32m'getEventsByClientId'\u001b[39m\u001b[33m,\u001b[39m () \u001b[33m=>\u001b[39m {\u001b[22m\n\u001b[2m    \u001b[31m\u001b[1m>\u001b[22m\u001b[2m\u001b[39m\u001b[90m 81 |\u001b[39m     it(\u001b[32m'should return an array of events'\u001b[39m\u001b[33m,\u001b[39m \u001b[36masync\u001b[39m () \u001b[33m=>\u001b[39m {\u001b[22m\n\u001b[2m     \u001b[90m    |\u001b[39m     \u001b[31m\u001b[1m^\u001b[22m\u001b[2m\u001b[39m\u001b[22m\n\u001b[2m     \u001b[90m 82 |\u001b[39m       console\u001b[33m.\u001b[39mlog(\u001b[32m'[Test] Calling getEventsByClientId'\u001b[39m)\u001b[33m;\u001b[39m\u001b[22m\n\u001b[2m     \u001b[90m 83 |\u001b[39m       \u001b[36mconst\u001b[39m result \u001b[33m=\u001b[39m \u001b[36mawait\u001b[39m service\u001b[33m.\u001b[39mgetEventsByClientId(\u001b[32m'client-id'\u001b[39m)\u001b[33m;\u001b[39m\u001b[22m\n\u001b[2m     \u001b[90m 84 |\u001b[39m       console\u001b[33m.\u001b[39mlog(\u001b[32m'[Test] getEventsByClientId result:'\u001b[39m\u001b[33m,\u001b[39m result)\u001b[33m;\u001b[39m\u001b[0m\u001b[22m\n\u001b[2m\u001b[22m\n\u001b[2m      \u001b[2mat \u001b[22m\u001b[2m\u001b[0m\u001b[36msrc/services/__tests__/delivery-service.test.ts\u001b[39m\u001b[0m\u001b[2m:81:5\u001b[22m\u001b[2m\u001b[22m\n\u001b[2m      \u001b[2mat \u001b[22m\u001b[2m\u001b[0m\u001b[36msrc/services/__tests__/delivery-service.test.ts\u001b[39m\u001b[0m\u001b[2m:80:3\u001b[22m\u001b[2m\u001b[22m\n\u001b[2m      \u001b[2mat Object.<anonymous> (\u001b[22m\u001b[2m\u001b[0m\u001b[36msrc/services/__tests__/delivery-service.test.ts\u001b[39m\u001b[0m\u001b[2m:8:1)\u001b[22m\u001b[2m\u001b[22m\n\n\u001b[1m\u001b[31m  \u001b[1m● \u001b[22m\u001b[1mDeliveryService › getPreviousDeliveries › should return an array\u001b[39m\u001b[22m\n\n    thrown: \"Exceeded timeout of 15000 ms for a test.\n    Use jest.setTimeout(newTimeout) to increase the timeout value, if this is a long-running test.\"\n\u001b[2m\u001b[22m\n\u001b[2m    \u001b[0m \u001b[90m 122 |\u001b[39m\u001b[22m\n\u001b[2m     \u001b[90m 123 |\u001b[39m   describe(\u001b[32m'getPreviousDeliveries'\u001b[39m\u001b[33m,\u001b[39m () \u001b[33m=>\u001b[39m {\u001b[22m\n\u001b[2m    \u001b[31m\u001b[1m>\u001b[22m\u001b[2m\u001b[39m\u001b[90m 124 |\u001b[39m     it(\u001b[32m'should return an array'\u001b[39m\u001b[33m,\u001b[39m \u001b[36masync\u001b[39m () \u001b[33m=>\u001b[39m {\u001b[22m\n\u001b[2m     \u001b[90m     |\u001b[39m     \u001b[31m\u001b[1m^\u001b[22m\u001b[2m\u001b[39m\u001b[22m\n\u001b[2m     \u001b[90m 125 |\u001b[39m       console\u001b[33m.\u001b[39mlog(\u001b[32m'[Test] Calling getPreviousDeliveries'\u001b[39m)\u001b[33m;\u001b[39m\u001b[22m\n\u001b[2m     \u001b[90m 126 |\u001b[39m       \u001b[36mconst\u001b[39m result \u001b[33m=\u001b[39m \u001b[36mawait\u001b[39m service\u001b[33m.\u001b[39mgetPreviousDeliveries(\u001b[32m'client-id'\u001b[39m)\u001b[33m;\u001b[39m\u001b[22m\n\u001b[2m     \u001b[90m 127 |\u001b[39m       console\u001b[33m.\u001b[39mlog(\u001b[32m'[Test] getPreviousDeliveries result:'\u001b[39m\u001b[33m,\u001b[39m result)\u001b[33m;\u001b[39m\u001b[0m\u001b[22m\n\u001b[2m\u001b[22m\n\u001b[2m      \u001b[2mat \u001b[22m\u001b[2m\u001b[0m\u001b[36msrc/services/__tests__/delivery-service.test.ts\u001b[39m\u001b[0m\u001b[2m:124:5\u001b[22m\u001b[2m\u001b[22m\n\u001b[2m      \u001b[2mat \u001b[22m\u001b[2m\u001b[0m\u001b[36msrc/services/__tests__/delivery-service.test.ts\u001b[39m\u001b[0m\u001b[2m:123:3\u001b[22m\u001b[2m\u001b[22m\n\u001b[2m      \u001b[2mat Object.<anonymous> (\u001b[22m\u001b[2m\u001b[0m\u001b[36msrc/services/__tests__/delivery-service.test.ts\u001b[39m\u001b[0m\u001b[2m:8:1)\u001b[22m\u001b[2m\u001b[22m\n\n\u001b[1m\u001b[31m  \u001b[1m● \u001b[22m\u001b[1mDeliveryService › getNextDeliveries › should return an array\u001b[39m\u001b[22m\n\n    thrown: \"Exceeded timeout of 15000 ms for a test.\n    Use jest.setTimeout(newTimeout) to increase the timeout value, if this is a long-running test.\"\n\u001b[2m\u001b[22m\n\u001b[2m    \u001b[0m \u001b[90m 131 |\u001b[39m\u001b[22m\n\u001b[2m     \u001b[90m 132 |\u001b[39m   describe(\u001b[32m'getNextDeliveries'\u001b[39m\u001b[33m,\u001b[39m () \u001b[33m=>\u001b[39m {\u001b[22m\n\u001b[2m    \u001b[31m\u001b[1m>\u001b[22m\u001b[2m\u001b[39m\u001b[90m 133 |\u001b[39m     it(\u001b[32m'should return an array'\u001b[39m\u001b[33m,\u001b[39m \u001b[36masync\u001b[39m () \u001b[33m=>\u001b[39m {\u001b[22m\n\u001b[2m     \u001b[90m     |\u001b[39m     \u001b[31m\u001b[1m^\u001b[22m\u001b[2m\u001b[39m\u001b[22m\n\u001b[2m     \u001b[90m 134 |\u001b[39m       console\u001b[33m.\u001b[39mlog(\u001b[32m'[Test] Calling getNextDeliveries'\u001b[39m)\u001b[33m;\u001b[39m\u001b[22m\n\u001b[2m     \u001b[90m 135 |\u001b[39m       \u001b[36mconst\u001b[39m result \u001b[33m=\u001b[39m \u001b[36mawait\u001b[39m service\u001b[33m.\u001b[39mgetNextDeliveries(\u001b[32m'client-id'\u001b[39m)\u001b[33m;\u001b[39m\u001b[22m\n\u001b[2m     \u001b[90m 136 |\u001b[39m       console\u001b[33m.\u001b[39mlog(\u001b[32m'[Test] getNextDeliveries result:'\u001b[39m\u001b[33m,\u001b[39m result)\u001b[33m;\u001b[39m\u001b[0m\u001b[22m\n\u001b[2m\u001b[22m\n\u001b[2m      \u001b[2mat \u001b[22m\u001b[2m\u001b[0m\u001b[36msrc/services/__tests__/delivery-service.test.ts\u001b[39m\u001b[0m\u001b[2m:133:5\u001b[22m\u001b[2m\u001b[22m\n\u001b[2m      \u001b[2mat \u001b[22m\u001b[2m\u001b[0m\u001b[36msrc/services/__tests__/delivery-service.test.ts\u001b[39m\u001b[0m\u001b[2m:132:3\u001b[22m\u001b[2m\u001b[22m\n\u001b[2m      \u001b[2mat Object.<anonymous> (\u001b[22m\u001b[2m\u001b[0m\u001b[36msrc/services/__tests__/delivery-service.test.ts\u001b[39m\u001b[0m\u001b[2m:8:1)\u001b[22m\u001b[2m\u001b[22m\n\n\u001b[1m\u001b[31m  \u001b[1m● \u001b[22m\u001b[1mDeliveryService › getClientDeliveryHistory › should return an object with pastDeliveries and futureDeliveries\u001b[39m\u001b[22m\n\n    thrown: \"Exceeded timeout of 15000 ms for a test.\n    Use jest.setTimeout(newTimeout) to increase the timeout value, if this is a long-running test.\"\n\u001b[2m\u001b[22m\n\u001b[2m    \u001b[0m \u001b[90m 140 |\u001b[39m\u001b[22m\n\u001b[2m     \u001b[90m 141 |\u001b[39m   describe(\u001b[32m'getClientDeliveryHistory'\u001b[39m\u001b[33m,\u001b[39m () \u001b[33m=>\u001b[39m {\u001b[22m\n\u001b[2m    \u001b[31m\u001b[1m>\u001b[22m\u001b[2m\u001b[39m\u001b[90m 142 |\u001b[39m     it(\u001b[32m'should return an object with pastDeliveries and futureDeliveries'\u001b[39m\u001b[33m,\u001b[39m \u001b[36masync\u001b[39m () \u001b[33m=>\u001b[39m {\u001b[22m\n\u001b[2m     \u001b[90m     |\u001b[39m     \u001b[31m\u001b[1m^\u001b[22m\u001b[2m\u001b[39m\u001b[22m\n\u001b[2m     \u001b[90m 143 |\u001b[39m       console\u001b[33m.\u001b[39mlog(\u001b[32m'[Test] Calling getClientDeliveryHistory'\u001b[39m)\u001b[33m;\u001b[39m\u001b[22m\n\u001b[2m     \u001b[90m 144 |\u001b[39m       \u001b[36mconst\u001b[39m result \u001b[33m=\u001b[39m \u001b[36mawait\u001b[39m service\u001b[33m.\u001b[39mgetClientDeliveryHistory(\u001b[32m'client-id'\u001b[39m)\u001b[33m;\u001b[39m\u001b[22m\n\u001b[2m     \u001b[90m 145 |\u001b[39m       console\u001b[33m.\u001b[39mlog(\u001b[32m'[Test] getClientDeliveryHistory result:'\u001b[39m\u001b[33m,\u001b[39m result)\u001b[33m;\u001b[39m\u001b[0m\u001b[22m\n\u001b[2m\u001b[22m\n\u001b[2m      \u001b[2mat \u001b[22m\u001b[2m\u001b[0m\u001b[36msrc/services/__tests__/delivery-service.test.ts\u001b[39m\u001b[0m\u001b[2m:142:5\u001b[22m\u001b[2m\u001b[22m\n\u001b[2m      \u001b[2mat \u001b[22m\u001b[2m\u001b[0m\u001b[36msrc/services/__tests__/delivery-service.test.ts\u001b[39m\u001b[0m\u001b[2m:141:3\u001b[22m\u001b[2m\u001b[22m\n\u001b[2m      \u001b[2mat Object.<anonymous> (\u001b[22m\u001b[2m\u001b[0m\u001b[36msrc/services/__tests__/delivery-service.test.ts\u001b[39m\u001b[0m\u001b[2m:8:1)\u001b[22m\u001b[2m\u001b[22m\n","name":"C:\\localdev\\UMD-Hackathon\\food-for-all-dc\\my-app\\src\\services\\__tests__\\delivery-service.test.ts","startTime":1753550136504,"status":"failed","summary":""},{"assertionResults":[{"ancestorTitles":["ClientService"],"failureMessages":[],"fullName":"ClientService should be a singleton","location":{"column":3,"line":18},"status":"passed","title":"should be a singleton"},{"ancestorTitles":["ClientService"],"failureMessages":[],"fullName":"ClientService should have getAllClients method","location":{"column":3,"line":23},"status":"passed","title":"should have getAllClients method"},{"ancestorTitles":["ClientService","getAllClients"],"failureMessages":[],"fullName":"ClientService getAllClients should return an array of clients on success","location":{"column":5,"line":28},"status":"passed","title":"should return an array of clients on success"},{"ancestorTitles":["ClientService","getAllClients"],"failureMessages":["Error: \u001b[2mexpect(\u001b[22m\u001b[31mreceived\u001b[39m\u001b[2m).\u001b[22mrejects\u001b[2m.\u001b[22mtoThrow\u001b[2m()\u001b[22m\n\nReceived promise resolved instead of rejected\nResolved to value: \u001b[31m{\"clients\": [], \"lastDoc\": undefined}\u001b[39m\n    at expect (C:\\localdev\\UMD-Hackathon\\food-for-all-dc\\my-app\\node_modules\\expect\\build\\index.js:178:15)\n    at call (C:\\localdev\\UMD-Hackathon\\food-for-all-dc\\my-app\\src\\services\\__tests__\\client-service.test.ts:37:13)\n    at Generator._invoke (C:\\localdev\\UMD-Hackathon\\food-for-all-dc\\my-app\\src\\services\\__tests__\\client-service.test.ts:2:1)\n    at Generator.next (C:\\localdev\\UMD-Hackathon\\food-for-all-dc\\my-app\\src\\services\\__tests__\\client-service.test.ts:2:1)\n    at asyncGeneratorStep (C:\\localdev\\UMD-Hackathon\\food-for-all-dc\\my-app\\src\\services\\__tests__\\client-service.test.ts:2:1)\n    at _next (C:\\localdev\\UMD-Hackathon\\food-for-all-dc\\my-app\\src\\services\\__tests__\\client-service.test.ts:2:1)\n    at C:\\localdev\\UMD-Hackathon\\food-for-all-dc\\my-app\\src\\services\\__tests__\\client-service.test.ts:2:1\n    at new Promise (<anonymous>)\n    at Object.<anonymous> (C:\\localdev\\UMD-Hackathon\\food-for-all-dc\\my-app\\src\\services\\__tests__\\client-service.test.ts:2:1)\n    at Promise.then.completed (C:\\localdev\\UMD-Hackathon\\food-for-all-dc\\my-app\\node_modules\\jest-circus\\build\\utils.js:391:28)\n    at new Promise (<anonymous>)\n    at callAsyncCircusFn (C:\\localdev\\UMD-Hackathon\\food-for-all-dc\\my-app\\node_modules\\jest-circus\\build\\utils.js:316:10)\n    at _callCircusTest (C:\\localdev\\UMD-Hackathon\\food-for-all-dc\\my-app\\node_modules\\jest-circus\\build\\run.js:218:40)\n    at _runTest (C:\\localdev\\UMD-Hackathon\\food-for-all-dc\\my-app\\node_modules\\jest-circus\\build\\run.js:155:3)\n    at _runTestsForDescribeBlock (C:\\localdev\\UMD-Hackathon\\food-for-all-dc\\my-app\\node_modules\\jest-circus\\build\\run.js:66:9)\n    at _runTestsForDescribeBlock (C:\\localdev\\UMD-Hackathon\\food-for-all-dc\\my-app\\node_modules\\jest-circus\\build\\run.js:60:9)\n    at _runTestsForDescribeBlock (C:\\localdev\\UMD-Hackathon\\food-for-all-dc\\my-app\\node_modules\\jest-circus\\build\\run.js:60:9)\n    at run (C:\\localdev\\UMD-Hackathon\\food-for-all-dc\\my-app\\node_modules\\jest-circus\\build\\run.js:25:3)\n    at runAndTransformResultsToJestFormat (C:\\localdev\\UMD-Hackathon\\food-for-all-dc\\my-app\\node_modules\\jest-circus\\build\\legacy-code-todo-rewrite\\jestAdapterInit.js:170:21)\n    at jestAdapter (C:\\localdev\\UMD-Hackathon\\food-for-all-dc\\my-app\\node_modules\\jest-circus\\build\\legacy-code-todo-rewrite\\jestAdapter.js:82:19)\n    at runTestInternal (C:\\localdev\\UMD-Hackathon\\food-for-all-dc\\my-app\\node_modules\\jest-runner\\build\\runTest.js:389:16)\n    at runTest (C:\\localdev\\UMD-Hackathon\\food-for-all-dc\\my-app\\node_modules\\jest-runner\\build\\runTest.js:475:34)"],"fullName":"ClientService getAllClients should throw on Firestore error","location":{"column":5,"line":34},"status":"failed","title":"should throw on Firestore error"},{"ancestorTitles":["ClientService","getClientById"],"failureMessages":[],"fullName":"ClientService getClientById should return a client object or null","location":{"column":5,"line":42},"status":"passed","title":"should return a client object or null"},{"ancestorTitles":["ClientService","getClientById"],"failureMessages":["Error: \u001b[2mexpect(\u001b[22m\u001b[31mreceived\u001b[39m\u001b[2m).\u001b[22mrejects\u001b[2m.\u001b[22mtoThrow\u001b[2m()\u001b[22m\n\nReceived promise resolved instead of rejected\nResolved to value: \u001b[31mnull\u001b[39m\n    at expect (C:\\localdev\\UMD-Hackathon\\food-for-all-dc\\my-app\\node_modules\\expect\\build\\index.js:178:15)\n    at call (C:\\localdev\\UMD-Hackathon\\food-for-all-dc\\my-app\\src\\services\\__tests__\\client-service.test.ts:50:13)\n    at Generator._invoke (C:\\localdev\\UMD-Hackathon\\food-for-all-dc\\my-app\\src\\services\\__tests__\\client-service.test.ts:2:1)\n    at Generator.next (C:\\localdev\\UMD-Hackathon\\food-for-all-dc\\my-app\\src\\services\\__tests__\\client-service.test.ts:2:1)\n    at asyncGeneratorStep (C:\\localdev\\UMD-Hackathon\\food-for-all-dc\\my-app\\src\\services\\__tests__\\client-service.test.ts:2:1)\n    at _next (C:\\localdev\\UMD-Hackathon\\food-for-all-dc\\my-app\\src\\services\\__tests__\\client-service.test.ts:2:1)\n    at C:\\localdev\\UMD-Hackathon\\food-for-all-dc\\my-app\\src\\services\\__tests__\\client-service.test.ts:2:1\n    at new Promise (<anonymous>)\n    at Object.<anonymous> (C:\\localdev\\UMD-Hackathon\\food-for-all-dc\\my-app\\src\\services\\__tests__\\client-service.test.ts:2:1)\n    at Promise.then.completed (C:\\localdev\\UMD-Hackathon\\food-for-all-dc\\my-app\\node_modules\\jest-circus\\build\\utils.js:391:28)\n    at new Promise (<anonymous>)\n    at callAsyncCircusFn (C:\\localdev\\UMD-Hackathon\\food-for-all-dc\\my-app\\node_modules\\jest-circus\\build\\utils.js:316:10)\n    at _callCircusTest (C:\\localdev\\UMD-Hackathon\\food-for-all-dc\\my-app\\node_modules\\jest-circus\\build\\run.js:218:40)\n    at _runTest (C:\\localdev\\UMD-Hackathon\\food-for-all-dc\\my-app\\node_modules\\jest-circus\\build\\run.js:155:3)\n    at _runTestsForDescribeBlock (C:\\localdev\\UMD-Hackathon\\food-for-all-dc\\my-app\\node_modules\\jest-circus\\build\\run.js:66:9)\n    at _runTestsForDescribeBlock (C:\\localdev\\UMD-Hackathon\\food-for-all-dc\\my-app\\node_modules\\jest-circus\\build\\run.js:60:9)\n    at _runTestsForDescribeBlock (C:\\localdev\\UMD-Hackathon\\food-for-all-dc\\my-app\\node_modules\\jest-circus\\build\\run.js:60:9)\n    at run (C:\\localdev\\UMD-Hackathon\\food-for-all-dc\\my-app\\node_modules\\jest-circus\\build\\run.js:25:3)\n    at runAndTransformResultsToJestFormat (C:\\localdev\\UMD-Hackathon\\food-for-all-dc\\my-app\\node_modules\\jest-circus\\build\\legacy-code-todo-rewrite\\jestAdapterInit.js:170:21)\n    at jestAdapter (C:\\localdev\\UMD-Hackathon\\food-for-all-dc\\my-app\\node_modules\\jest-circus\\build\\legacy-code-todo-rewrite\\jestAdapter.js:82:19)\n    at runTestInternal (C:\\localdev\\UMD-Hackathon\\food-for-all-dc\\my-app\\node_modules\\jest-runner\\build\\runTest.js:389:16)\n    at runTest (C:\\localdev\\UMD-Hackathon\\food-for-all-dc\\my-app\\node_modules\\jest-runner\\build\\runTest.js:475:34)"],"fullName":"ClientService getClientById should throw on Firestore error","location":{"column":5,"line":48},"status":"failed","title":"should throw on Firestore error"},{"ancestorTitles":["ClientService","createClient"],"failureMessages":["ServiceError: Failed to create client\n    at formatServiceError (C:\\localdev\\UMD-Hackathon\\food-for-all-dc\\my-app\\src\\utils\\serviceError.ts:18:12)\n    at call (C:\\localdev\\UMD-Hackathon\\food-for-all-dc\\my-app\\src\\services\\client-service.ts:104:31)\n    at Generator._invoke (C:\\localdev\\UMD-Hackathon\\food-for-all-dc\\my-app\\src\\services\\client-service.ts:2:1)\n    at Generator.next (C:\\localdev\\UMD-Hackathon\\food-for-all-dc\\my-app\\src\\services\\client-service.ts:2:1)\n    at asyncGeneratorStep (C:\\localdev\\UMD-Hackathon\\food-for-all-dc\\my-app\\src\\services\\client-service.ts:2:1)\n    at _next (C:\\localdev\\UMD-Hackathon\\food-for-all-dc\\my-app\\src\\services\\client-service.ts:2:1)\n    at C:\\localdev\\UMD-Hackathon\\food-for-all-dc\\my-app\\src\\services\\client-service.ts:2:1\n    at new Promise (<anonymous>)\n    at ClientService.apply (C:\\localdev\\UMD-Hackathon\\food-for-all-dc\\my-app\\src\\services\\client-service.ts:2:1)\n    at ClientService.createClient (C:\\localdev\\UMD-Hackathon\\food-for-all-dc\\my-app\\src\\services\\client-service.ts:93:28)\n    at call (C:\\localdev\\UMD-Hackathon\\food-for-all-dc\\my-app\\src\\services\\__tests__\\client-service.test.ts:57:32)\n    at Generator._invoke (C:\\localdev\\UMD-Hackathon\\food-for-all-dc\\my-app\\src\\services\\__tests__\\client-service.test.ts:2:1)\n    at Generator.next (C:\\localdev\\UMD-Hackathon\\food-for-all-dc\\my-app\\src\\services\\__tests__\\client-service.test.ts:2:1)\n    at asyncGeneratorStep (C:\\localdev\\UMD-Hackathon\\food-for-all-dc\\my-app\\src\\services\\__tests__\\client-service.test.ts:2:1)\n    at _next (C:\\localdev\\UMD-Hackathon\\food-for-all-dc\\my-app\\src\\services\\__tests__\\client-service.test.ts:2:1)\n    at C:\\localdev\\UMD-Hackathon\\food-for-all-dc\\my-app\\src\\services\\__tests__\\client-service.test.ts:2:1\n    at new Promise (<anonymous>)\n    at Object.<anonymous> (C:\\localdev\\UMD-Hackathon\\food-for-all-dc\\my-app\\src\\services\\__tests__\\client-service.test.ts:2:1)\n    at Promise.then.completed (C:\\localdev\\UMD-Hackathon\\food-for-all-dc\\my-app\\node_modules\\jest-circus\\build\\utils.js:391:28)\n    at new Promise (<anonymous>)\n    at callAsyncCircusFn (C:\\localdev\\UMD-Hackathon\\food-for-all-dc\\my-app\\node_modules\\jest-circus\\build\\utils.js:316:10)\n    at _callCircusTest (C:\\localdev\\UMD-Hackathon\\food-for-all-dc\\my-app\\node_modules\\jest-circus\\build\\run.js:218:40)\n    at _runTest (C:\\localdev\\UMD-Hackathon\\food-for-all-dc\\my-app\\node_modules\\jest-circus\\build\\run.js:155:3)\n    at _runTestsForDescribeBlock (C:\\localdev\\UMD-Hackathon\\food-for-all-dc\\my-app\\node_modules\\jest-circus\\build\\run.js:66:9)\n    at _runTestsForDescribeBlock (C:\\localdev\\UMD-Hackathon\\food-for-all-dc\\my-app\\node_modules\\jest-circus\\build\\run.js:60:9)\n    at _runTestsForDescribeBlock (C:\\localdev\\UMD-Hackathon\\food-for-all-dc\\my-app\\node_modules\\jest-circus\\build\\run.js:60:9)\n    at run (C:\\localdev\\UMD-Hackathon\\food-for-all-dc\\my-app\\node_modules\\jest-circus\\build\\run.js:25:3)\n    at runAndTransformResultsToJestFormat (C:\\localdev\\UMD-Hackathon\\food-for-all-dc\\my-app\\node_modules\\jest-circus\\build\\legacy-code-todo-rewrite\\jestAdapterInit.js:170:21)\n    at jestAdapter (C:\\localdev\\UMD-Hackathon\\food-for-all-dc\\my-app\\node_modules\\jest-circus\\build\\legacy-code-todo-rewrite\\jestAdapter.js:82:19)\n    at runTestInternal (C:\\localdev\\UMD-Hackathon\\food-for-all-dc\\my-app\\node_modules\\jest-runner\\build\\runTest.js:389:16)\n    at runTest (C:\\localdev\\UMD-Hackathon\\food-for-all-dc\\my-app\\node_modules\\jest-runner\\build\\runTest.js:475:34)"],"fullName":"ClientService createClient should return a string id on success","location":{"column":5,"line":55},"status":"failed","title":"should return a string id on success"},{"ancestorTitles":["ClientService","createClient"],"failureMessages":[],"fullName":"ClientService createClient should throw on Firestore error","location":{"column":5,"line":61},"status":"passed","title":"should throw on Firestore error"},{"ancestorTitles":["ClientService","updateClient"],"failureMessages":["Error: thrown: \"Exceeded timeout of 15000 ms for a test.\nUse jest.setTimeout(newTimeout) to increase the timeout value, if this is a long-running test.\"\n    at C:\\localdev\\UMD-Hackathon\\food-for-all-dc\\my-app\\src\\services\\__tests__\\client-service.test.ts:68:5\n    at _dispatchDescribe (C:\\localdev\\UMD-Hackathon\\food-for-all-dc\\my-app\\node_modules\\jest-circus\\build\\index.js:98:26)\n    at describe (C:\\localdev\\UMD-Hackathon\\food-for-all-dc\\my-app\\node_modules\\jest-circus\\build\\index.js:60:5)\n    at C:\\localdev\\UMD-Hackathon\\food-for-all-dc\\my-app\\src\\services\\__tests__\\client-service.test.ts:67:3\n    at _dispatchDescribe (C:\\localdev\\UMD-Hackathon\\food-for-all-dc\\my-app\\node_modules\\jest-circus\\build\\index.js:98:26)\n    at describe (C:\\localdev\\UMD-Hackathon\\food-for-all-dc\\my-app\\node_modules\\jest-circus\\build\\index.js:60:5)\n    at Object.<anonymous> (C:\\localdev\\UMD-Hackathon\\food-for-all-dc\\my-app\\src\\services\\__tests__\\client-service.test.ts:11:1)\n    at Runtime._execModule (C:\\localdev\\UMD-Hackathon\\food-for-all-dc\\my-app\\node_modules\\jest-runtime\\build\\index.js:1646:24)\n    at Runtime._loadModule (C:\\localdev\\UMD-Hackathon\\food-for-all-dc\\my-app\\node_modules\\jest-runtime\\build\\index.js:1185:12)\n    at Runtime.requireModule (C:\\localdev\\UMD-Hackathon\\food-for-all-dc\\my-app\\node_modules\\jest-runtime\\build\\index.js:1009:12)\n    at jestAdapter (C:\\localdev\\UMD-Hackathon\\food-for-all-dc\\my-app\\node_modules\\jest-circus\\build\\legacy-code-todo-rewrite\\jestAdapter.js:79:13)\n    at runTestInternal (C:\\localdev\\UMD-Hackathon\\food-for-all-dc\\my-app\\node_modules\\jest-runner\\build\\runTest.js:389:16)\n    at runTest (C:\\localdev\\UMD-Hackathon\\food-for-all-dc\\my-app\\node_modules\\jest-runner\\build\\runTest.js:475:34)"],"fullName":"ClientService updateClient should resolve on success","location":null,"status":"failed","title":"should resolve on success"},{"ancestorTitles":["ClientService","updateClient"],"failureMessages":[],"fullName":"ClientService updateClient should throw on Firestore error","location":{"column":5,"line":73},"status":"passed","title":"should throw on Firestore error"},{"ancestorTitles":["ClientService","deleteClient"],"failureMessages":[],"fullName":"ClientService deleteClient should resolve on success","location":{"column":5,"line":80},"status":"passed","title":"should resolve on success"},{"ancestorTitles":["ClientService","deleteClient"],"failureMessages":[],"fullName":"ClientService deleteClient should throw on Firestore error","location":{"column":5,"line":83},"status":"passed","title":"should throw on Firestore error"},{"ancestorTitles":["ClientService","subscribeToAllClients"],"failureMessages":[],"fullName":"ClientService subscribeToAllClients should call onData with an array","location":{"column":5,"line":90},"status":"passed","title":"should call onData with an array"},{"ancestorTitles":["ClientService","getAllTags"],"failureMessages":[],"fullName":"ClientService getAllTags should return an array of tags","location":{"column":5,"line":98},"status":"passed","title":"should return an array of tags"},{"ancestorTitles":["ClientService","updateTags"],"failureMessages":[],"fullName":"ClientService updateTags should resolve on success","location":{"column":5,"line":105},"status":"passed","title":"should resolve on success"},{"ancestorTitles":["ClientService","updateTags"],"failureMessages":[],"fullName":"ClientService updateTags should throw on Firestore error","location":{"column":5,"line":108},"status":"passed","title":"should throw on Firestore error"},{"ancestorTitles":["ClientService","updateClientCluster"],"failureMessages":[],"fullName":"ClientService updateClientCluster should resolve on success","location":{"column":5,"line":115},"status":"passed","title":"should resolve on success"},{"ancestorTitles":["ClientService","updateClientCluster"],"failureMessages":[],"fullName":"ClientService updateClientCluster should throw on Firestore error","location":{"column":5,"line":118},"status":"passed","title":"should throw on Firestore error"},{"ancestorTitles":["ClientService","updateClientCoordinates"],"failureMessages":[],"fullName":"ClientService updateClientCoordinates should throw if clientId is missing","location":{"column":5,"line":125},"status":"passed","title":"should throw if clientId is missing"},{"ancestorTitles":["ClientService","updateClientCoordinates"],"failureMessages":[],"fullName":"ClientService updateClientCoordinates should throw if coordinates are invalid","location":{"column":5,"line":128},"status":"passed","title":"should throw if coordinates are invalid"},{"ancestorTitles":["ClientService","updateClientCoordinates"],"failureMessages":["Error: thrown: \"Exceeded timeout of 15000 ms for a test.\nUse jest.setTimeout(newTimeout) to increase the timeout value, if this is a long-running test.\"\n    at C:\\localdev\\UMD-Hackathon\\food-for-all-dc\\my-app\\src\\services\\__tests__\\client-service.test.ts:131:5\n    at _dispatchDescribe (C:\\localdev\\UMD-Hackathon\\food-for-all-dc\\my-app\\node_modules\\jest-circus\\build\\index.js:98:26)\n    at describe (C:\\localdev\\UMD-Hackathon\\food-for-all-dc\\my-app\\node_modules\\jest-circus\\build\\index.js:60:5)\n    at C:\\localdev\\UMD-Hackathon\\food-for-all-dc\\my-app\\src\\services\\__tests__\\client-service.test.ts:124:3\n    at _dispatchDescribe (C:\\localdev\\UMD-Hackathon\\food-for-all-dc\\my-app\\node_modules\\jest-circus\\build\\index.js:98:26)\n    at describe (C:\\localdev\\UMD-Hackathon\\food-for-all-dc\\my-app\\node_modules\\jest-circus\\build\\index.js:60:5)\n    at Object.<anonymous> (C:\\localdev\\UMD-Hackathon\\food-for-all-dc\\my-app\\src\\services\\__tests__\\client-service.test.ts:11:1)\n    at Runtime._execModule (C:\\localdev\\UMD-Hackathon\\food-for-all-dc\\my-app\\node_modules\\jest-runtime\\build\\index.js:1646:24)\n    at Runtime._loadModule (C:\\localdev\\UMD-Hackathon\\food-for-all-dc\\my-app\\node_modules\\jest-runtime\\build\\index.js:1185:12)\n    at Runtime.requireModule (C:\\localdev\\UMD-Hackathon\\food-for-all-dc\\my-app\\node_modules\\jest-runtime\\build\\index.js:1009:12)\n    at jestAdapter (C:\\localdev\\UMD-Hackathon\\food-for-all-dc\\my-app\\node_modules\\jest-circus\\build\\legacy-code-todo-rewrite\\jestAdapter.js:79:13)\n    at runTestInternal (C:\\localdev\\UMD-Hackathon\\food-for-all-dc\\my-app\\node_modules\\jest-runner\\build\\runTest.js:389:16)\n    at runTest (C:\\localdev\\UMD-Hackathon\\food-for-all-dc\\my-app\\node_modules\\jest-runner\\build\\runTest.js:475:34)"],"fullName":"ClientService updateClientCoordinates should resolve on success","location":null,"status":"failed","title":"should resolve on success"}],"endTime":1753550243240,"message":"\u001b[1m\u001b[31m  \u001b[1m● \u001b[22m\u001b[1mClientService › getAllClients › should throw on Firestore error\u001b[39m\u001b[22m\n\n    \u001b[2mexpect(\u001b[22m\u001b[31mreceived\u001b[39m\u001b[2m).\u001b[22mrejects\u001b[2m.\u001b[22mtoThrow\u001b[2m()\u001b[22m\n\n    Received promise resolved instead of rejected\n    Resolved to value: \u001b[31m{\"clients\": [], \"lastDoc\": undefined}\u001b[39m\n\u001b[2m\u001b[22m\n\u001b[2m    \u001b[0m \u001b[90m 35 |\u001b[39m       \u001b[90m// Simulate error by mocking retry to throw\u001b[39m\u001b[22m\n\u001b[2m     \u001b[90m 36 |\u001b[39m       jest\u001b[33m.\u001b[39mspyOn(retryUtils\u001b[33m,\u001b[39m \u001b[32m'retry'\u001b[39m)\u001b[33m.\u001b[39mmockImplementationOnce(() \u001b[33m=>\u001b[39m { \u001b[36mthrow\u001b[39m \u001b[36mnew\u001b[39m \u001b[33mError\u001b[39m(\u001b[32m'fail'\u001b[39m)\u001b[33m;\u001b[39m })\u001b[33m;\u001b[39m\u001b[22m\n\u001b[2m    \u001b[31m\u001b[1m>\u001b[22m\u001b[2m\u001b[39m\u001b[90m 37 |\u001b[39m       \u001b[36mawait\u001b[39m expect(service\u001b[33m.\u001b[39mgetAllClients())\u001b[33m.\u001b[39mrejects\u001b[33m.\u001b[39mtoThrow(\u001b[32m'Failed to get all clients'\u001b[39m)\u001b[33m;\u001b[39m\u001b[22m\n\u001b[2m     \u001b[90m    |\u001b[39m             \u001b[31m\u001b[1m^\u001b[22m\u001b[2m\u001b[39m\u001b[22m\n\u001b[2m     \u001b[90m 38 |\u001b[39m     })\u001b[33m;\u001b[39m\u001b[22m\n\u001b[2m     \u001b[90m 39 |\u001b[39m   })\u001b[33m;\u001b[39m\u001b[22m\n\u001b[2m     \u001b[90m 40 |\u001b[39m\u001b[0m\u001b[22m\n\u001b[2m\u001b[22m\n\u001b[2m      \u001b[2mat expect (\u001b[22m\u001b[2mnode_modules/expect/build/index.js\u001b[2m:178:15)\u001b[22m\u001b[2m\u001b[22m\n\u001b[2m      \u001b[2mat call (\u001b[22m\u001b[2m\u001b[0m\u001b[36msrc/services/__tests__/client-service.test.ts\u001b[39m\u001b[0m\u001b[2m:37:13)\u001b[22m\u001b[2m\u001b[22m\n\u001b[2m      \u001b[2mat Generator._invoke (\u001b[22m\u001b[2m\u001b[0m\u001b[36msrc/services/__tests__/client-service.test.ts\u001b[39m\u001b[0m\u001b[2m:2:1)\u001b[22m\u001b[2m\u001b[22m\n\u001b[2m      \u001b[2mat Generator.next (\u001b[22m\u001b[2m\u001b[0m\u001b[36msrc/services/__tests__/client-service.test.ts\u001b[39m\u001b[0m\u001b[2m:2:1)\u001b[22m\u001b[2m\u001b[22m\n\u001b[2m      \u001b[2mat asyncGeneratorStep (\u001b[22m\u001b[2m\u001b[0m\u001b[36msrc/services/__tests__/client-service.test.ts\u001b[39m\u001b[0m\u001b[2m:2:1)\u001b[22m\u001b[2m\u001b[22m\n\u001b[2m      \u001b[2mat _next (\u001b[22m\u001b[2m\u001b[0m\u001b[36msrc/services/__tests__/client-service.test.ts\u001b[39m\u001b[0m\u001b[2m:2:1)\u001b[22m\u001b[2m\u001b[22m\n\u001b[2m      \u001b[2mat \u001b[22m\u001b[2m\u001b[0m\u001b[36msrc/services/__tests__/client-service.test.ts\u001b[39m\u001b[0m\u001b[2m:2:1\u001b[22m\u001b[2m\u001b[22m\n\u001b[2m      \u001b[2mat Object.<anonymous> (\u001b[22m\u001b[2m\u001b[0m\u001b[36msrc/services/__tests__/client-service.test.ts\u001b[39m\u001b[0m\u001b[2m:2:1)\u001b[22m\u001b[2m\u001b[22m\n\n\u001b[1m\u001b[31m  \u001b[1m● \u001b[22m\u001b[1mClientService › getClientById › should throw on Firestore error\u001b[39m\u001b[22m\n\n    \u001b[2mexpect(\u001b[22m\u001b[31mreceived\u001b[39m\u001b[2m).\u001b[22mrejects\u001b[2m.\u001b[22mtoThrow\u001b[2m()\u001b[22m\n\n    Received promise resolved instead of rejected\n    Resolved to value: \u001b[31mnull\u001b[39m\n\u001b[2m\u001b[22m\n\u001b[2m    \u001b[0m \u001b[90m 48 |\u001b[39m     it(\u001b[32m'should throw on Firestore error'\u001b[39m\u001b[33m,\u001b[39m \u001b[36masync\u001b[39m () \u001b[33m=>\u001b[39m {\u001b[22m\n\u001b[2m     \u001b[90m 49 |\u001b[39m       jest\u001b[33m.\u001b[39mspyOn(retryUtils\u001b[33m,\u001b[39m \u001b[32m'retry'\u001b[39m)\u001b[33m.\u001b[39mmockImplementationOnce(() \u001b[33m=>\u001b[39m { \u001b[36mthrow\u001b[39m \u001b[36mnew\u001b[39m \u001b[33mError\u001b[39m(\u001b[32m'fail'\u001b[39m)\u001b[33m;\u001b[39m })\u001b[33m;\u001b[39m\u001b[22m\n\u001b[2m    \u001b[31m\u001b[1m>\u001b[22m\u001b[2m\u001b[39m\u001b[90m 50 |\u001b[39m       \u001b[36mawait\u001b[39m expect(service\u001b[33m.\u001b[39mgetClientById(\u001b[32m'test-id'\u001b[39m))\u001b[33m.\u001b[39mrejects\u001b[33m.\u001b[39mtoThrow(\u001b[32m'Failed to get client by ID'\u001b[39m)\u001b[33m;\u001b[39m\u001b[22m\n\u001b[2m     \u001b[90m    |\u001b[39m             \u001b[31m\u001b[1m^\u001b[22m\u001b[2m\u001b[39m\u001b[22m\n\u001b[2m     \u001b[90m 51 |\u001b[39m     })\u001b[33m;\u001b[39m\u001b[22m\n\u001b[2m     \u001b[90m 52 |\u001b[39m   })\u001b[33m;\u001b[39m\u001b[22m\n\u001b[2m     \u001b[90m 53 |\u001b[39m\u001b[0m\u001b[22m\n\u001b[2m\u001b[22m\n\u001b[2m      \u001b[2mat expect (\u001b[22m\u001b[2mnode_modules/expect/build/index.js\u001b[2m:178:15)\u001b[22m\u001b[2m\u001b[22m\n\u001b[2m      \u001b[2mat call (\u001b[22m\u001b[2m\u001b[0m\u001b[36msrc/services/__tests__/client-service.test.ts\u001b[39m\u001b[0m\u001b[2m:50:13)\u001b[22m\u001b[2m\u001b[22m\n\u001b[2m      \u001b[2mat Generator._invoke (\u001b[22m\u001b[2m\u001b[0m\u001b[36msrc/services/__tests__/client-service.test.ts\u001b[39m\u001b[0m\u001b[2m:2:1)\u001b[22m\u001b[2m\u001b[22m\n\u001b[2m      \u001b[2mat Generator.next (\u001b[22m\u001b[2m\u001b[0m\u001b[36msrc/services/__tests__/client-service.test.ts\u001b[39m\u001b[0m\u001b[2m:2:1)\u001b[22m\u001b[2m\u001b[22m\n\u001b[2m      \u001b[2mat asyncGeneratorStep (\u001b[22m\u001b[2m\u001b[0m\u001b[36msrc/services/__tests__/client-service.test.ts\u001b[39m\u001b[0m\u001b[2m:2:1)\u001b[22m\u001b[2m\u001b[22m\n\u001b[2m      \u001b[2mat _next (\u001b[22m\u001b[2m\u001b[0m\u001b[36msrc/services/__tests__/client-service.test.ts\u001b[39m\u001b[0m\u001b[2m:2:1)\u001b[22m\u001b[2m\u001b[22m\n\u001b[2m      \u001b[2mat \u001b[22m\u001b[2m\u001b[0m\u001b[36msrc/services/__tests__/client-service.test.ts\u001b[39m\u001b[0m\u001b[2m:2:1\u001b[22m\u001b[2m\u001b[22m\n\u001b[2m      \u001b[2mat Object.<anonymous> (\u001b[22m\u001b[2m\u001b[0m\u001b[36msrc/services/__tests__/client-service.test.ts\u001b[39m\u001b[0m\u001b[2m:2:1)\u001b[22m\u001b[2m\u001b[22m\n\n\u001b[1m\u001b[31m  \u001b[1m● \u001b[22m\u001b[1mClientService › createClient › should return a string id on success\u001b[39m\u001b[22m\n\n    ServiceError: Failed to create client\n\u001b[2m\u001b[22m\n\u001b[2m    \u001b[0m \u001b[90m 16 |\u001b[39m   \u001b[36mif\u001b[39m (error \u001b[33m&&\u001b[39m \u001b[36mtypeof\u001b[39m error \u001b[33m===\u001b[39m \u001b[32m\"object\"\u001b[39m \u001b[33m&&\u001b[39m error\u001b[33m.\u001b[39mmessage) {\u001b[22m\n\u001b[2m     \u001b[90m 17 |\u001b[39m     \u001b[90m// Always use fallbackMessage for the error message\u001b[39m\u001b[22m\n\u001b[2m    \u001b[31m\u001b[1m>\u001b[22m\u001b[2m\u001b[39m\u001b[90m 18 |\u001b[39m     \u001b[36mreturn\u001b[39m \u001b[36mnew\u001b[39m \u001b[33mServiceError\u001b[39m(fallbackMessage\u001b[33m,\u001b[39m error\u001b[33m.\u001b[39mcode \u001b[33m||\u001b[39m \u001b[32m\"service-error\"\u001b[39m\u001b[33m,\u001b[39m error)\u001b[33m;\u001b[39m\u001b[22m\n\u001b[2m     \u001b[90m    |\u001b[39m            \u001b[31m\u001b[1m^\u001b[22m\u001b[2m\u001b[39m\u001b[22m\n\u001b[2m     \u001b[90m 19 |\u001b[39m   }\u001b[22m\n\u001b[2m     \u001b[90m 20 |\u001b[39m   \u001b[36mreturn\u001b[39m \u001b[36mnew\u001b[39m \u001b[33mServiceError\u001b[39m(fallbackMessage)\u001b[33m;\u001b[39m\u001b[22m\n\u001b[2m     \u001b[90m 21 |\u001b[39m }\u001b[0m\u001b[22m\n\u001b[2m\u001b[22m\n\u001b[2m      \u001b[2mat formatServiceError (\u001b[22m\u001b[2msrc/utils/serviceError.ts\u001b[2m:18:12)\u001b[22m\u001b[2m\u001b[22m\n\u001b[2m      \u001b[2mat call (\u001b[22m\u001b[2msrc/services/client-service.ts\u001b[2m:104:31)\u001b[22m\u001b[2m\u001b[22m\n\u001b[2m      \u001b[2mat Generator._invoke (\u001b[22m\u001b[2msrc/services/client-service.ts\u001b[2m:2:1)\u001b[22m\u001b[2m\u001b[22m\n\u001b[2m      \u001b[2mat Generator.next (\u001b[22m\u001b[2msrc/services/client-service.ts\u001b[2m:2:1)\u001b[22m\u001b[2m\u001b[22m\n\u001b[2m      \u001b[2mat asyncGeneratorStep (\u001b[22m\u001b[2msrc/services/client-service.ts\u001b[2m:2:1)\u001b[22m\u001b[2m\u001b[22m\n\u001b[2m      \u001b[2mat _next (\u001b[22m\u001b[2msrc/services/client-service.ts\u001b[2m:2:1)\u001b[22m\u001b[2m\u001b[22m\n\u001b[2m      \u001b[2mat \u001b[22m\u001b[2msrc/services/client-service.ts\u001b[2m:2:1\u001b[22m\u001b[2m\u001b[22m\n\u001b[2m      \u001b[2mat ClientService.apply (\u001b[22m\u001b[2msrc/services/client-service.ts\u001b[2m:2:1)\u001b[22m\u001b[2m\u001b[22m\n\u001b[2m      \u001b[2mat ClientService.createClient (\u001b[22m\u001b[2msrc/services/client-service.ts\u001b[2m:93:28)\u001b[22m\u001b[2m\u001b[22m\n\u001b[2m      \u001b[2mat call (\u001b[22m\u001b[2m\u001b[0m\u001b[36msrc/services/__tests__/client-service.test.ts\u001b[39m\u001b[0m\u001b[2m:57:32)\u001b[22m\u001b[2m\u001b[22m\n\u001b[2m      \u001b[2mat Generator._invoke (\u001b[22m\u001b[2m\u001b[0m\u001b[36msrc/services/__tests__/client-service.test.ts\u001b[39m\u001b[0m\u001b[2m:2:1)\u001b[22m\u001b[2m\u001b[22m\n\u001b[2m      \u001b[2mat Generator.next (\u001b[22m\u001b[2m\u001b[0m\u001b[36msrc/services/__tests__/client-service.test.ts\u001b[39m\u001b[0m\u001b[2m:2:1)\u001b[22m\u001b[2m\u001b[22m\n\u001b[2m      \u001b[2mat asyncGeneratorStep (\u001b[22m\u001b[2m\u001b[0m\u001b[36msrc/services/__tests__/client-service.test.ts\u001b[39m\u001b[0m\u001b[2m:2:1)\u001b[22m\u001b[2m\u001b[22m\n\u001b[2m      \u001b[2mat _next (\u001b[22m\u001b[2m\u001b[0m\u001b[36msrc/services/__tests__/client-service.test.ts\u001b[39m\u001b[0m\u001b[2m:2:1)\u001b[22m\u001b[2m\u001b[22m\n\u001b[2m      \u001b[2mat \u001b[22m\u001b[2m\u001b[0m\u001b[36msrc/services/__tests__/client-service.test.ts\u001b[39m\u001b[0m\u001b[2m:2:1\u001b[22m\u001b[2m\u001b[22m\n\u001b[2m      \u001b[2mat Object.<anonymous> (\u001b[22m\u001b[2m\u001b[0m\u001b[36msrc/services/__tests__/client-service.test.ts\u001b[39m\u001b[0m\u001b[2m:2:1)\u001b[22m\u001b[2m\u001b[22m\n\n\u001b[1m\u001b[31m  \u001b[1m● \u001b[22m\u001b[1mClientService › updateClient › should resolve on success\u001b[39m\u001b[22m\n\n    thrown: \"Exceeded timeout of 15000 ms for a test.\n    Use jest.setTimeout(newTimeout) to increase the timeout value, if this is a long-running test.\"\n\u001b[2m\u001b[22m\n\u001b[2m    \u001b[0m \u001b[90m 66 |\u001b[39m\u001b[22m\n\u001b[2m     \u001b[90m 67 |\u001b[39m   describe(\u001b[32m'updateClient'\u001b[39m\u001b[33m,\u001b[39m () \u001b[33m=>\u001b[39m {\u001b[22m\n\u001b[2m    \u001b[31m\u001b[1m>\u001b[22m\u001b[2m\u001b[39m\u001b[90m 68 |\u001b[39m     it(\u001b[32m'should resolve on success'\u001b[39m\u001b[33m,\u001b[39m \u001b[36masync\u001b[39m () \u001b[33m=>\u001b[39m {\u001b[22m\n\u001b[2m     \u001b[90m    |\u001b[39m     \u001b[31m\u001b[1m^\u001b[22m\u001b[2m\u001b[39m\u001b[22m\n\u001b[2m     \u001b[90m 69 |\u001b[39m       console\u001b[33m.\u001b[39mlog(\u001b[32m'[Test] Calling updateClient'\u001b[39m)\u001b[33m;\u001b[39m\u001b[22m\n\u001b[2m     \u001b[90m 70 |\u001b[39m       \u001b[36mawait\u001b[39m expect(service\u001b[33m.\u001b[39mupdateClient(\u001b[32m'id'\u001b[39m\u001b[33m,\u001b[39m {}))\u001b[33m.\u001b[39mresolves\u001b[33m.\u001b[39mtoBeUndefined()\u001b[33m;\u001b[39m\u001b[22m\n\u001b[2m     \u001b[90m 71 |\u001b[39m       console\u001b[33m.\u001b[39mlog(\u001b[32m'[Test] updateClient resolved'\u001b[39m)\u001b[33m;\u001b[39m\u001b[0m\u001b[22m\n\u001b[2m\u001b[22m\n\u001b[2m      \u001b[2mat \u001b[22m\u001b[2m\u001b[0m\u001b[36msrc/services/__tests__/client-service.test.ts\u001b[39m\u001b[0m\u001b[2m:68:5\u001b[22m\u001b[2m\u001b[22m\n\u001b[2m      \u001b[2mat \u001b[22m\u001b[2m\u001b[0m\u001b[36msrc/services/__tests__/client-service.test.ts\u001b[39m\u001b[0m\u001b[2m:67:3\u001b[22m\u001b[2m\u001b[22m\n\u001b[2m      \u001b[2mat Object.<anonymous> (\u001b[22m\u001b[2m\u001b[0m\u001b[36msrc/services/__tests__/client-service.test.ts\u001b[39m\u001b[0m\u001b[2m:11:1)\u001b[22m\u001b[2m\u001b[22m\n\n\u001b[1m\u001b[31m  \u001b[1m● \u001b[22m\u001b[1mClientService › updateClientCoordinates › should resolve on success\u001b[39m\u001b[22m\n\n    thrown: \"Exceeded timeout of 15000 ms for a test.\n    Use jest.setTimeout(newTimeout) to increase the timeout value, if this is a long-running test.\"\n\u001b[2m\u001b[22m\n\u001b[2m    \u001b[0m \u001b[90m 129 |\u001b[39m       \u001b[36mawait\u001b[39m expect(service\u001b[33m.\u001b[39mupdateClientCoordinates(\u001b[32m'id'\u001b[39m\u001b[33m,\u001b[39m \u001b[36mnull\u001b[39m \u001b[36mas\u001b[39m any))\u001b[33m.\u001b[39mrejects\u001b[33m.\u001b[39mtoThrow(\u001b[32m'Invalid coordinates'\u001b[39m)\u001b[33m;\u001b[39m\u001b[22m\n\u001b[2m     \u001b[90m 130 |\u001b[39m     })\u001b[33m;\u001b[39m\u001b[22m\n\u001b[2m    \u001b[31m\u001b[1m>\u001b[22m\u001b[2m\u001b[39m\u001b[90m 131 |\u001b[39m     it(\u001b[32m'should resolve on success'\u001b[39m\u001b[33m,\u001b[39m \u001b[36masync\u001b[39m () \u001b[33m=>\u001b[39m {\u001b[22m\n\u001b[2m     \u001b[90m     |\u001b[39m     \u001b[31m\u001b[1m^\u001b[22m\u001b[2m\u001b[39m\u001b[22m\n\u001b[2m     \u001b[90m 132 |\u001b[39m       console\u001b[33m.\u001b[39mlog(\u001b[32m'[Test] Calling updateClientCoordinates'\u001b[39m)\u001b[33m;\u001b[39m\u001b[22m\n\u001b[2m     \u001b[90m 133 |\u001b[39m       \u001b[36mawait\u001b[39m expect(service\u001b[33m.\u001b[39mupdateClientCoordinates(\u001b[32m'id'\u001b[39m\u001b[33m,\u001b[39m [\u001b[35m0\u001b[39m\u001b[33m,\u001b[39m \u001b[35m0\u001b[39m]))\u001b[33m.\u001b[39mresolves\u001b[33m.\u001b[39mtoBeUndefined()\u001b[33m;\u001b[39m\u001b[22m\n\u001b[2m     \u001b[90m 134 |\u001b[39m       console\u001b[33m.\u001b[39mlog(\u001b[32m'[Test] updateClientCoordinates resolved'\u001b[39m)\u001b[33m;\u001b[39m\u001b[0m\u001b[22m\n\u001b[2m\u001b[22m\n\u001b[2m      \u001b[2mat \u001b[22m\u001b[2m\u001b[0m\u001b[36msrc/services/__tests__/client-service.test.ts\u001b[39m\u001b[0m\u001b[2m:131:5\u001b[22m\u001b[2m\u001b[22m\n\u001b[2m      \u001b[2mat \u001b[22m\u001b[2m\u001b[0m\u001b[36msrc/services/__tests__/client-service.test.ts\u001b[39m\u001b[0m\u001b[2m:124:3\u001b[22m\u001b[2m\u001b[22m\n\u001b[2m      \u001b[2mat Object.<anonymous> (\u001b[22m\u001b[2m\u001b[0m\u001b[36msrc/services/__tests__/client-service.test.ts\u001b[39m\u001b[0m\u001b[2m:11:1)\u001b[22m\u001b[2m\u001b[22m\n","name":"C:\\localdev\\UMD-Hackathon\\food-for-all-dc\\my-app\\src\\services\\__tests__\\client-service.test.ts","startTime":1753550212855,"status":"failed","summary":""},{"assertionResults":[{"ancestorTitles":["ClusterService"],"failureMessages":[],"fullName":"ClusterService should be a singleton","location":{"column":3,"line":15},"status":"passed","title":"should be a singleton"},{"ancestorTitles":["ClusterService"],"failureMessages":[],"fullName":"ClusterService should have getAllClusters method","location":{"column":3,"line":20},"status":"passed","title":"should have getAllClusters method"},{"ancestorTitles":["ClusterService","getAllClusters"],"failureMessages":[],"fullName":"ClusterService getAllClusters should return an array of clusters on success","location":{"column":5,"line":25},"status":"passed","title":"should return an array of clusters on success"},{"ancestorTitles":["ClusterService","getAllClusters"],"failureMessages":[],"fullName":"ClusterService getAllClusters should throw on Firestore error","location":{"column":5,"line":31},"status":"passed","title":"should throw on Firestore error"},{"ancestorTitles":["ClusterService","subscribeToAllClusters"],"failureMessages":[],"fullName":"ClusterService subscribeToAllClusters should call onData with an array","location":{"column":5,"line":38},"status":"passed","title":"should call onData with an array"},{"ancestorTitles":["ClusterService","getClusterById"],"failureMessages":[],"fullName":"ClusterService getClusterById should return a cluster object or null","location":{"column":5,"line":46},"status":"passed","title":"should return a cluster object or null"},{"ancestorTitles":["ClusterService","getClusterById"],"failureMessages":[],"fullName":"ClusterService getClusterById should throw on Firestore error","location":{"column":5,"line":52},"status":"passed","title":"should throw on Firestore error"},{"ancestorTitles":["ClusterService","subscribeToClusterById"],"failureMessages":[],"fullName":"ClusterService subscribeToClusterById should call onData with a cluster or null","location":{"column":5,"line":59},"status":"passed","title":"should call onData with a cluster or null"},{"ancestorTitles":["ClusterService","createCluster"],"failureMessages":[],"fullName":"ClusterService createCluster should return a string id on success","location":{"column":5,"line":67},"status":"passed","title":"should return a string id on success"},{"ancestorTitles":["ClusterService","createCluster"],"failureMessages":[],"fullName":"ClusterService createCluster should throw on Firestore error","location":{"column":5,"line":71},"status":"passed","title":"should throw on Firestore error"},{"ancestorTitles":["ClusterService","updateCluster"],"failureMessages":[],"fullName":"ClusterService updateCluster should resolve on success","location":{"column":5,"line":78},"status":"passed","title":"should resolve on success"},{"ancestorTitles":["ClusterService","updateCluster"],"failureMessages":[],"fullName":"ClusterService updateCluster should throw on Firestore error","location":{"column":5,"line":81},"status":"passed","title":"should throw on Firestore error"},{"ancestorTitles":["ClusterService","deleteCluster"],"failureMessages":[],"fullName":"ClusterService deleteCluster should resolve on success","location":{"column":5,"line":88},"status":"passed","title":"should resolve on success"},{"ancestorTitles":["ClusterService","deleteCluster"],"failureMessages":[],"fullName":"ClusterService deleteCluster should throw on Firestore error","location":{"column":5,"line":91},"status":"passed","title":"should throw on Firestore error"},{"ancestorTitles":["ClusterService","assignDriverToClusters"],"failureMessages":[],"fullName":"ClusterService assignDriverToClusters should resolve on success","location":{"column":5,"line":98},"status":"passed","title":"should resolve on success"},{"ancestorTitles":["ClusterService","assignDriverToClusters"],"failureMessages":[],"fullName":"ClusterService assignDriverToClusters should throw on Firestore error","location":{"column":5,"line":101},"status":"passed","title":"should throw on Firestore error"},{"ancestorTitles":["ClusterService","addClientToCluster"],"failureMessages":["Error: thrown: \"Exceeded timeout of 15000 ms for a test.\nUse jest.setTimeout(newTimeout) to increase the timeout value, if this is a long-running test.\"\n    at C:\\localdev\\UMD-Hackathon\\food-for-all-dc\\my-app\\src\\services\\__tests__\\cluster-service.test.ts:108:5\n    at _dispatchDescribe (C:\\localdev\\UMD-Hackathon\\food-for-all-dc\\my-app\\node_modules\\jest-circus\\build\\index.js:98:26)\n    at describe (C:\\localdev\\UMD-Hackathon\\food-for-all-dc\\my-app\\node_modules\\jest-circus\\build\\index.js:60:5)\n    at C:\\localdev\\UMD-Hackathon\\food-for-all-dc\\my-app\\src\\services\\__tests__\\cluster-service.test.ts:107:3\n    at _dispatchDescribe (C:\\localdev\\UMD-Hackathon\\food-for-all-dc\\my-app\\node_modules\\jest-circus\\build\\index.js:98:26)\n    at describe (C:\\localdev\\UMD-Hackathon\\food-for-all-dc\\my-app\\node_modules\\jest-circus\\build\\index.js:60:5)\n    at Object.<anonymous> (C:\\localdev\\UMD-Hackathon\\food-for-all-dc\\my-app\\src\\services\\__tests__\\cluster-service.test.ts:8:1)\n    at Runtime._execModule (C:\\localdev\\UMD-Hackathon\\food-for-all-dc\\my-app\\node_modules\\jest-runtime\\build\\index.js:1646:24)\n    at Runtime._loadModule (C:\\localdev\\UMD-Hackathon\\food-for-all-dc\\my-app\\node_modules\\jest-runtime\\build\\index.js:1185:12)\n    at Runtime.requireModule (C:\\localdev\\UMD-Hackathon\\food-for-all-dc\\my-app\\node_modules\\jest-runtime\\build\\index.js:1009:12)\n    at jestAdapter (C:\\localdev\\UMD-Hackathon\\food-for-all-dc\\my-app\\node_modules\\jest-circus\\build\\legacy-code-todo-rewrite\\jestAdapter.js:79:13)\n    at runTestInternal (C:\\localdev\\UMD-Hackathon\\food-for-all-dc\\my-app\\node_modules\\jest-runner\\build\\runTest.js:389:16)\n    at runTest (C:\\localdev\\UMD-Hackathon\\food-for-all-dc\\my-app\\node_modules\\jest-runner\\build\\runTest.js:475:34)\n    at TestRunner.runTests (C:\\localdev\\UMD-Hackathon\\food-for-all-dc\\my-app\\node_modules\\jest-runner\\build\\index.js:101:12)\n    at TestScheduler.scheduleTests (C:\\localdev\\UMD-Hackathon\\food-for-all-dc\\my-app\\node_modules\\@jest\\core\\build\\TestScheduler.js:333:13)\n    at runJest (C:\\localdev\\UMD-Hackathon\\food-for-all-dc\\my-app\\node_modules\\@jest\\core\\build\\runJest.js:404:19)\n    at _run10000 (C:\\localdev\\UMD-Hackathon\\food-for-all-dc\\my-app\\node_modules\\@jest\\core\\build\\cli\\index.js:320:7)\n    at runCLI (C:\\localdev\\UMD-Hackathon\\food-for-all-dc\\my-app\\node_modules\\@jest\\core\\build\\cli\\index.js:173:3)\n    at Object.run (C:\\localdev\\UMD-Hackathon\\food-for-all-dc\\my-app\\node_modules\\jest-cli\\build\\cli\\index.js:155:37)"],"fullName":"ClusterService addClientToCluster should resolve on success","location":null,"status":"failed","title":"should resolve on success"},{"ancestorTitles":["ClusterService","addClientToCluster"],"failureMessages":[],"fullName":"ClusterService addClientToCluster should throw on Firestore error","location":{"column":5,"line":113},"status":"passed","title":"should throw on Firestore error"},{"ancestorTitles":["ClusterService","removeClientFromCluster"],"failureMessages":["Error: thrown: \"Exceeded timeout of 15000 ms for a test.\nUse jest.setTimeout(newTimeout) to increase the timeout value, if this is a long-running test.\"\n    at C:\\localdev\\UMD-Hackathon\\food-for-all-dc\\my-app\\src\\services\\__tests__\\cluster-service.test.ts:120:5\n    at _dispatchDescribe (C:\\localdev\\UMD-Hackathon\\food-for-all-dc\\my-app\\node_modules\\jest-circus\\build\\index.js:98:26)\n    at describe (C:\\localdev\\UMD-Hackathon\\food-for-all-dc\\my-app\\node_modules\\jest-circus\\build\\index.js:60:5)\n    at C:\\localdev\\UMD-Hackathon\\food-for-all-dc\\my-app\\src\\services\\__tests__\\cluster-service.test.ts:119:3\n    at _dispatchDescribe (C:\\localdev\\UMD-Hackathon\\food-for-all-dc\\my-app\\node_modules\\jest-circus\\build\\index.js:98:26)\n    at describe (C:\\localdev\\UMD-Hackathon\\food-for-all-dc\\my-app\\node_modules\\jest-circus\\build\\index.js:60:5)\n    at Object.<anonymous> (C:\\localdev\\UMD-Hackathon\\food-for-all-dc\\my-app\\src\\services\\__tests__\\cluster-service.test.ts:8:1)\n    at Runtime._execModule (C:\\localdev\\UMD-Hackathon\\food-for-all-dc\\my-app\\node_modules\\jest-runtime\\build\\index.js:1646:24)\n    at Runtime._loadModule (C:\\localdev\\UMD-Hackathon\\food-for-all-dc\\my-app\\node_modules\\jest-runtime\\build\\index.js:1185:12)\n    at Runtime.requireModule (C:\\localdev\\UMD-Hackathon\\food-for-all-dc\\my-app\\node_modules\\jest-runtime\\build\\index.js:1009:12)\n    at jestAdapter (C:\\localdev\\UMD-Hackathon\\food-for-all-dc\\my-app\\node_modules\\jest-circus\\build\\legacy-code-todo-rewrite\\jestAdapter.js:79:13)\n    at runTestInternal (C:\\localdev\\UMD-Hackathon\\food-for-all-dc\\my-app\\node_modules\\jest-runner\\build\\runTest.js:389:16)\n    at runTest (C:\\localdev\\UMD-Hackathon\\food-for-all-dc\\my-app\\node_modules\\jest-runner\\build\\runTest.js:475:34)\n    at TestRunner.runTests (C:\\localdev\\UMD-Hackathon\\food-for-all-dc\\my-app\\node_modules\\jest-runner\\build\\index.js:101:12)\n    at TestScheduler.scheduleTests (C:\\localdev\\UMD-Hackathon\\food-for-all-dc\\my-app\\node_modules\\@jest\\core\\build\\TestScheduler.js:333:13)\n    at runJest (C:\\localdev\\UMD-Hackathon\\food-for-all-dc\\my-app\\node_modules\\@jest\\core\\build\\runJest.js:404:19)\n    at _run10000 (C:\\localdev\\UMD-Hackathon\\food-for-all-dc\\my-app\\node_modules\\@jest\\core\\build\\cli\\index.js:320:7)\n    at runCLI (C:\\localdev\\UMD-Hackathon\\food-for-all-dc\\my-app\\node_modules\\@jest\\core\\build\\cli\\index.js:173:3)\n    at Object.run (C:\\localdev\\UMD-Hackathon\\food-for-all-dc\\my-app\\node_modules\\jest-cli\\build\\cli\\index.js:155:37)"],"fullName":"ClusterService removeClientFromCluster should resolve on success","location":null,"status":"failed","title":"should resolve on success"},{"ancestorTitles":["ClusterService","removeClientFromCluster"],"failureMessages":[],"fullName":"ClusterService removeClientFromCluster should throw on Firestore error","location":{"column":5,"line":125},"status":"passed","title":"should throw on Firestore error"}],"endTime":1753550273622,"message":"\u001b[1m\u001b[31m  \u001b[1m● \u001b[22m\u001b[1mClusterService › addClientToCluster › should resolve on success\u001b[39m\u001b[22m\n\n    thrown: \"Exceeded timeout of 15000 ms for a test.\n    Use jest.setTimeout(newTimeout) to increase the timeout value, if this is a long-running test.\"\n\u001b[2m\u001b[22m\n\u001b[2m    \u001b[0m \u001b[90m 106 |\u001b[39m\u001b[22m\n\u001b[2m     \u001b[90m 107 |\u001b[39m   describe(\u001b[32m'addClientToCluster'\u001b[39m\u001b[33m,\u001b[39m () \u001b[33m=>\u001b[39m {\u001b[22m\n\u001b[2m    \u001b[31m\u001b[1m>\u001b[22m\u001b[2m\u001b[39m\u001b[90m 108 |\u001b[39m     it(\u001b[32m'should resolve on success'\u001b[39m\u001b[33m,\u001b[39m \u001b[36masync\u001b[39m () \u001b[33m=>\u001b[39m {\u001b[22m\n\u001b[2m     \u001b[90m     |\u001b[39m     \u001b[31m\u001b[1m^\u001b[22m\u001b[2m\u001b[39m\u001b[22m\n\u001b[2m     \u001b[90m 109 |\u001b[39m       console\u001b[33m.\u001b[39mlog(\u001b[32m'[Test] Calling addClientToCluster'\u001b[39m)\u001b[33m;\u001b[39m\u001b[22m\n\u001b[2m     \u001b[90m 110 |\u001b[39m       \u001b[36mawait\u001b[39m expect(service\u001b[33m.\u001b[39maddClientToCluster(\u001b[32m'clientId'\u001b[39m\u001b[33m,\u001b[39m \u001b[32m'clusterId'\u001b[39m\u001b[33m,\u001b[39m \u001b[35m1\u001b[39m))\u001b[33m.\u001b[39mresolves\u001b[33m.\u001b[39mtoBeUndefined()\u001b[33m;\u001b[39m\u001b[22m\n\u001b[2m     \u001b[90m 111 |\u001b[39m       console\u001b[33m.\u001b[39mlog(\u001b[32m'[Test] addClientToCluster resolved'\u001b[39m)\u001b[33m;\u001b[39m\u001b[0m\u001b[22m\n\u001b[2m\u001b[22m\n\u001b[2m      \u001b[2mat \u001b[22m\u001b[2m\u001b[0m\u001b[36msrc/services/__tests__/cluster-service.test.ts\u001b[39m\u001b[0m\u001b[2m:108:5\u001b[22m\u001b[2m\u001b[22m\n\u001b[2m      \u001b[2mat \u001b[22m\u001b[2m\u001b[0m\u001b[36msrc/services/__tests__/cluster-service.test.ts\u001b[39m\u001b[0m\u001b[2m:107:3\u001b[22m\u001b[2m\u001b[22m\n\u001b[2m      \u001b[2mat Object.<anonymous> (\u001b[22m\u001b[2m\u001b[0m\u001b[36msrc/services/__tests__/cluster-service.test.ts\u001b[39m\u001b[0m\u001b[2m:8:1)\u001b[22m\u001b[2m\u001b[22m\n\u001b[2m      \u001b[2mat TestScheduler.scheduleTests (\u001b[22m\u001b[2mnode_modules/@jest/core/build/TestScheduler.js\u001b[2m:333:13)\u001b[22m\u001b[2m\u001b[22m\n\u001b[2m      \u001b[2mat runJest (\u001b[22m\u001b[2mnode_modules/@jest/core/build/runJest.js\u001b[2m:404:19)\u001b[22m\u001b[2m\u001b[22m\n\u001b[2m      \u001b[2mat _run10000 (\u001b[22m\u001b[2mnode_modules/@jest/core/build/cli/index.js\u001b[2m:320:7)\u001b[22m\u001b[2m\u001b[22m\n\u001b[2m      \u001b[2mat runCLI (\u001b[22m\u001b[2mnode_modules/@jest/core/build/cli/index.js\u001b[2m:173:3)\u001b[22m\u001b[2m\u001b[22m\n\n\u001b[1m\u001b[31m  \u001b[1m● \u001b[22m\u001b[1mClusterService › removeClientFromCluster › should resolve on success\u001b[39m\u001b[22m\n\n    thrown: \"Exceeded timeout of 15000 ms for a test.\n    Use jest.setTimeout(newTimeout) to increase the timeout value, if this is a long-running test.\"\n\u001b[2m\u001b[22m\n\u001b[2m    \u001b[0m \u001b[90m 118 |\u001b[39m\u001b[22m\n\u001b[2m     \u001b[90m 119 |\u001b[39m   describe(\u001b[32m'removeClientFromCluster'\u001b[39m\u001b[33m,\u001b[39m () \u001b[33m=>\u001b[39m {\u001b[22m\n\u001b[2m    \u001b[31m\u001b[1m>\u001b[22m\u001b[2m\u001b[39m\u001b[90m 120 |\u001b[39m     it(\u001b[32m'should resolve on success'\u001b[39m\u001b[33m,\u001b[39m \u001b[36masync\u001b[39m () \u001b[33m=>\u001b[39m {\u001b[22m\n\u001b[2m     \u001b[90m     |\u001b[39m     \u001b[31m\u001b[1m^\u001b[22m\u001b[2m\u001b[39m\u001b[22m\n\u001b[2m     \u001b[90m 121 |\u001b[39m       console\u001b[33m.\u001b[39mlog(\u001b[32m'[Test] Calling removeClientFromCluster'\u001b[39m)\u001b[33m;\u001b[39m\u001b[22m\n\u001b[2m     \u001b[90m 122 |\u001b[39m       \u001b[36mawait\u001b[39m expect(service\u001b[33m.\u001b[39mremoveClientFromCluster(\u001b[32m'clientId'\u001b[39m\u001b[33m,\u001b[39m \u001b[32m'clusterId'\u001b[39m))\u001b[33m.\u001b[39mresolves\u001b[33m.\u001b[39mtoBeUndefined()\u001b[33m;\u001b[39m\u001b[22m\n\u001b[2m     \u001b[90m 123 |\u001b[39m       console\u001b[33m.\u001b[39mlog(\u001b[32m'[Test] removeClientFromCluster resolved'\u001b[39m)\u001b[33m;\u001b[39m\u001b[0m\u001b[22m\n\u001b[2m\u001b[22m\n\u001b[2m      \u001b[2mat \u001b[22m\u001b[2m\u001b[0m\u001b[36msrc/services/__tests__/cluster-service.test.ts\u001b[39m\u001b[0m\u001b[2m:120:5\u001b[22m\u001b[2m\u001b[22m\n\u001b[2m      \u001b[2mat \u001b[22m\u001b[2m\u001b[0m\u001b[36msrc/services/__tests__/cluster-service.test.ts\u001b[39m\u001b[0m\u001b[2m:119:3\u001b[22m\u001b[2m\u001b[22m\n\u001b[2m      \u001b[2mat Object.<anonymous> (\u001b[22m\u001b[2m\u001b[0m\u001b[36msrc/services/__tests__/cluster-service.test.ts\u001b[39m\u001b[0m\u001b[2m:8:1)\u001b[22m\u001b[2m\u001b[22m\n\u001b[2m      \u001b[2mat TestScheduler.scheduleTests (\u001b[22m\u001b[2mnode_modules/@jest/core/build/TestScheduler.js\u001b[2m:333:13)\u001b[22m\u001b[2m\u001b[22m\n\u001b[2m      \u001b[2mat runJest (\u001b[22m\u001b[2mnode_modules/@jest/core/build/runJest.js\u001b[2m:404:19)\u001b[22m\u001b[2m\u001b[22m\n\u001b[2m      \u001b[2mat _run10000 (\u001b[22m\u001b[2mnode_modules/@jest/core/build/cli/index.js\u001b[2m:320:7)\u001b[22m\u001b[2m\u001b[22m\n\u001b[2m      \u001b[2mat runCLI (\u001b[22m\u001b[2mnode_modules/@jest/core/build/cli/index.js\u001b[2m:173:3)\u001b[22m\u001b[2m\u001b[22m\n","name":"C:\\localdev\\UMD-Hackathon\\food-for-all-dc\\my-app\\src\\services\\__tests__\\cluster-service.test.ts","startTime":1753550243266,"status":"failed","summary":""}],"wasInterrupted":false,"coverageMap":{"C:\\localdev\\UMD-Hackathon\\food-for-all-dc\\my-app\\src\\utils\\validation.ts":{"path":"C:\\localdev\\UMD-Hackathon\\food-for-all-dc\\my-app\\src\\utils\\validation.ts","statementMap":{"0":{"start":{"line":10,"column":28},"end":{"line":13,"column":1}},"1":{"start":{"line":11,"column":21},"end":{"line":11,"column":49}},"2":{"start":{"line":12,"column":2},"end":{"line":12,"column":32}},"3":{"start":{"line":20,"column":28},"end":{"line":24,"column":1}},"4":{"start":{"line":22,"column":21},"end":{"line":22,"column":60}},"5":{"start":{"line":23,"column":2},"end":{"line":23,"column":51}},"6":{"start":{"line":31,"column":23},"end":{"line":33,"column":1}},"7":{"start":{"line":32,"column":2},"end":{"line":32,"column":29}},"8":{"start":{"line":40,"column":33},"end":{"line":64,"column":1}},"9":{"start":{"line":43,"column":2},"end":{"line":43,"column":27}},"10":{"start":{"line":43,"column":14},"end":{"line":43,"column":27}},"11":{"start":{"line":45,"column":2},"end":{"line":54,"column":3}},"12":{"start":{"line":46,"column":4},"end":{"line":53,"column":6}},"13":{"start":{"line":56,"column":2},"end":{"line":63,"column":4}},"14":{"start":{"line":71,"column":40},"end":{"line":100,"column":1}},"15":{"start":{"line":77,"column":41},"end":{"line":77,"column":43}},"16":{"start":{"line":79,"column":2},"end":{"line":81,"column":3}},"17":{"start":{"line":80,"column":4},"end":{"line":80,"column":37}},"18":{"start":{"line":83,"column":2},"end":{"line":85,"column":3}},"19":{"start":{"line":84,"column":4},"end":{"line":84,"column":53}},"20":{"start":{"line":87,"column":2},"end":{"line":91,"column":3}},"21":{"start":{"line":88,"column":4},"end":{"line":88,"column":46}},"22":{"start":{"line":89,"column":9},"end":{"line":91,"column":3}},"23":{"start":{"line":90,"column":4},"end":{"line":90,"column":49}},"24":{"start":{"line":93,"column":2},"end":{"line":97,"column":3}},"25":{"start":{"line":94,"column":4},"end":{"line":94,"column":39}},"26":{"start":{"line":95,"column":9},"end":{"line":97,"column":3}},"27":{"start":{"line":96,"column":4},"end":{"line":96,"column":42}},"28":{"start":{"line":99,"column":2},"end":{"line":99,"column":16}},"29":{"start":{"line":107,"column":36},"end":{"line":131,"column":1}},"30":{"start":{"line":112,"column":41},"end":{"line":112,"column":43}},"31":{"start":{"line":114,"column":2},"end":{"line":116,"column":3}},"32":{"start":{"line":115,"column":4},"end":{"line":115,"column":37}},"33":{"start":{"line":118,"column":2},"end":{"line":122,"column":3}},"34":{"start":{"line":119,"column":4},"end":{"line":119,"column":46}},"35":{"start":{"line":120,"column":9},"end":{"line":122,"column":3}},"36":{"start":{"line":121,"column":4},"end":{"line":121,"column":49}},"37":{"start":{"line":124,"column":2},"end":{"line":128,"column":3}},"38":{"start":{"line":125,"column":4},"end":{"line":125,"column":39}},"39":{"start":{"line":126,"column":9},"end":{"line":128,"column":3}},"40":{"start":{"line":127,"column":4},"end":{"line":127,"column":42}},"41":{"start":{"line":130,"column":2},"end":{"line":130,"column":16}},"42":{"start":{"line":140,"column":33},"end":{"line":172,"column":1}},"43":{"start":{"line":146,"column":2},"end":{"line":146,"column":32}},"44":{"start":{"line":146,"column":19},"end":{"line":146,"column":32}},"45":{"start":{"line":149,"column":20},"end":{"line":149,"column":71}},"46":{"start":{"line":150,"column":2},"end":{"line":152,"column":3}},"47":{"start":{"line":151,"column":4},"end":{"line":151,"column":17}},"48":{"start":{"line":155,"column":38},"end":{"line":155,"column":59}},"49":{"start":{"line":156,"column":16},"end":{"line":156,"column":38}},"50":{"start":{"line":157,"column":14},"end":{"line":157,"column":34}},"51":{"start":{"line":158,"column":15},"end":{"line":158,"column":36}},"52":{"start":{"line":161,"column":2},"end":{"line":163,"column":3}},"53":{"start":{"line":162,"column":4},"end":{"line":162,"column":17}},"54":{"start":{"line":166,"column":15},"end":{"line":166,"column":45}},"55":{"start":{"line":167,"column":2},"end":{"line":171,"column":4}},"56":{"start":{"line":182,"column":37},"end":{"line":205,"column":1}},"57":{"start":{"line":188,"column":2},"end":{"line":188,"column":32}},"58":{"start":{"line":188,"column":19},"end":{"line":188,"column":32}},"59":{"start":{"line":191,"column":20},"end":{"line":191,"column":41}},"60":{"start":{"line":192,"column":2},"end":{"line":194,"column":3}},"61":{"start":{"line":193,"column":4},"end":{"line":193,"column":17}},"62":{"start":{"line":197,"column":15},"end":{"line":197,"column":35}},"63":{"start":{"line":198,"column":2},"end":{"line":200,"column":3}},"64":{"start":{"line":199,"column":4},"end":{"line":199,"column":17}},"65":{"start":{"line":203,"column":15},"end":{"line":203,"column":33}},"66":{"start":{"line":204,"column":2},"end":{"line":204,"column":44}},"67":{"start":{"line":212,"column":40},"end":{"line":272,"column":1}},"68":{"start":{"line":213,"column":2},"end":{"line":215,"column":3}},"69":{"start":{"line":214,"column":4},"end":{"line":214,"column":91}},"70":{"start":{"line":217,"column":2},"end":{"line":219,"column":3}},"71":{"start":{"line":218,"column":4},"end":{"line":218,"column":103}}
[...]
nchMap":{"0":{"loc":{"start":{"line":41,"column":4},"end":{"line":43,"column":5}},"type":"if","locations":[{"start":{"line":41,"column":4},"end":{"line":43,"column":5}},{"start":{},"end":{}}],"line":41},"1":{"loc":{"start":{"line":55,"column":6},"end":{"line":59,"column":7}},"type":"if","locations":[{"start":{"line":55,"column":6},"end":{"line":59,"column":7}},{"start":{},"end":{}}],"line":55},"2":{"loc":{"start":{"line":58,"column":15},"end":{"line":58,"column":56}},"type":"cond-expr","locations":[{"start":{"line":58,"column":45},"end":{"line":58,"column":49}},{"start":{"line":58,"column":52},"end":{"line":58,"column":56}}],"line":58},"3":{"loc":{"start":{"line":71,"column":29},"end":{"line":71,"column":42}},"type":"default-arg","locations":[{"start":{"line":71,"column":40},"end":{"line":71,"column":42}}],"line":71},"4":{"loc":{"start":{"line":75,"column":8},"end":{"line":77,"column":9}},"type":"if","locations":[{"start":{"line":75,"column":8},"end":{"line":77,"column":9}},{"start":{},"end":{}}],"line":75},"5":{"loc":{"start":{"line":125,"column":8},"end":{"line":125,"column":92}},"type":"if","locations":[{"start":{"line":125,"column":8},"end":{"line":125,"column":92}},{"start":{},"end":{}}],"line":125},"6":{"loc":{"start":{"line":167,"column":8},"end":{"line":169,"column":9}},"type":"if","locations":[{"start":{"line":167,"column":8},"end":{"line":169,"column":9}},{"start":{},"end":{}}],"line":167},"7":{"loc":{"start":{"line":168,"column":17},"end":{"line":168,"column":42}},"type":"binary-expr","locations":[{"start":{"line":168,"column":17},"end":{"line":168,"column":36}},{"start":{"line":168,"column":40},"end":{"line":168,"column":42}}],"line":168},"8":{"loc":{"start":{"line":212,"column":4},"end":{"line":214,"column":5}},"type":"if","locations":[{"start":{"line":212,"column":4},"end":{"line":214,"column":5}},{"start":{},"end":{}}],"line":212},"9":{"loc":{"start":{"line":215,"column":4},"end":{"line":217,"column":5}},"type":"if","locations":[{"start":{"line":215,"column":4},"end":{"line":217,"column":5}},{"start":{},"end":{}}],"line":215},"10":{"loc":{"start":{"line":215,"column":8},"end":{"line":215,"column":79}},"type":"binary-expr","locations":[{"start":{"line":215,"column":8},"end":{"line":215,"column":20}},{"start":{"line":215,"column":24},"end":{"line":215,"column":51}},{"start":{"line":215,"column":55},"end":{"line":215,"column":79}}],"line":215}},"s":{"0":2,"1":2,"2":2,"3":2,"4":23,"5":2,"6":23,"7":2,"8":2,"9":2,"10":2,"11":2,"12":2,"13":2,"14":0,"15":0,"16":2,"17":2,"18":1,"19":1,"20":0,"21":1,"22":1,"23":2,"24":1,"25":1,"26":2,"27":2,"28":0,"29":0,"30":2,"31":1,"32":1,"33":1,"34":1,"35":0,"36":0,"37":1,"38":4,"39":4,"40":3,"41":1,"42":2,"43":2,"44":1,"45":1,"46":1,"47":1,"48":1,"49":1,"50":1,"51":0,"52":0,"53":2,"54":2,"55":1,"56":1,"57":1,"58":1,"59":2,"60":2,"61":1,"62":1,"63":3,"64":1,"65":2,"66":1,"67":1,"68":1,"69":1,"70":1,"71":0},"f":{"0":2,"1":23,"2":2,"3":2,"4":1,"5":2,"6":2,"7":0,"8":1,"9":1,"10":1,"11":0,"12":4,"13":3,"14":2,"15":1,"16":1,"17":1,"18":2,"19":1,"20":1,"21":2,"22":1,"23":3,"24":1},"b":{"0":[2,21],"1":[2,0],"2":[0,2],"3":[2],"4":[0,1],"5":[0,0],"6":[1,0],"7":[1,1],"8":[1,2],"9":[1,1],"10":[2,1,1]},"_coverageSchema":"1a1c01bbd47fc00a2c39e90264f33305004495a9","hash":"486d5c1a7aab2793b3fc2f87de43aee5395ab5e9"},"C:\\localdev\\UMD-Hackathon\\food-for-all-dc\\my-app\\src\\services\\cluster-service.ts":{"path":"C:\\localdev\\UMD-Hackathon\\food-for-all-dc\\my-app\\src\\services\\cluster-service.ts","statementMap":{"0":{"start":{"line":25,"column":15},"end":{"line":25,"column":59}},"1":{"start":{"line":26,"column":31},"end":{"line":26,"column":41}},"2":{"start":{"line":27,"column":26},"end":{"line":27,"column":53}},"3":{"start":{"line":36,"column":4},"end":{"line":38,"column":5}},"4":{"start":{"line":37,"column":6},"end":{"line":37,"column":53}},"5":{"start":{"line":39,"column":4},"end":{"line":39,"column":35}},"6":{"start":{"line":46,"column":4},"end":{"line":63,"column":5}},"7":{"start":{"line":47,"column":6},"end":{"line":60,"column":9}},"8":{"start":{"line":49,"column":38},"end":{"line":49,"column":82}},"9":{"start":{"line":50,"column":25},"end":{"line":50,"column":61}},"10":{"start":{"line":51,"column":8},"end":{"line":51,"column":75}},"11":{"start":{"line":52,"column":25},"end":{"line":57,"column":73}},"12":{"start":{"line":54,"column":25},"end":{"line":54,"column":57}},"13":{"start":{"line":55,"column":12},"end":{"line":55,"column":60}},"14":{"start":{"line":57,"column":51},"end":{"line":57,"column":72}},"15":{"start":{"line":58,"column":8},"end":{"line":58,"column":75}},"16":{"start":{"line":59,"column":8},"end":{"line":59,"column":24}},"17":{"start":{"line":62,"column":6},"end":{"line":62,"column":68}},"18":{"start":{"line":73,"column":24},"end":{"line":87,"column":5}},"19":{"start":{"line":76,"column":25},"end":{"line":81,"column":73}},"20":{"start":{"line":78,"column":25},"end":{"line":78,"column":57}},"21":{"start":{"line":79,"column":12},"end":{"line":79,"column":60}},"22":{"start":{"line":81,"column":51},"end":{"line":81,"column":72}},"23":{"start":{"line":82,"column":8},"end":{"line":82,"column":25}},"24":{"start":{"line":85,"column":8},"end":{"line":85,"column":93}},"25":{"start":{"line":85,"column":21},"end":{"line":85,"column":93}},"26":{"start":{"line":88,"column":4},"end":{"line":88,"column":23}},"27":{"start":{"line":95,"column":4},"end":{"line":106,"column":5}},"28":{"start":{"line":96,"column":6},"end":{"line":103,"column":9}},"29":{"start":{"line":97,"column":27},"end":{"line":97,"column":82}},"30":{"start":{"line":98,"column":8},"end":{"line":101,"column":9}},"31":{"start":{"line":99,"column":23},"end":{"line":99,"column":69}},"32":{"start":{"line":100,"column":10},"end":{"line":100,"column":53}},"33":{"start":{"line":102,"column":8},"end":{"line":102,"column":20}},"34":{"start":{"line":105,"column":6},"end":{"line":105,"column":69}},"35":{"start":{"line":117,"column":24},"end":{"line":136,"column":5}},"36":{"start":{"line":120,"column":8},"end":{"line":131,"column":9}},"37":{"start":{"line":121,"column":23},"end":{"line":121,"column":38}},"38":{"start":{"line":122,"column":10},"end":{"line":128,"column":13}},"39":{"start":{"line":130,"column":10},"end":{"line":130,"column":23}},"40":{"start":{"line":134,"column":8},"end":{"line":134,"column":92}},"41":{"start":{"line":134,"column":21},"end":{"line":134,"column":92}},"42":{"start":{"line":137,"column":4},"end":{"line":137,"column":23}},"43":{"start":{"line":144,"column":4},"end":{"line":151,"column":5}},"44":{"start":{"line":145,"column":6},"end":{"line":148,"column":9}},"45":{"start":{"line":146,"column":23},"end":{"line":146,"column":90}},"46":{"start":{"line":147,"column":8},"end":{"line":147,"column":25}},"47":{"start":{"line":150,"column":6},"end":{"line":150,"column":66}},"48":{"start":{"line":158,"column":4},"end":{"line":164,"column":5}},"49":{"start":{"line":159,"column":6},"end":{"line":161,"column":9}},"50":{"start":{"line":160,"column":8},"end":{"line":160,"column":76}},"51":{"start":{"line":163,"column":6},"end":{"line":163,"column":66}},"52":{"start":{"line":171,"column":4},"end":{"line":177,"column":5}},"53":{"start":{"line":172,"column":6},"end":{"line":174,"column":9}},"54":{"start":{"line":173,"column":8},"end":{"line":173,"column":70}},"55":{"start":{"line":176,"column":6},"end":{"line":176,"column":66}},"56":{"start":{"line":184,"column":4},"end":{"line":195,"column":5}},"57":{"start":{"line":185,"column":6},"end":{"line":192,"column":9}},"58":{"start":{"line":186,"column":26},"end":{"line":186,"column":59}},"59":{"start":{"line":187,"column":31},"end":{"line":190,"column":10}},"60":{"start":{"line":188,"column":29},"end":{"line":188,"column":77}},"61":{"start":{"line":189,"column":10},"end":{"line":189,"column":61}},"62":{"start":{"line":191,"column":8},"end":{"line":191,"column":42}},"63":{"start":{"line":194,"column":6},"end":{"line":194,"column":77}},"64":{"start":{"line":202,"column":4},"end":{"line":220,"column":5}},"65":{"start":{"line":203,"column":6},"end":{"line":217,"column":9}},"66":{"start":{"line":205,"column":8},"end":{"line":205,"column":100}},"67":{"start":{"line":207,"column":27},"end":{"line":207,"column":89}},"68":{"start":{"line":208,"column":8},"end":{"line":216,"column":9}},"69":{"start":{"line":209,"column":30},"end":{"line":209,"column":47}},"70":{"start":{"line":210,"column":29},"end":{"line":210,"column":57}},"71":{"start":{"line":212,"column":10},"end":{"line":215,"column":11}},"72":{"start":{"line":212,"column":50},"end":{"line":212,"column":80}},"73":{"start":{"line":213,"column":12},"end":{"line":213,"column":42}},"74":{"start":{"line":214,"column":12},"end":{"line":214,"column":94}},"75":{"start":{"line":219,"column":6},"end":{"line":219,"column":98}},"76":{"start":{"line":227,"column":4},"end":{"line":243,"column":5}},"77":{"start":{"line":228,"column":6},"end":{"line":240,"column":9}},"78":{"start":{"line":230,"column":8},"end":{"line":230,"column":75}},"79":{"start":{"line":232,"column":27},"end":{"line":232,"column":89}},"80":{"start":{"line":233,"column":8},"end":{"line":239,"column":9}},"81":{"start":{"line":234,"column":30},"end":{"line":234,"column":47}},"82":{"start":{"line":235,"column":27},"end":{"line":235,"column":55}},"83":{"start":{"line":237,"column":10},"end":{"line":237,"column":92}},"84":{"start":{"line":237,"column":60},"end":{"line":237,"column":90}},"85":{"start":{"line":238,"column":10},"end":{"line":238,"column":92}},"86":{"start":{"line":242,"column":6},"end":{"line":242,"column":103}}},"fnMap":{"0":{"name":"(anonymous_0)","decl":{"start":{"line":31,"column":2},"end":{"line":31,"column":3}},"loc":{"start":{"line":31,"column":24},"end":{"line":33,"column":3}},"line":31},"1":{"name":"(anonymous_1)","decl":{"start":{"line":35,"column":2},"end":{"line":35,"column":3}},"loc":{"start":{"line":35,"column":46},"end":{"line":40,"column":3}},"line":35},"2":{"name":"(anonymous_2)","decl":{"start":{"line":45,"column":2},"end":{"line":45,"column":3}},"loc":{"start":{"line":45,"column":52},"end":{"line":64,"column":3}},"line":45},"3":{"name":"(anonymous_3)","decl":{"start":{"line":47,"column":25},"end":{"line":47,"column":26}},"loc":{"start":{"line":47,"column":37},"end":{"line":60,"column":7}},"line":47},"4":{"name":"(anonymous_4)","decl":{"start":{"line":53,"column":15},"end":{"line":53,"column":16}},"loc":{"start":{"line":53,"column":24},"end":{"line":56,"column":11}},"line":53},"5":{"name":"(anonymous_5)","decl":{"start":{"line":57,"column":18},"end":{"line":57,"column":19}},"loc":{"start":{"line":57,"column":51},"end":{"line":57,"column":72}},"line":57},"6":{"name":"(anonymous_6)","decl":{"start":{"line":69,"column":2},"end":{"line":69,"column":3}},"loc":{"start":{"line":72,"column":16},"end":{"line":89,"column":3}},"line":72},"7":{"name":"(anonymous_7)","decl":{"start":{"line":75,"column":6},"end":{"line":75,"column":7}},"loc":{"start":{"line":75,"column":20},"end":{"line":83,"column":7}},"line":75},"8":{"name":"(anonymous_8)","decl":{"start":{"line":77,"column":15},"end":{"line":77,"column":16}},"loc":{"start":{"line":77,"column":24},"end":{"line":80,"column":11}},"line":77},"9":{"name":"(anonymous_9)","decl":{"start":{"line":81,"column":18},"end":{"line":81,"column":19}},"loc":{"start":{"line":81,"column":51},"end":{"line":81,"column":72}},"line":81},"10":{"name":"(anonymous_10)","decl":{"start":{"line":84,"column":6},"end":{"line":84,"column":7}},"loc":{"start":{"line":84,"column":17},"end":{"line":86,"column":7}},"line":84},"11":{"name":"(anonymous_11)","decl":{"start":{"line":94,"column":2},"end":{"line":94,"column":3}},"loc":{"start":{"line":94,"column":67},"end":{"line":107,"column":3}},"line":94},"12":{"name":"(anonymous_12)","decl":{"start":{"line":96,"column":25},"end":{"line":96,"column":26}},"loc":{"start":{"line":96,"column":37},"end":{"line":103,"column":7}},"line":96},"13":{"name":"(anonymous_13)","decl":{"start":{"line":112,"column":2},"end":{"line":112,"column":3}},"loc":{"start":{"line":116,"column":16},"end":{"line":138,"column":3}},"line":116},"14":{"name":"(anonymous_14)","decl":{"start":{"line":119,"column":6},"end":{"line":119,"column":7}},"loc":{"start":{"line":119,"column":20},"end":{"line":132,"column":7}},"line":119},"15":{"name":"(anonymous_15)","decl":{"start":{"line":133,"column":6},"end":{"line":133,"column":7}},"loc":{"start":{"line":133,"column":17},"end":{"line":135,"column":7}},"line":133},"16":{"name":"(anonymous_16)","decl":{"start":{"line":143,"column":2},"end":{"line":143,"column":3}},"loc":{"start":{"line":143,"column":79},"end":{"line":152,"column":3}},"line":143},"17":{"name":"(anonymous_17)","decl":{"start":{"line":145,"column":25},"end":{"line":145,"column":26}},"loc":{"start":{"line":145,"column":37},"end":{"line":148,"column":7}},"line":145},"18":{"name":"(anonymous_18)","decl":{"start":{"line":157,"column":2},"end":{"line":157,"column":3}},"loc":{"start":{"line":157,"column":98},"end":{"line":165,"column":3}},"line":157},"19":{"name":"(anonymous_19)","decl":{"start":{"line":159,"column":18},"end":{"line":159,"column":19}},"loc":{"start":{"line":159,"column":30},"end":{"line":161,"column":7}},"line":159},"20":{"name":"(anonymous_20)","decl":{"start":{"line":170,"column":2},"end":{"line":170,"column":3}},"loc":{"start":{"line":170,"column":59},"end":{"line":178,"column":3}},"line":170},"21":{"name":"(anonymous_21)","decl":{"start":{"line":172,"column":18},"end":{"line":172,"column":19}},"loc":{"start":{"line":172,"column":30},"end":{"line":174,"column":7}},"line":172},"22":{"name":"(anonymous_22)","decl":{"start":{"line":183,"column":2},"end":{"line":183,"column":3}},"loc":{"start":{"line":183,"column":93},"end":{"line":196,"column":3}},"line":183},"23":{"name":"(anonymous_23)","decl":{"start":{"line":185,"column":18},"end":{"line":185,"column":19}},"loc":{"start":{"line":185,"column":30},"end":{"line":192,"column":7}},"line":185},"24":{"name":"(anonymous_24)","decl":{"start":{"line":187,"column":46},"end":{"line":187,"column":47}},"loc":{"start":{"line":187,"column":67},"end":{"line":190,"column":9}},"line":187},"25":{"name":"(anonymous_25)","decl":{"start":{"line":201,"column":2},"end":{"line":201,"column":3}},"loc":{"start":{"line":201,"column":112},"end":{"line":221,"column":3}},"line":201},"26":{"name":"(anonymous_26)","decl":{"start":{"line":203,"column":18},"end":{"line":203,"column":19}},"loc":{"start":{"line":203,"column":30},"end":{"line":217,"column":7}},"line":203},"27":{"name":"(anonymous_27)","decl":{"start":{"line":212,"column":31},"end":{"line":212,"column":32}},"loc":{"start":{"line":212,"column":50},"end":{"line":212,"column":80}},"line":212},"28":{"name":"(anonymous_28)","decl":{"start":{"line":226,"column":2},"end":{"line":226,"column":3}},"loc":{"start":{"line":226,"column":91},"end":{"line":244,"column":3}},"line":226},"29":{"name":"(anonymous_29)","decl":{"start":{"line":228,"column":18},"end":{"line":228,"column":19}},"loc":{"start":{"line":228,"column":30},"end":{"line":240,"column":7}},"line":228},"30":{"name":"(anonymous_30)","decl":{"start":{"line":237,"column":41},"end":{"line":237,"column":42}},"loc":{"start":{"line":237,"column":60},"end":{"line":237,"column":90}},"line":237}},"branchMap":{"0":{"loc":{"start":{"line":36,"column":4},"end":{"line":38,"column":5}},"type":"if","locations":[{"start":{"line":36,"column":4},"end":{"line":38,"column":5}},{"start":{},"end":{}}],"line":36},"1":{"loc":{"start":{"line":55,"column":19},"end":{"line":55,"column":59}},"type":"cond-expr","locations":[{"start":{"line":55,"column":43},"end":{"line":55,"column":47}},{"start":{"line":55,"column":50},"end":{"line":55,"column":59}}],"line":55},"2":{"loc":{"start":{"line":79,"column":19},"end":{"line":79,"column":59}},"type":"cond-expr","locations":[{"start":{"line":79,"column":43},"end":{"line":79,"column":47}},{"start":{"line":79,"column":50},"end":{"line":79,"column":59}}],"line":79},"3":{"loc":{"start":{"line":85,"column":8},"end":{"line":85,"column":93}},"type":"if","locations":[{"start":{"line":85,"column":8},"end":{"line":85,"column":93}},{"start":{},"end":{}}],"line":85},"4":{"loc":{"start":{"line":98,"column":8},"end":{"line":101,"column":9}},"type":"if","locations":[{"start":{"line":98,"column":8},"end":{"line":101,"column":9}},{"start":{},"end":{}}],"line":98},"5":{"loc":{"start":{"line":100,"column":17},"end":{"line":100,"column":52}},"type":"cond-expr","locations":[{"start":{"line":100,"column":41},"end":{"line":100,"column":45}},{"start":{"line":100,"column":48},"end":{"line":100,"column":52}}],"line":100},"6":{"loc":{"start":{"line":120,"column":8},"end":{"line":131,"column":9}},"type":"if","locations":[{"start":{"line":120,"column":8},"end":{"line":131,"column":9}},{"start":{"line":129,"column":15},"end":{"line":131,"column":9}}],"line":120},"7":{"loc":{"start":{"line":125,"column":18},"end":{"line":125,"column":33}},"type":"binary-expr","locations":[{"start":{"line":125,"column":18},"end":{"line":125,"column":27}},{"start":{"line":125,"column":31},"end":{"line":125,"column":33}}],"line":125},"8":{"loc":{"start":{"line":126,"column":20},"end":{"line":126,"column":39}},"type":"binary-expr","locations":[{"start":{"line":126,"column":20},"end":{"line":126,"column":31}},{"start":{"line":126,"column":35},"end":{"line":126,"column":39}}],"line":126},"9":{"loc":{"start":{"line":127,"column":24},"end":{"line":127,"column":45}},"type":"binary-expr","locations":[{"start":{"line":127,"column":24},"end":{"line":127,"column":39}},{"start":{"line":127,"column":43},"end":{"line":127,"column":45}}],"line":127},"10":{"loc":{"start":{"line":134,"column":8},"end":{"line":134,"column":92}},"type":"if","locations":[{"start":{"line":134,"column":8},"end":{"line":134,"column":92}},{"start":{},"end":{}}],"line":134},"11":{"loc":{"start":{"line":208,"column":8},"end":{"line":216,"column":9}},"type":"if","locations":[{"start":{"line":208,"column":8},"end":{"line":216,"column":9}},{"start":{},"end":{}}],"line":208},"12":{"loc":{"start":{"line":210,"column":29},"end":{"line":210,"column":57}},"type":"binary-expr","locations":[{"start":{"line":210,"column":29},"end":{"line":210,"column":51}},{"start":{"line":210,"column":55},"end":{"line":210,"column":57}}],"line":210},"13":{"loc":{"start":{"line":212,"column":10},"end":{"line":215,"column":11}},"type":"if","locations":[{"start":{"line":212,"column":10},"end":{"line":215,"column":11}},{"start":{},"end":{}}],"line":212},"14":{"loc":{"start":{"line":233,"column":8},"end":{"line":239,"column":9}},"type":"if","locations":[{"start":{"line":233,"column":8},"end":{"line":239,"column":9}},{"start":{},"end":{}}],"line":233},"15":{"loc":{"start":{"line":235,"column":27},"end":{"line":235,"column":55}},"type":"binary-expr","locations":[{"start":{"line":235,"column":27},"end":{"line":235,"column":49}},{"start":{"line":235,"column":53},"end":{"line":235,"column":55}}],"line":235}},"s":{"0":1,"1":1,"2":1,"3":21,"4":1,"5":21,"6":2,"7":2,"8":1,"9":1,"10":1,"11":1,"12":2,"13":2,"14":2,"15":1,"16":1,"17":1,"18":1,"19":1,"20":1,"21":1,"22":1,"23":1,"24":0,"25":0,"26":1,"27":2,"28":2,"29":1,"30":1,"31":1,"32":1,"33":0,"34":1,"35":1,"36":1,"37":1,"38":1,"39":0,"40":0,"41":0,"42":1,"43":2,"44":2,"45":1,"46":1,"47":1,"48":2,"49":2,"50":1,"51":1,"52":2,"53":2,"54":1,"55":1,"56":2,"57":2,"58":1,"59":1,"60":2,"61":2,"62":1,"63":1,"64":2,"65":2,"66":1,"67":0,"68":0,"69":0,"70":0,"71":0,"72":0,"73":0,"74":0,"75":1,"76":2,"77":2,"78":1,"79":0,"80":0,"81":0,"82":0,"83":0,"84":0,"85":0,"86":1},"f":{"0":1,"1":21,"2":2,"3":1,"4":2,"5":2,"6":1,"7":1,"8":1,"9":1,"10":0,"11":2,"12":1,"13":1,"14":1,"15":0,"16":2,"17":1,"18":2,"19":1,"20":2,"21":1,"22":2,"23":1,"24":2,"25":2,"26":1,"27":0,"28":2,"29":1,"30":0},"b":{"0":[1,20],"1":[0,2],"2":[0,1],"3":[0,0],"4":[1,0],"5":[0,1],"6":[1,0],"7":[1,1],"8":[1,1],"9":[1,1],"10":[0,0],"11":[0,0],"12":[0,0],"13":[0,0],"14":[0,0],"15":[0,0]},"_coverageSchema":"1a1c01bbd47fc00a2c39e90264f33305004495a9","hash":"eab16803bb7c59e05fd0e1748d154edb3509a7dd"}}}