{"numFailedTestSuites":4,"numFailedTests":6,"numPassedTestSuites":13,"numPassedTests":63,"numPendingTestSuites":0,"numPendingTests":0,"numRuntimeErrorTestSuites":0,"numTodoTests":0,"numTotalTestSuites":17,"numTotalTests":69,"openHandles":[],"snapshot":{"added":0,"didUpdate":false,"failure":false,"filesAdded":0,"filesRemoved":0,"filesRemovedList":[],"filesUnmatched":0,"filesUpdated":0,"matched":0,"total":0,"unchecked":0,"uncheckedKeysByFile":[],"unmatched":0,"updated":0},"startTime":1752885919261,"success":false,"testResults":[{"assertionResults":[{"ancestorTitles":["Minimal Routing Tests"],"failureMessages":["Error: thrown: \"Exceeded timeout of 20000 ms for a test.\nUse jest.setTimeout(newTimeout) to increase the timeout value, if this is a long-running test.\"\n    at C:\\localDev\\UMD-Hack4Impact\\food-for-all-dc\\my-app\\src\\__tests__\\routing.test.tsx:42:3\n    at _dispatchDescribe (C:\\localDev\\UMD-Hack4Impact\\food-for-all-dc\\my-app\\node_modules\\jest-circus\\build\\index.js:98:26)\n    at describe (C:\\localDev\\UMD-Hack4Impact\\food-for-all-dc\\my-app\\node_modules\\jest-circus\\build\\index.js:60:5)\n    at Object.<anonymous> (C:\\localDev\\UMD-Hack4Impact\\food-for-all-dc\\my-app\\src\\__tests__\\routing.test.tsx:41:1)\n    at Runtime._execModule (C:\\localDev\\UMD-Hack4Impact\\food-for-all-dc\\my-app\\node_modules\\jest-runtime\\build\\index.js:1646:24)\n    at Runtime._loadModule (C:\\localDev\\UMD-Hack4Impact\\food-for-all-dc\\my-app\\node_modules\\jest-runtime\\build\\index.js:1185:12)\n    at Runtime.requireModule (C:\\localDev\\UMD-Hack4Impact\\food-for-all-dc\\my-app\\node_modules\\jest-runtime\\build\\index.js:1009:12)\n    at jestAdapter (C:\\localDev\\UMD-Hack4Impact\\food-for-all-dc\\my-app\\node_modules\\jest-circus\\build\\legacy-code-todo-rewrite\\jestAdapter.js:79:13)\n    at runTestInternal (C:\\localDev\\UMD-Hack4Impact\\food-for-all-dc\\my-app\\node_modules\\jest-runner\\build\\runTest.js:389:16)\n    at runTest (C:\\localDev\\UMD-Hack4Impact\\food-for-all-dc\\my-app\\node_modules\\jest-runner\\build\\runTest.js:475:34)"],"fullName":"Minimal Routing Tests renders /users route correctly","location":null,"status":"failed","title":"renders /users route correctly"},{"ancestorTitles":["Minimal Routing Tests"],"failureMessages":["Error: Unable to find an element with the text: /name/i. This could be because the text is broken up by multiple elements. In this case, you can provide a function for your text matcher to make your matcher more flexible.\n\nIgnored nodes: comments, script, style\n\u001b[36m<body>\u001b[39m\n  \u001b[36m<div />\u001b[39m\n\u001b[36m</body>\u001b[39m\n    at waitForWrapper (C:\\localDev\\UMD-Hack4Impact\\food-for-all-dc\\my-app\\node_modules\\@testing-library\\react\\node_modules\\@testing-library\\dom\\dist\\wait-for.js:166:27)\n    at findByText (C:\\localDev\\UMD-Hack4Impact\\food-for-all-dc\\my-app\\node_modules\\@testing-library\\react\\node_modules\\@testing-library\\dom\\dist\\query-helpers.js:86:33)\n    at call (C:\\localDev\\UMD-Hack4Impact\\food-for-all-dc\\my-app\\src\\__tests__\\routing.test.tsx:54:25)\n    at Generator._invoke (C:\\localDev\\UMD-Hack4Impact\\food-for-all-dc\\my-app\\src\\__tests__\\routing.test.tsx:2:1)\n    at Generator.next (C:\\localDev\\UMD-Hack4Impact\\food-for-all-dc\\my-app\\src\\__tests__\\routing.test.tsx:2:1)\n    at asyncGeneratorStep (C:\\localDev\\UMD-Hack4Impact\\food-for-all-dc\\my-app\\src\\__tests__\\routing.test.tsx:2:1)\n    at _next (C:\\localDev\\UMD-Hack4Impact\\food-for-all-dc\\my-app\\src\\__tests__\\routing.test.tsx:2:1)\n    at C:\\localDev\\UMD-Hack4Impact\\food-for-all-dc\\my-app\\src\\__tests__\\routing.test.tsx:2:1\n    at new Promise (<anonymous>)\n    at Object.<anonymous> (C:\\localDev\\UMD-Hack4Impact\\food-for-all-dc\\my-app\\src\\__tests__\\routing.test.tsx:2:1)\n    at Promise.then.completed (C:\\localDev\\UMD-Hack4Impact\\food-for-all-dc\\my-app\\node_modules\\jest-circus\\build\\utils.js:391:28)\n    at new Promise (<anonymous>)\n    at callAsyncCircusFn (C:\\localDev\\UMD-Hack4Impact\\food-for-all-dc\\my-app\\node_modules\\jest-circus\\build\\utils.js:316:10)\n    at _callCircusTest (C:\\localDev\\UMD-Hack4Impact\\food-for-all-dc\\my-app\\node_modules\\jest-circus\\build\\run.js:218:40)\n    at _runTest (C:\\localDev\\UMD-Hack4Impact\\food-for-all-dc\\my-app\\node_modules\\jest-circus\\build\\run.js:155:3)\n    at _runTestsForDescribeBlock (C:\\localDev\\UMD-Hack4Impact\\food-for-all-dc\\my-app\\node_modules\\jest-circus\\build\\run.js:66:9)\n    at _runTestsForDescribeBlock (C:\\localDev\\UMD-Hack4Impact\\food-for-all-dc\\my-app\\node_modules\\jest-circus\\build\\run.js:60:9)\n    at run (C:\\localDev\\UMD-Hack4Impact\\food-for-all-dc\\my-app\\node_modules\\jest-circus\\build\\run.js:25:3)\n    at runAndTransformResultsToJestFormat (C:\\localDev\\UMD-Hack4Impact\\food-for-all-dc\\my-app\\node_modules\\jest-circus\\build\\legacy-code-todo-rewrite\\jestAdapterInit.js:170:21)\n    at jestAdapter (C:\\localDev\\UMD-Hack4Impact\\food-for-all-dc\\my-app\\node_modules\\jest-circus\\build\\legacy-code-todo-rewrite\\jestAdapter.js:82:19)\n    at runTestInternal (C:\\localDev\\UMD-Hack4Impact\\food-for-all-dc\\my-app\\node_modules\\jest-runner\\build\\runTest.js:389:16)\n    at runTest (C:\\localDev\\UMD-Hack4Impact\\food-for-all-dc\\my-app\\node_modules\\jest-runner\\build\\runTest.js:475:34)"],"fullName":"Minimal Routing Tests renders nested routes correctly","location":null,"status":"failed","title":"renders nested routes correctly"},{"ancestorTitles":["Minimal Routing Tests"],"failureMessages":["Error: \u001b[2mexpect(\u001b[22m\u001b[31mreceived\u001b[39m\u001b[2m).\u001b[22mnot\u001b[2m.\u001b[22mtoBeNull\u001b[2m()\u001b[22m\n\nReceived: \u001b[31mnull\u001b[39m\n    at call (C:\\localDev\\UMD-Hack4Impact\\food-for-all-dc\\my-app\\src\\__tests__\\routing.test.tsx:63:29)\n    at Generator._invoke (C:\\localDev\\UMD-Hack4Impact\\food-for-all-dc\\my-app\\src\\__tests__\\routing.test.tsx:2:1)\n    at Generator.next (C:\\localDev\\UMD-Hack4Impact\\food-for-all-dc\\my-app\\src\\__tests__\\routing.test.tsx:2:1)\n    at asyncGeneratorStep (C:\\localDev\\UMD-Hack4Impact\\food-for-all-dc\\my-app\\src\\__tests__\\routing.test.tsx:2:1)\n    at _next (C:\\localDev\\UMD-Hack4Impact\\food-for-all-dc\\my-app\\src\\__tests__\\routing.test.tsx:2:1)"],"fullName":"Minimal Routing Tests custom redirect path works in ProtectedRoute","location":null,"status":"failed","title":"custom redirect path works in ProtectedRoute"}],"endTime":1752885952454,"message":"\u001b[1m\u001b[31m  \u001b[1m● \u001b[22m\u001b[1mMinimal Routing Tests › renders /users route correctly\u001b[39m\u001b[22m\n\n    thrown: \"Exceeded timeout of 20000 ms for a test.\n    Use jest.setTimeout(newTimeout) to increase the timeout value, if this is a long-running test.\"\n\u001b[2m\u001b[22m\n\u001b[2m    \u001b[0m \u001b[90m 40 |\u001b[39m\u001b[22m\n\u001b[2m     \u001b[90m 41 |\u001b[39m describe(\u001b[32m\"Minimal Routing Tests\"\u001b[39m\u001b[33m,\u001b[39m () \u001b[33m=>\u001b[39m {\u001b[22m\n\u001b[2m    \u001b[31m\u001b[1m>\u001b[22m\u001b[2m\u001b[39m\u001b[90m 42 |\u001b[39m   it(\u001b[32m\"renders /users route correctly\"\u001b[39m\u001b[33m,\u001b[39m \u001b[36masync\u001b[39m () \u001b[33m=>\u001b[39m {\u001b[22m\n\u001b[2m     \u001b[90m    |\u001b[39m   \u001b[31m\u001b[1m^\u001b[22m\u001b[2m\u001b[39m\u001b[22m\n\u001b[2m     \u001b[90m 43 |\u001b[39m     window\u001b[33m.\u001b[39mhistory\u001b[33m.\u001b[39mpushState({}\u001b[33m,\u001b[39m \u001b[32m\"\"\u001b[39m\u001b[33m,\u001b[39m \u001b[32m\"/users\"\u001b[39m)\u001b[33m;\u001b[39m\u001b[22m\n\u001b[2m     \u001b[90m 44 |\u001b[39m     render(\u001b[33m<\u001b[39m\u001b[33mApp\u001b[39m routerComponent\u001b[33m=\u001b[39m{\u001b[33mMemoryRouter\u001b[39m} \u001b[33m/\u001b[39m\u001b[33m>\u001b[39m)\u001b[33m;\u001b[39m\u001b[22m\n\u001b[2m     \u001b[90m 45 |\u001b[39m     \u001b[90m// Use findBy* for async rendering\u001b[39m\u001b[0m\u001b[22m\n\u001b[2m\u001b[22m\n\u001b[2m      \u001b[2mat \u001b[22m\u001b[2m\u001b[0m\u001b[36msrc/__tests__/routing.test.tsx\u001b[39m\u001b[0m\u001b[2m:42:3\u001b[22m\u001b[2m\u001b[22m\n\u001b[2m      \u001b[2mat Object.<anonymous> (\u001b[22m\u001b[2m\u001b[0m\u001b[36msrc/__tests__/routing.test.tsx\u001b[39m\u001b[0m\u001b[2m:41:1)\u001b[22m\u001b[2m\u001b[22m\n\n\u001b[1m\u001b[31m  \u001b[1m● \u001b[22m\u001b[1mMinimal Routing Tests › renders nested routes correctly\u001b[39m\u001b[22m\n\n    Unable to find an element with the text: /name/i. This could be because the text is broken up by multiple elements. In this case, you can provide a function for your text matcher to make your matcher more flexible.\n\n    Ignored nodes: comments, script, style\n    \u001b[36m<body>\u001b[39m\n      \u001b[36m<div />\u001b[39m\n    \u001b[36m</body>\u001b[39m\n\u001b[2m\u001b[22m\n\u001b[2m    \u001b[0m \u001b[90m 52 |\u001b[39m     render(\u001b[33m<\u001b[39m\u001b[33mApp\u001b[39m routerComponent\u001b[33m=\u001b[39m{\u001b[33mMemoryRouter\u001b[39m} \u001b[33m/\u001b[39m\u001b[33m>\u001b[39m)\u001b[33m;\u001b[39m\u001b[22m\n\u001b[2m     \u001b[90m 53 |\u001b[39m     \u001b[90m// Use findBy* for async rendering\u001b[39m\u001b[22m\n\u001b[2m    \u001b[31m\u001b[1m>\u001b[22m\u001b[2m\u001b[39m\u001b[90m 54 |\u001b[39m     expect(\u001b[36mawait\u001b[39m screen\u001b[33m.\u001b[39mfindByText(\u001b[35m/name/i\u001b[39m))\u001b[33m.\u001b[39mtoBeInTheDocument()\u001b[33m;\u001b[39m\u001b[22m\n\u001b[2m     \u001b[90m    |\u001b[39m                         \u001b[31m\u001b[1m^\u001b[22m\u001b[2m\u001b[39m\u001b[22m\n\u001b[2m     \u001b[90m 55 |\u001b[39m     expect(\u001b[36mawait\u001b[39m screen\u001b[33m.\u001b[39mfindByRole(\u001b[32m\"button\"\u001b[39m\u001b[33m,\u001b[39m { name\u001b[33m:\u001b[39m \u001b[35m/create user/i\u001b[39m }))\u001b[33m.\u001b[39mtoBeInTheDocument()\u001b[33m;\u001b[39m\u001b[22m\n\u001b[2m     \u001b[90m 56 |\u001b[39m   })\u001b[33m;\u001b[39m\u001b[22m\n\u001b[2m     \u001b[90m 57 |\u001b[39m\u001b[0m\u001b[22m\n\u001b[2m\u001b[22m\n\u001b[2m      \u001b[2mat waitForWrapper (\u001b[22m\u001b[2mnode_modules/@testing-library/react/node_modules/@testing-library/dom/dist/wait-for.js\u001b[2m:166:27)\u001b[22m\u001b[2m\u001b[22m\n\u001b[2m      \u001b[2mat findByText (\u001b[22m\u001b[2mnode_modules/@testing-library/react/node_modules/@testing-library/dom/dist/query-helpers.js\u001b[2m:86:33)\u001b[22m\u001b[2m\u001b[22m\n\u001b[2m      \u001b[2mat call (\u001b[22m\u001b[2m\u001b[0m\u001b[36msrc/__tests__/routing.test.tsx\u001b[39m\u001b[0m\u001b[2m:54:25)\u001b[22m\u001b[2m\u001b[22m\n\u001b[2m      \u001b[2mat Generator._invoke (\u001b[22m\u001b[2m\u001b[0m\u001b[36msrc/__tests__/routing.test.tsx\u001b[39m\u001b[0m\u001b[2m:2:1)\u001b[22m\u001b[2m\u001b[22m\n\u001b[2m      \u001b[2mat Generator.next (\u001b[22m\u001b[2m\u001b[0m\u001b[36msrc/__tests__/routing.test.tsx\u001b[39m\u001b[0m\u001b[2m:2:1)\u001b[22m\u001b[2m\u001b[22m\n\u001b[2m      \u001b[2mat asyncGeneratorStep (\u001b[22m\u001b[2m\u001b[0m\u001b[36msrc/__tests__/routing.test.tsx\u001b[39m\u001b[0m\u001b[2m:2:1)\u001b[22m\u001b[2m\u001b[22m\n\u001b[2m      \u001b[2mat _next (\u001b[22m\u001b[2m\u001b[0m\u001b[36msrc/__tests__/routing.test.tsx\u001b[39m\u001b[0m\u001b[2m:2:1)\u001b[22m\u001b[2m\u001b[22m\n\u001b[2m      \u001b[2mat \u001b[22m\u001b[2m\u001b[0m\u001b[36msrc/__tests__/routing.test.tsx\u001b[39m\u001b[0m\u001b[2m:2:1\u001b[22m\u001b[2m\u001b[22m\n\u001b[2m      \u001b[2mat Object.<anonymous> (\u001b[22m\u001b[2m\u001b[0m\u001b[36msrc/__tests__/routing.test.tsx\u001b[39m\u001b[0m\u001b[2m:2:1)\u001b[22m\u001b[2m\u001b[22m\n\n\u001b[1m\u001b[31m  \u001b[1m● \u001b[22m\u001b[1mMinimal Routing Tests › custom redirect path works in ProtectedRoute\u001b[39m\u001b[22m\n\n    \u001b[2mexpect(\u001b[22m\u001b[31mreceived\u001b[39m\u001b[2m).\u001b[22mnot\u001b[2m.\u001b[22mtoBeNull\u001b[2m()\u001b[22m\n\n    Received: \u001b[31mnull\u001b[39m\n\u001b[2m\u001b[22m\n\u001b[2m    \u001b[0m \u001b[90m 61 |\u001b[39m     \u001b[90m// Use findBy* for async rendering\u001b[39m\u001b[22m\n\u001b[2m     \u001b[90m 62 |\u001b[39m     \u001b[36mconst\u001b[39m loginButton \u001b[33m=\u001b[39m \u001b[36mawait\u001b[39m screen\u001b[33m.\u001b[39mfindByRole(\u001b[32m\"button\"\u001b[39m\u001b[33m,\u001b[39m { name\u001b[33m:\u001b[39m \u001b[35m/login/i\u001b[39m })\u001b[33m.\u001b[39m\u001b[36mcatch\u001b[39m(() \u001b[33m=>\u001b[39m \u001b[36mnull\u001b[39m) \u001b[33m||\u001b[39m \u001b[36mawait\u001b[39m screen\u001b[33m.\u001b[39mfindByLabelText(\u001b[35m/sign in/i\u001b[39m)\u001b[33m.\u001b[39m\u001b[36mcatch\u001b[39m(() \u001b[33m=>\u001b[39m \u001b[36mnull\u001b[39m)\u001b[33m;\u001b[39m\u001b[22m\n\u001b[2m    \u001b[31m\u001b[1m>\u001b[22m\u001b[2m\u001b[39m\u001b[90m 63 |\u001b[39m     expect(loginButton)\u001b[33m.\u001b[39mnot\u001b[33m.\u001b[39mtoBeNull()\u001b[33m;\u001b[39m\u001b[22m\n\u001b[2m     \u001b[90m    |\u001b[39m                             \u001b[31m\u001b[1m^\u001b[22m\u001b[2m\u001b[39m\u001b[22m\n\u001b[2m     \u001b[90m 64 |\u001b[39m   })\u001b[33m;\u001b[39m\u001b[22m\n\u001b[2m     \u001b[90m 65 |\u001b[39m }\u001b[22m\n\u001b[2m     \u001b[90m 66 |\u001b[39m )\u001b[33m;\u001b[39m\u001b[0m\u001b[22m\n\u001b[2m\u001b[22m\n\u001b[2m      \u001b[2mat call (\u001b[22m\u001b[2m\u001b[0m\u001b[36msrc/__tests__/routing.test.tsx\u001b[39m\u001b[0m\u001b[2m:63:29)\u001b[22m\u001b[2m\u001b[22m\n\u001b[2m      \u001b[2mat Generator._invoke (\u001b[22m\u001b[2m\u001b[0m\u001b[36msrc/__tests__/routing.test.tsx\u001b[39m\u001b[0m\u001b[2m:2:1)\u001b[22m\u001b[2m\u001b[22m\n\u001b[2m      \u001b[2mat Generator.next (\u001b[22m\u001b[2m\u001b[0m\u001b[36msrc/__tests__/routing.test.tsx\u001b[39m\u001b[0m\u001b[2m:2:1)\u001b[22m\u001b[2m\u001b[22m\n\u001b[2m      \u001b[2mat asyncGeneratorStep (\u001b[22m\u001b[2m\u001b[0m\u001b[36msrc/__tests__/routing.test.tsx\u001b[39m\u001b[0m\u001b[2m:2:1)\u001b[22m\u001b[2m\u001b[22m\n\u001b[2m      \u001b[2mat _next (\u001b[22m\u001b[2m\u001b[0m\u001b[36msrc/__tests__/routing.test.tsx\u001b[39m\u001b[0m\u001b[2m:2:1)\u001b[22m\u001b[2m\u001b[22m\n","name":"C:\\localDev\\UMD-Hack4Impact\\food-for-all-dc\\my-app\\src\\__tests__\\routing.test.tsx","startTime":1752885920393,"status":"failed","summary":""},{"assertionResults":[{"ancestorTitles":["Error Page Tests"],"failureMessages":[],"fullName":"Error Page Tests renders 404 page for unknown route","location":null,"status":"passed","title":"renders 404 page for unknown route"},{"ancestorTitles":["Error Page Tests"],"failureMessages":["Error: Unable to find an element with the text: /clients/i. This could be because the text is broken up by multiple elements. In this case, you can provide a function for your text matcher to make your matcher more flexible.\n\nIgnored nodes: comments, script, style\n\u001b[36m<body>\u001b[39m\n  \u001b[36m<div>\u001b[39m\n    \u001b[36m<div\u001b[39m\n      \u001b[33mclass\u001b[39m=\u001b[32m\"outerContainer\"\u001b[39m\n    \u001b[36m>\u001b[39m\n      \u001b[36m<div\u001b[39m\n        \u001b[33mclass\u001b[39m=\u001b[32m\"imageContainer\"\u001b[39m\n      \u001b[36m>\u001b[39m\n        \u001b[36m<img\u001b[39m\n          \u001b[33malt\u001b[39m=\u001b[32m\"Food for All DC\"\u001b[39m\n          \u001b[33msrc\u001b[39m=\u001b[32m\"test-file-stub\"\u001b[39m\n        \u001b[36m/>\u001b[39m\n      \u001b[36m</div>\u001b[39m\n      \u001b[36m<div\u001b[39m\n        \u001b[33mclass\u001b[39m=\u001b[32m\"container\"\u001b[39m\n      \u001b[36m>\u001b[39m\n        \u001b[36m<div>\u001b[39m\n          \u001b[36m<img\u001b[39m\n            \u001b[33malt\u001b[39m=\u001b[32m\"Food for All DC\"\u001b[39m\n            \u001b[33mclass\u001b[39m=\u001b[32m\"logoImage\"\u001b[39m\n            \u001b[33msrc\u001b[39m=\u001b[32m\"test-file-stub\"\u001b[39m\n          \u001b[36m/>\u001b[39m\n        \u001b[36m</div>\u001b[39m\n        \u001b[36m<div\u001b[39m\n          \u001b[33mclass\u001b[39m=\u001b[32m\"formContainer\"\u001b[39m\n        \u001b[36m>\u001b[39m\n          \u001b[36m<h1\u001b[39m\n            \u001b[33mclass\u001b[39m=\u001b[32m\"heading\"\u001b[39m\n          \u001b[36m>\u001b[39m\n            \u001b[0mWelcome!\u001b[0m\n          \u001b[36m</h1>\u001b[39m\n          \u001b[36m<p\u001b[39m\n            \u001b[33mclass\u001b[39m=\u001b[32m\"subheading\"\u001b[39m\n          \u001b[36m>\u001b[39m\n            \u001b[0mPlease enter your details\u001b[0m\n          \u001b[36m</p>\u001b[39m\n          \u001b[36m<p\u001b[39m\n            \u001b[33mclass\u001b[39m=\u001b[32m\"label\"\u001b[39m\n          \u001b[36m>\u001b[39m\n            \u001b[0mAdmin Login\u001b[0m\n          \u001b[36m</p>\u001b[39m\n          \u001b[36m<div\u001b[39m\n            \u001b[33mclass\u001b[39m=\u001b[32m\"MuiFormControl-root css-1pzvoeu-MuiFormControl-root\"\u001b[39m\n          \u001b[36m>\u001b[39m\n            \u001b[36m<label\u001b[39m\n              \u001b[33mclass\u001b[39m=\u001b[32m\"MuiFormLabel-root MuiInputLabel-root MuiInputLabel-formControl MuiInputLabel-animated MuiInputLabel-shrink MuiInputLabel-standard MuiFormLabel-colorPrimary Mui-focused MuiInputLabel-root MuiInputLabel-formControl MuiInputLabel-animated MuiInputLabel-shrink MuiInputLabel-standard css-1ew92b2-MuiFormLabel-root-MuiInputLabel-root\"\u001b[39m\n              \u001b[33mdata-shrink\u001b[39m=\u001b[32m\"true\"\u001b[39m\n              \u001b[33mfor\u001b[39m=\u001b[32m\"standard-adornment-email\"\u001b[39m\n            \u001b[36m>\u001b[39m\n              \u001b[0mEmail\u001b[0m\n            \u001b[36m</label>\u001b[39m\n            \u001b[36m<div\u001b[39m\n              \u001b[33maria-label\u001b[39m=\u001b[32m\"Email Address\"\u001b[39m\n              \u001b[33mclass\u001b[39m=\u001b[32m\"MuiInputBase-root MuiInput-root MuiInput-underline MuiInputBase-colorPrimary MuiInputBase-fullWidth Mui-focused MuiInputBase-formControl inputField css-6h9cc6-MuiInputBase-root-MuiInput-root\"\u001b[39m\n              \u001b[33mrequired\u001b[39m=\u001b[32m\"\"\u001b[39m\n            \u001b[36m>\u001b[39m\n              \u001b[36m<input\u001b[39m\n                \u001b[33maria-invalid\u001b[39m=\u001b[32m\"false\"\u001b[39m\n                \u001b[33mautocomplete\u001b[39m=\u001b[32m\"email\"\u001b[39m\n                \u001b[33mclass\u001b[39m=\u001b[32m\"MuiInputBase-input MuiInput-input css-1yrc8ca-MuiInputBase-input-MuiInput-input\"\u001b[39m\n                \u001b[33mid\u001b[39m=\u001b[32m\"standard-adornment-email\"\u001b[39m\n                \u001b[33mrequired\u001b[39m=\u001b[32m\"\"\u001b[39m\n                \u001b[33mtype\u001b[39m=\u001b[32m\"email\"\u001b[39m\n                \u001b[33mvalue\u001b[39m=\u001b[32m\"\"\u001b[39m\n              \u001b[36m/>\u001b[39m\n            \u001b[36m</div>\u001b[39m\n          \u001b[36m</div>\u001b[39m\n          \u001b[36m<form>\u001b[39m\n            \u001b[36m<div\u001b[39m\n              \u001b[33mclass\u001b[39m=\u001b[32m\"MuiFormControl-root css-1pzvoeu-MuiFormControl-root\"\u001b[39m\n            \u001b[36m>\u001b[39m\n              \u001b[36m<label\u001b[39m\n                \u001b[33mclass\u001b[39m=\u001b[32m\"MuiFormLabel-root MuiInputLabel-root MuiInputLabel-formControl MuiInputLabel-animated MuiInputLabel-standard MuiFormLabel-colorPrimary MuiInputLabel-root MuiInputLabel-formControl MuiInputLabel-animated MuiInputLabel-standard css-2hy7sk-MuiFormLabel-root-MuiInputLabel-root\"\u001b[39m\n                \u001b[33mdata-shrink\u001b[39m=\u001b[32m\"false\"\u001b[39m\n                \u001b[33mfor\u001b[39m=\u001b[32m\"standard-adornment-password\"\u001b[39m\n              \u001b[36m>\u001b[39m\n                \u001b[0mPassword\u001b[0m\n              \u001b[36m</label>\u001b[39m\n              \u001b[36m<div\u001b[39m\n                \u001b[33maria-label\u001b[39m=\u001b[32m\"Password\"\u001b[39m\n                \u001b[33mclass\u001b[39m=\u001b[32m\"MuiInputBase-root MuiInput-root MuiInput-underline MuiInputBase-colorPrimary MuiInputBase-fullWidth MuiInputBase-formControl inputField css-6h9cc6-MuiInputBase-root-MuiInput-root\"\u001b[39m\n                \u001b[33mrequired\u001b[39m=\u001b[32m\"\"\u001b[39m\n              \u001b[36m>\u001b[39m\n                \u001b[36m<input\u001b[39m\n                  \u001b[33maria-invalid\u001b[39m=\u001b[32m\"false\"\u001b[39m\n                  \u001b[33mautocomplete\u001b[39m=\u001b[32m\"current-password\"\u001b[39m\n                  \u001b[33mclass\u001b[39m=\u001b[32m\"MuiInputBase-input MuiInput-input css-1yrc8ca-MuiInputBase-input-MuiInput-input\"\u001b[39m\n                  \u001b[33mid\u001b[39m=\u001b[32m\"standard-adornment-password\"\u001b[39m\n                  \u001b[33mrequired\u001b[39m=\u001b[32m\"\"\u001b[39m\n                  \u001b[33mtype\u001b[39m=\u001b[32m\"password\"\u001b[39m\n                  \u001b[33mvalue\u001b[39m=\u001b[32m\"\"\u001b[39m\n                \u001b[36m/>\u001b[39m\n              \u001b[36m</div>\u001b[39m\n            \u001b[36m</div>\u001b[39m\n            \u001b[36m<div\u001b[39m\n              \u001b[33mclass\u001b[39m=\u001b[32m\"forgotPasswordWrapper\"\u001b[39m\n            \u001b[36m>\u001b[39m\n              \u001b[36m<p\u001b[39m\n                \u001b[33mclass\u001b[39m=\u001b[32m\"forgotPasswordButton\"\u001b[39m\n              \u001b[36m>\u001b[39m\n                \u001b[0mForgot password?\u001b[0m\n              \u001b[36m</p>\u001b[39m\n            \u001b[36m</div>\u001b[39m\n            \u001b[36m<button\u001b[39m\n              \u001b[33maria-label\u001b[39m=\u001b[32m\"Sign in\"\u001b[39m\n              \u001b[33mclass\u001b[39m=\u001b[32m\"MuiButtonBase-root MuiButton-root MuiButton-contained MuiButton-containedPrimary MuiButton-sizeMedium MuiButton-containedSizeMedium MuiButton-colorPrimary MuiButton-fullWidth MuiButton-root MuiButton-contained MuiButton-containedPrimary MuiButton-sizeMedium MuiButton-containedSizeMedium MuiButton-colorPrimary MuiButton-fullWidth css-1k9hkw1-MuiButtonBase-root-MuiButton-root\"\u001b[39m\n              \u001b[33mtabindex\u001b[39m=\u001b[32m\"0\"\u001b[39m\n              \u001b[33mtype\u001b[39m=\u001b[32m\"submit\"\u001b[39m\n            \u001b[36m>\u001b[39m\n              \u001b[0mLogin\u001b[0m\n            \u001b[36m</button>\u001b[39m\n          \u001b[36m</form>\u001b[39m\n        \u001b[36m</div>\u001b[39m\n      \u001b[36m</div>\u001b[39m\n    \u001b[36m</div>\u001b[39m\n  \u001b[36m</div>\u001b[39m\n\u001b[36m</body>\u001b[39m\n    at waitForWrapper (C:\\localDev\\UMD-Hack4Impact\\food-for-all-dc\\my-app\\node_modules\\@testing-library\\react\\node_modules\\@testing-library\\dom\\dist\\wait-for.js:166:27)\n    at findByText (C:\\localDev\\UMD-Hack4Impact\\food-for-all-dc\\my-app\\node_modules\\@testing-library\\react\\node_modules\\@testing-library\\dom\\dist\\query-helpers.js:86:33)\n    at call (C:\\localDev\\UMD-Hack4Impact\\food-for-all-dc\\my-app\\src\\__tests__\\error-page.test.tsx:44:25)\n    at Generator._invoke (C:\\localDev\\UMD-Hack4Impact\\food-for-all-dc\\my-app\\src\\__tests__\\error-page.test.tsx:2:1)\n    at Generator.next (C:\\localDev\\UMD-Hack4Impact\\food-for-all-dc\\my-app\\src\\__tests__\\error-page.test.tsx:2:1)\n    at asyncGeneratorStep (C:\\localDev\\UMD-Hack4Impact\\food-for-all-dc\\my-app\\src\\__tests__\\error-page.test.tsx:2:1)\n    at _next (C:\\localDev\\UMD-Hack4Impact\\food-for-all-dc\\my-app\\src\\__tests__\\error-page.test.tsx:2:1)"],"fullName":"Error Page Tests renders main app content for unknown route after loading","location":null,"status":"failed","title":"renders main app content for unknown route after loading"}],"endTime":1752885957796,"message":"\u001b[1m\u001b[31m  \u001b[1m● \u001b[22m\u001b[1mError Page Tests › renders main app content for unknown route after loading\u001b[39m\u001b[22m\n\n    Unable to find an element with the text: /clients/i. This could be because the text is broken up by multiple elements. In this case, you can provide a function for your text matcher to make your matcher more flexible.\n\n    Ignored nodes: comments, script, style\n    \u001b[36m<body>\u001b[39m\n      \u001b[36m<div>\u001b[39m\n        \u001b[36m<div\u001b[39m\n          \u001b[33mclass\u001b[39m=\u001b[32m\"outerContainer\"\u001b[39m\n        \u001b[36m>\u001b[39m\n          \u001b[36m<div\u001b[39m\n            \u001b[33mclass\u001b[39m=\u001b[32m\"imageContainer\"\u001b[39m\n          \u001b[36m>\u001b[39m\n            \u001b[36m<img\u001b[39m\n              \u001b[33malt\u001b[39m=\u001b[32m\"Food for All DC\"\u001b[39m\n              \u001b[33msrc\u001b[39m=\u001b[32m\"test-file-stub\"\u001b[39m\n            \u001b[36m/>\u001b[39m\n          \u001b[36m</div>\u001b[39m\n          \u001b[36m<div\u001b[39m\n            \u001b[33mclass\u001b[39m=\u001b[32m\"container\"\u001b[39m\n          \u001b[36m>\u001b[39m\n            \u001b[36m<div>\u001b[39m\n              \u001b[36m<img\u001b[39m\n                \u001b[33malt\u001b[39m=\u001b[32m\"Food for All DC\"\u001b[39m\n                \u001b[33mclass\u001b[39m=\u001b[32m\"logoImage\"\u001b[39m\n                \u001b[33msrc\u001b[39m=\u001b[32m\"test-file-stub\"\u001b[39m\n              \u001b[36m/>\u001b[39m\n            \u001b[36m</div>\u001b[39m\n            \u001b[36m<div\u001b[39m\n              \u001b[33mclass\u001b[39m=\u001b[32m\"formContainer\"\u001b[39m\n            \u001b[36m>\u001b[39m\n              \u001b[36m<h1\u001b[39m\n                \u001b[33mclass\u001b[39m=\u001b[32m\"heading\"\u001b[39m\n              \u001b[36m>\u001b[39m\n                \u001b[0mWelcome!\u001b[0m\n              \u001b[36m</h1>\u001b[39m\n              \u001b[36m<p\u001b[39m\n                \u001b[33mclass\u001b[39m=\u001b[32m\"subheading\"\u001b[39m\n              \u001b[36m>\u001b[39m\n                \u001b[0mPlease enter your details\u001b[0m\n              \u001b[36m</p>\u001b[39m\n              \u001b[36m<p\u001b[39m\n                \u001b[33mclass\u001b[39m=\u001b[32m\"label\"\u001b[39m\n              \u001b[36m>\u001b[39m\n                \u001b[0mAdmin Login\u001b[0m\n              \u001b[36m</p>\u001b[39m\n              \u001b[36m<div\u001b[39m\n                \u001b[33mclass\u001b[39m=\u001b[32m\"MuiFormControl-root css-1pzvoeu-MuiFormControl-root\"\u001b[39m\n              \u001b[36m>\u001b[39m\n                \u001b[36m<label\u001b[39m\n                  \u001b[33mclass\u001b[39m=\u001b[32m\"MuiFormLabel-root MuiInputLabel-root MuiInputLabel-formControl MuiInputLabel-animated MuiInputLabel-shrink MuiInputLabel-standard MuiFormLabel-colorPrimary Mui-focused MuiInputLabel-root MuiInputLabel-formControl MuiInputLabel-animated MuiInputLabel-shrink MuiInputLabel-standard css-1ew92b2-MuiFormLabel-root-MuiInputLabel-root\"\u001b[39m\n                  \u001b[33mdata-shrink\u001b[39m=\u001b[32m\"true\"\u001b[39m\n                  \u001b[33mfor\u001b[39m=\u001b[32m\"standard-adornment-email\"\u001b[39m\n                \u001b[36m>\u001b[39m\n                  \u001b[0mEmail\u001b[0m\n                \u001b[36m</label>\u001b[39m\n                \u001b[36m<div\u001b[39m\n                  \u001b[33maria-label\u001b[39m=\u001b[32m\"Email Address\"\u001b[39m\n                  \u001b[33mclass\u001b[39m=\u001b[32m\"MuiInputBase-root MuiInput-root MuiInput-underline MuiInputBase-colorPrimary MuiInputBase-fullWidth Mui-focused MuiInputBase-formControl inputField css-6h9cc6-MuiInputBase-root-MuiInput-root\"\u001b[39m\n                  \u001b[33mrequired\u001b[39m=\u001b[32m\"\"\u001b[39m\n                \u001b[36m>\u001b[39m\n                  \u001b[36m<input\u001b[39m\n                    \u001b[33maria-invalid\u001b[39m=\u001b[32m\"false\"\u001b[39m\n                    \u001b[33mautocomplete\u001b[39m=\u001b[32m\"email\"\u001b[39m\n                    \u001b[33mclass\u001b[39m=\u001b[32m\"MuiInputBase-input MuiInput-input css-1yrc8ca-MuiInputBase-input-MuiInput-input\"\u001b[39m\n                    \u001b[33mid\u001b[39m=\u001b[32m\"standard-adornment-email\"\u001b[39m\n                    \u001b[33mrequired\u001b[39m=\u001b[32m\"\"\u001b[39m\n                    \u001b[33mtype\u001b[39m=\u001b[32m\"email\"\u001b[39m\n                    \u001b[33mvalue\u001b[39m=\u001b[32m\"\"\u001b[39m\n                  \u001b[36m/>\u001b[39m\n                \u001b[36m</div>\u001b[39m\n              \u001b[36m</div>\u001b[39m\n              \u001b[36m<form>\u001b[39m\n                \u001b[36m<div\u001b[39m\n                  \u001b[33mclass\u001b[39m=\u001b[32m\"MuiFormControl-root css-1pzvoeu-MuiFormControl-root\"\u001b[39m\n                \u001b[36m>\u001b[39m\n                  \u001b[36m<label\u001b[39m\n                    \u001b[33mclass\u001b[39m=\u001b[32m\"MuiFormLabel-root MuiInputLabel-root MuiInputLabel-formControl MuiInputLabel-animated MuiInputLabel-standard MuiFormLabel-colorPrimary MuiInputLabel-root MuiInputLabel-formControl MuiInputLabel-animated MuiInputLabel-standard css-2hy7sk-MuiFormLabel-root-MuiInputLabel-root\"\u001b[39m\n                    \u001b[33mdata-shrink\u001b[39m=\u001b[32m\"false\"\u001b[39m\n                    \u001b[33mfor\u001b[39m=\u001b[32m\"standard-adornment-password\"\u001b[39m\n                  \u001b[36m>\u001b[39m\n                    \u001b[0mPassword\u001b[0m\n                  \u001b[36m</label>\u001b[39m\n                  \u001b[36m<div\u001b[39m\n                    \u001b[33maria-label\u001b[39m=\u001b[32m\"Password\"\u001b[39m\n                    \u001b[33mclass\u001b[39m=\u001b[32m\"MuiInputBase-root MuiInput-root MuiInput-underline MuiInputBase-colorPrimary MuiInputBase-fullWidth MuiInputBase-formControl inputField css-6h9cc6-MuiInputBase-root-MuiInput-root\"\u001b[39m\n                    \u001b[33mrequired\u001b[39m=\u001b[32m\"\"\u001b[39m\n                  \u001b[36m>\u001b[39m\n                    \u001b[36m<input\u001b[39m\n                      \u001b[33maria-invalid\u001b[39m=\u001b[32m\"false\"\u001b[39m\n                      \u001b[33mautocomplete\u001b[39m=\u001b[32m\"current-password\"\u001b[39m\n                      \u001b[33mclass\u001b[39m=\u001b[32m\"MuiInputBase-input MuiInput-input css-1yrc8ca-MuiInputBase-input-MuiInput-input\"\u001b[39m\n                      \u001b[33mid\u001b[39m=\u001b[32m\"standard-adornment-password\"\u001b[39m\n                      \u001b[33mrequired\u001b[39m=\u001b[32m\"\"\u001b[39m\n                      \u001b[33mtype\u001b[39m=\u001b[32m\"password\"\u001b[39m\n                      \u001b[33mvalue\u001b[39m=\u001b[32m\"\"\u001b[39m\n                    \u001b[36m/>\u001b[39m\n                  \u001b[36m</div>\u001b[39m\n                \u001b[36m</div>\u001b[39m\n                \u001b[36m<div\u001b[39m\n                  \u001b[33mclass\u001b[39m=\u001b[32m\"forgotPasswordWrapper\"\u001b[39m\n                \u001b[36m>\u001b[39m\n                  \u001b[36m<p\u001b[39m\n                    \u001b[33mclass\u001b[39m=\u001b[32m\"forgotPasswordButton\"\u001b[39m\n                  \u001b[36m>\u001b[39m\n                    \u001b[0mForgot password?\u001b[0m\n                  \u001b[36m</p>\u001b[39m\n                \u001b[36m</div>\u001b[39m\n                \u001b[36m<button\u001b[39m\n                  \u001b[33maria-label\u001b[39m=\u001b[32m\"Sign in\"\u001b[39m\n                  \u001b[33mclass\u001b[39m=\u001b[32m\"MuiButtonBase-root MuiButton-root MuiButton-contained MuiButton-containedPrimary MuiButton-sizeMedium MuiButton-containedSizeMedium MuiButton-colorPrimary MuiButton-fullWidth MuiButton-root MuiButton-contained MuiButton-containedPrimary MuiButton-sizeMedium MuiButton-containedSizeMedium MuiButton-colorPrimary MuiButton-fullWidth css-1k9hkw1-MuiButtonBase-root-MuiButton-root\"\u001b[39m\n                  \u001b[33mtabindex\u001b[39m=\u001b[32m\"0\"\u001b[39m\n                  \u001b[33mtype\u001b[39m=\u001b[32m\"submit\"\u001b[39m\n                \u001b[36m>\u001b[39m\n                  \u001b[0mLogin\u001b[0m\n                \u001b[36m</button>\u001b[39m\n              \u001b[36m</form>\u001b[39m\n            \u001b[36m</div>\u001b[39m\n          \u001b[36m</div>\u001b[39m\n        \u001b[36m</div>\u001b[39m\n      \u001b[36m</div>\u001b[39m\n    \u001b[36m</body>\u001b[39m\n\u001b[2m\u001b[22m\n\u001b[2m    \u001b[0m \u001b[90m 42 |\u001b[39m     \u001b[36mawait\u001b[39m waitFor(() \u001b[33m=>\u001b[39m expect(screen\u001b[33m.\u001b[39mqueryByText(\u001b[35m/initializing app/i\u001b[39m))\u001b[33m.\u001b[39mnot\u001b[33m.\u001b[39mtoBeInTheDocument())\u001b[33m;\u001b[39m\u001b[22m\n\u001b[2m     \u001b[90m 43 |\u001b[39m     \u001b[90m// Use findBy* for robust async rendering\u001b[39m\u001b[22m\n\u001b[2m    \u001b[31m\u001b[1m>\u001b[22m\u001b[2m\u001b[39m\u001b[90m 44 |\u001b[39m     expect(\u001b[36mawait\u001b[39m screen\u001b[33m.\u001b[39mfindByText(\u001b[35m/clients/i\u001b[39m))\u001b[33m.\u001b[39mtoBeInTheDocument()\u001b[33m;\u001b[39m\u001b[22m\n\u001b[2m     \u001b[90m    |\u001b[39m                         \u001b[31m\u001b[1m^\u001b[22m\u001b[2m\u001b[39m\u001b[22m\n\u001b[2m     \u001b[90m 45 |\u001b[39m     expect(\u001b[36mawait\u001b[39m screen\u001b[33m.\u001b[39mfindByAltText(\u001b[35m/logo/i\u001b[39m))\u001b[33m.\u001b[39mtoBeInTheDocument()\u001b[33m;\u001b[39m\u001b[22m\n\u001b[2m     \u001b[90m 46 |\u001b[39m   })\u001b[33m;\u001b[39m\u001b[22m\n\u001b[2m     \u001b[90m 47 |\u001b[39m })\u001b[33m;\u001b[39m\u001b[0m\u001b[22m\n\u001b[2m\u001b[22m\n\u001b[2m      \u001b[2mat waitForWrapper (\u001b[22m\u001b[2mnode_modules/@testing-library/react/node_modules/@testing-library/dom/dist/wait-for.js\u001b[2m:166:27)\u001b[22m\u001b[2m\u001b[22m\n\u001b[2m      \u001b[2mat findByText (\u001b[22m\u001b[2mnode_modules/@testing-library/react/node_modules/@testing-library/dom/dist/query-helpers.js\u001b[2m:86:33)\u001b[22m\u001b[2m\u001b[22m\n\u001b[2m      \u001b[2mat call (\u001b[22m\u001b[2m\u001b[0m\u001b[36msrc/__tests__/error-page.test.tsx\u001b[39m\u001b[0m\u001b[2m:44:25)\u001b[22m\u001b[2m\u001b[22m\n\u001b[2m      \u001b[2mat Generator._invoke (\u001b[22m\u001b[2m\u001b[0m\u001b[36msrc/__tests__/error-page.test.tsx\u001b[39m\u001b[0m\u001b[2m:2:1)\u001b[22m\u001b[2m\u001b[22m\n\u001b[2m      \u001b[2mat Generator.next (\u001b[22m\u001b[2m\u001b[0m\u001b[36msrc/__tests__/error-page.test.tsx\u001b[39m\u001b[0m\u001b[2m:2:1)\u001b[22m\u001b[2m\u001b[22m\n\u001b[2m      \u001b[2mat asyncGeneratorStep (\u001b[22m\u001b[2m\u001b[0m\u001b[36msrc/__tests__/error-page.test.tsx\u001b[39m\u001b[0m\u001b[2m:2:1)\u001b[22m\u001b[2m\u001b[22m\n\u001b[2m      \u001b[2mat _next (\u001b[22m\u001b[2m\u001b[0m\u001b[36msrc/__tests__/error-page.test.tsx\u001b[39m\u001b[0m\u001b[2m:2:1)\u001b[22m\u001b[2m\u001b[22m\n","name":"C:\\localDev\\UMD-Hack4Impact\\food-for-all-dc\\my-app\\src\\__tests__\\error-page.test.tsx","startTime":1752885952528,"status":"failed","summary":""},{"assertionResults":[{"ancestorTitles":["UsersSpreadsheet minimal integration"],"failureMessages":["Error: Unable to find an element with the text: /Test User/. This could be because the text is broken up by multiple elements. In this case, you can provide a function for your text matcher to make your matcher more flexible.\n\nIgnored nodes: comments, script, style\n\u001b[36m<body>\u001b[39m\n  \u001b[36m<div>\u001b[39m\n    \u001b[36m<div\u001b[39m\n      \u001b[33mclass\u001b[39m=\u001b[32m\"box MuiBox-root css-1yd8a4w\"\u001b[39m\n    \u001b[36m>\u001b[39m\n      \u001b[36m<div\u001b[39m\n        \u001b[33mclass\u001b[39m=\u001b[32m\"MuiBox-root css-6heeki\"\u001b[39m\n      \u001b[36m>\u001b[39m\n        \u001b[36m<div\u001b[39m\n          \u001b[33mclass\u001b[39m=\u001b[32m\"MuiStack-root css-v2woy3-MuiStack-root\"\u001b[39m\n        \u001b[36m>\u001b[39m\n          \u001b[36m<div\u001b[39m\n            \u001b[33mclass\u001b[39m=\u001b[32m\"MuiBox-root css-1jke4yk\"\u001b[39m\n          \u001b[36m>\u001b[39m\n            \u001b[36m<input\u001b[39m\n              \u001b[33mplaceholder\u001b[39m=\u001b[32m\"Search\"\u001b[39m\n              \u001b[33mstyle\u001b[39m=\u001b[32m\"width: 100%; height: 50px; background-color: rgb(238, 238, 238); border-radius: 25px; padding: 0px 20px; font-size: 16px; color: rgb(51, 51, 51); box-sizing: border-box; transition: all 0.2s ease; box-shadow: inset 0 2px 3px rgba(0,0,0,0.05);\"\u001b[39m\n              \u001b[33mtype\u001b[39m=\u001b[32m\"text\"\u001b[39m\n              \u001b[33mvalue\u001b[39m=\u001b[32m\"\"\u001b[39m\n            \u001b[36m/>\u001b[39m\n          \u001b[36m</div>\u001b[39m\n          \u001b[36m<div\u001b[39m\n            \u001b[33mclass\u001b[39m=\u001b[32m\"MuiStack-root css-ocfowk-MuiStack-root\"\u001b[39m\n          \u001b[36m>\u001b[39m\n            \u001b[36m<button\u001b[39m\n              \u001b[33mclass\u001b[39m=\u001b[32m\"MuiButtonBase-root MuiButton-root MuiButton-contained MuiButton-containedSecondary MuiButton-sizeMedium MuiButton-containedSizeMedium MuiButton-colorSecondary MuiButton-root MuiButton-contained MuiButton-containedSecondary MuiButton-sizeMedium MuiButton-containedSizeMedium MuiButton-colorSecondary view-all css-1dyll4x-MuiButtonBase-root-MuiButton-root\"\u001b[39m\n              \u001b[33mtabindex\u001b[39m=\u001b[32m\"0\"\u001b[39m\n              \u001b[33mtype\u001b[39m=\u001b[32m\"button\"\u001b[39m\n            \u001b[36m>\u001b[39m\n              \u001b[0mView All\u001b[0m\n            \u001b[36m</button>\u001b[39m\n            \u001b[36m<div\u001b[39m\n              \u001b[33mclass\u001b[39m=\u001b[32m\"MuiBox-root css-18xsi8o\"\u001b[39m\n            \u001b[36m>\u001b[39m\n              \u001b[36m<button\u001b[39m\n                \u001b[33mclass\u001b[39m=\u001b[32m\"MuiButtonBase-root MuiButton-root MuiButton-contained MuiButton-containedPrimary MuiButton-sizeMedium MuiButton-containedSizeMedium MuiButton-colorPrimary MuiButton-root MuiButton-contained MuiButton-containedPrimary MuiButton-sizeMedium MuiButton-containedSizeMedium MuiButton-colorPrimary create-user css-1wsvcb1-MuiButtonBase-root-MuiButton-root\"\u001b[39m\n                \u001b[33mtabindex\u001b[39m=\u001b[32m\"0\"\u001b[39m\n                \u001b[33mtype\u001b[39m=\u001b[32m\"button\"\u001b[39m\n              \u001b[36m>\u001b[39m\n                \u001b[0m+ Create User\u001b[0m\n              \u001b[36m</button>\u001b[39m\n            \u001b[36m</div>\u001b[39m\n          \u001b[36m</div>\u001b[39m\n        \u001b[36m</div>\u001b[39m\n      \u001b[36m</div>\u001b[39m\n      \u001b[36m<div\u001b[39m\n        \u001b[33mclass\u001b[39m=\u001b[32m\"MuiBox-root css-3a109q\"\u001b[39m\n      \u001b[36m>\u001b[39m\n        \u001b[36m<div\u001b[39m\n          \u001b[33mclass\u001b[39m=\u001b[32m\"MuiPaper-root MuiPaper-elevation MuiPaper-rounded MuiPaper-elevation1 MuiTableContainer-root css-89972n-MuiPaper-root-MuiTableContainer-root\"\u001b[39m\n          \u001b[33mstyle\u001b[39m=\u001b[32m\"--Paper-shadow: 0px 2px 1px -1px rgba(0,0,0,0.2),0px 1px 1px 0px rgba(0,0,0,0.14),0px 1px 3px 0px rgba(0,0,0,0.12);\"\u001b[39m\n        \u001b[36m>\u001b[39m\n          \u001b[36m<table\u001b[39m\n            \u001b[33mclass\u001b[39m=\u001b[32m\"MuiTable-root MuiTable-stickyHeader css-pvu7mv-MuiTable-root\"\u001b[39m\n          \u001b[36m>\u001b[39m\n            \u001b[36m<thead\u001b[39m\n              \u001b[33mclass\u001b[39m=\u001b[32m\"MuiTableHead-root css-1a7iywq-MuiTableHead-root\"\u001b[39m\n            \u001b[36m>\u001b[39m\n              \u001b[36m<tr\u001b[39m\n                \u001b[33mclass\u001b[39m=\u001b[32m\"MuiTableRow-root MuiTableRow-head css-1xtozoh-MuiTableRow-root\"\u001b[39m\n              \u001b[36m>\u001b[39m\n                \u001b[36m<th\u001b[39m\n                  \u001b[33mclass\u001b[39m=\u001b[32m\"MuiTableCell-root MuiTableCell-head MuiTableCell-stickyHeader MuiTableCell-sizeMedium table-header css-1cet2i3-MuiTableCell-root\"\u001b[39m\n                  \u001b[33mscope\u001b[39m=\u001b[32m\"col\"\u001b[39m\n                \u001b[36m>\u001b[39m\n                  \u001b[36m<div\u001b[39m\n                    \u001b[33mclass\u001b[39m=\u001b[32m\"MuiStack-root css-121jajl-MuiStack-root\"\u001b[39m\n                  \u001b[36m>\u001b[39m\n                    \u001b[36m<h6\u001b[39m\n                      \u001b[33mclass\u001b[39m=\u001b[32m\"MuiTypography-root MuiTypography-subtitle2 css-1l28c6r-MuiTypography-root\"\u001b[39m\n                    \u001b[36m>\u001b[39m\n                      \u001b[0mName\u001b[0m\n                    \u001b[36m</h6>\u001b[39m\n                    \u001b[36m<svg\u001b[39m\n                      \u001b[33maria-hidden\u001b[39m=\u001b[32m\"true\"\u001b[39m\n                      \u001b[33mclass\u001b[39m=\u001b[32m\"MuiSvgIcon-root MuiSvgIcon-fontSizeMedium css-1umw9bq-MuiSvgIcon-root\"\u001b[39m\n                      \u001b[33mdata-testid\u001b[39m=\u001b[32m\"ArrowDropUpIcon\"\u001b[39m\n                      \u001b[33mfocusable\u001b[39m=\u001b[32m\"false\"\u001b[39m\n                      \u001b[33mviewBox\u001b[39m=\u001b[32m\"0 0 24 24\"\u001b[39m\n                    \u001b[36m>\u001b[39m\n                      \u001b[36m<path\u001b[39m\n                        \u001b[33md\u001b[39m=\u001b[32m\"m7 14 5-5 5 5z\"\u001b[39m\n                      \u001b[36m/>\u001b[39m\n                    \u001b[36m</svg>\u001b[39m\n                  \u001b[36m</div>\u001b[39m\n                \u001b[36m</th>\u001b[39m\n                \u001b[36m<th\u001b[39m\n                  \u001b[33mclass\u001b[39m=\u001b[32m\"MuiTableCell-root MuiTableCell-head MuiTableCell-stickyHeader MuiTableCell-sizeMedium table-header css-1cet2i3-MuiTableCell-root\"\u001b[39m\n                  \u001b[33mscope\u001b[39m=\u001b[32m\"col\"\u001b[39m\n                \u001b[36m>\u001b[39m\n                  \u001b[36m<div\u001b[39m\n                    \u001b[33mclass\u001b[39m=\u001b[32m\"MuiStack-root css-121jajl-MuiStack-root\"\u001b[39m\n                  \u001b[36m>\u001b[39m\n                    \u001b[36m<h6\u001b[39m\n                      \u001b[33mclass\u001b[39m=\u001b[32m\"MuiTypography-root MuiTypography-subtitle2 css-1l28c6r-MuiTypography-root\"\u001b[39m\n                    \u001b[36m>\u001b[39m\n                      \u001b[0mRole\u001b[0m\n                    \u001b[36m</h6>\u001b[39m\n                    \u001b[36m<svg\u001b[39m\n                      \u001b[33maria-hidden\u001b[39m=\u001b[32m\"true\"\u001b[39m\n                      \u001b[33mclass\u001b[39m=\u001b[32m\"MuiSvgIcon-root MuiSvgIcon-fontSizeMedium css-4a6zbl-MuiSvgIcon-root\"\u001b[39m\n                      \u001b[33mdata-testid\u001b[39m=\u001b[32m\"UnfoldMoreIcon\"\u001b[39m\n                      \u001b[33mfocusable\u001b[39m=\u001b[32m\"false\"\u001b[39m\n                      \u001b[33mviewBox\u001b[39m=\u001b[32m\"0 0 24 24\"\u001b[39m\n                    \u001b[36m>\u001b[39m\n                      \u001b[36m<path\u001b[39m\n                        \u001b[33md\u001b[39m=\u001b[32m\"M12 5.83 15.17 9l1.41-1.41L12 3 7.41 7.59 8.83 9zm0 12.34L8.83 15l-1.41 1.41L12 21l4.59-4.59L15.17 15z\"\u001b[39m\n                      \u001b[36m/>\u001b[39m\n                    \u001b[36m</svg>\u001b[39m\n                  \u001b[36m</div>\u001b[39m\n                \u001b[36m</th>\u001b[39m\n                \u001b[36m<th\u001b[39m\n                  \u001b[33mclass\u001b[39m=\u001b[32m\"MuiTableCell-root MuiTableCell-head MuiTableCell-stickyHeader MuiTableCell-sizeMedium table-header css-1cet2i3-MuiTableCell-root\"\u001b[39m\n                  \u001b[33mscope\u001b[39m=\u001b[32m\"col\"\u001b[39m\n                \u001b[36m>\u001b[39m\n                  \u001b[36m<div\u001b[39m\n                    \u001b[33mclass\u001b[39m=\u001b[32m\"MuiStack-root css-121jajl-MuiStack-root\"\u001b[39m\n                  \u001b[36m>\u001b[39m\n                    \u001b[36m<h6\u001b[39m\n                      \u001b[33mclass\u001b[39m=\u001b[32m\"MuiTypography-root MuiTypography-subtitle2 css-1l28c6r-MuiTypography-root\"\u001b[39m\n                    \u001b[36m>\u001b[39m\n                      \u001b[0mPhone\u001b[0m\n                    \u001b[36m</h6>\u001b[39m\n                    \u001b[36m<svg\u001b[39m\n                      \u001b[33maria-hidden\u001b[39m=\u001b[32m\"true\"\u001b[39m\n                      \u001b[33mclass\u001b[39m=\u001b[32m\"MuiSvgIcon-root MuiSvgIcon-fontSizeMedium css-4a6zbl-MuiSvgIcon-root\"\u001b[39m\n                      \u001b[33mdata-testid\u001b[39m=\u001b[32m\"UnfoldMoreIcon\"\u001b[39m\n                      \u001b[33mfocusable\u001b[39m=\u001b[32m\"false\"\u001b[39m\n                      \u001b[33mviewBox\u001b[39m=\u001b[32m\"0 0 24 24\"\u001b[39m\n                    \u001b[36m>\u001b[39m\n                      \u001b[36m<path\u001b[39m\n                        \u001b[33md\u001b[39m=\u001b[32m\"M12 5.83 15.17 9l1.41-1.41L12 3 7.41 7.59 8.83 9zm0 12.34L8.83 15l-1.41 1.41L12 21l4.59-4.59L15.17 15z\"\u001b[39m\n                      \u001b[36m/>\u001b[39m\n                    \u001b[36m</svg>\u001b[39m\n                  \u001b[36m</div>\u001b[39m\n                \u001b[36m</th>\u001b[39m\n                \u001b[36m<th\u001b[39m\n                  \u001b[33mclass\u001b[39m=\u001b[32m\"MuiTableCell-root MuiTableCell-head MuiTableCell-stickyHeader MuiTableCell-sizeMedium table-header css-1cet2i3-MuiTableCell-root\"\u001b[39m\n                  \u001b[33mscope\u001b[39m=\u001b[32m\"col\"\u001b[39m\n                \u001b[36m>\u001b[39m\n                  \u001b[36m<div\u001b[39m\n                    \u001b[33mclass\u001b[39m=\u001b[32m\"MuiStack-root css-121jajl-MuiStack-root\"\u001b[39m\n                  \u001b[36m>\u001b[39m\n                    \u001b[36m<h6\u001b[39m\n                      \u001b[33mclass\u001b[39m=\u001b[32m\"MuiTypography-root MuiTypography-subtitle2 css-1l28c6r-MuiTypography-root\"\u001b[39m\n                    \u001b[36m>\u001b[39m\n                      \u001b[0mEmail\u001b[0m\n                    \u001b[36m</h6>\u001b[39m\n                    \u001b[36m<svg\u001b[39m\n                      \u001b[33maria-hidden\u001b[39m=\u001b[32m\"true\"\u001b[39m\n                      \u001b[33mclass\u001b[39m=\u001b[32m\"MuiSvgIcon-root MuiSvgIcon-fontSizeMedium css-4a6zbl-MuiSvgIcon-root\"\u001b[39m\n                      \u001b[33mdata-testid\u001b[39m=\u001b[32m\"UnfoldMoreIcon\"\u001b[39m\n                      \u001b[33mfocusable\u001b[39m=\u001b[32m\"false\"\u001b[39m\n                      \u001b[33mviewBox\u001b[39m=\u001b[32m\"0 0 24 24\"\u001b[39m\n                    \u001b[36m>\u001b[39m\n                      \u001b[36m<path\u001b[39m\n                        \u001b[33md\u001b[39m=\u001b[32m\"M12 5.83 15.17 9l1.41-1.41L12 3 7.41 7.59 8.83 9zm0 12.34L8.83 15l-1.41 1.41L12 21l4.59-4.59L15.17 15z\"\u001b[39m\n                      \u001b[36m/>\u001b[39m\n                    \u001b[36m</svg>\u001b[39m\n                  \u001b[36m</div>\u001b[39m\n                \u001b[36m</th>\u001b[39m\n                \u001b[36m<th\u001b[39m\n                  \u001b[33mclass\u001b[39m=\u001b[32m\"MuiTableCell-root MuiTableCell-head MuiTableCell-stickyHeader MuiTableCell-alignRight MuiTableCell-sizeMedium table-header css-1158xmd-MuiTableCell-root\"\u001b[39m\n                  \u001b[33mscope\u001b[39m=\u001b[32m\"col\"\u001b[39m\n                \u001b[36m/>\u001b[39m\n              \u001b[36m</tr>\u001b[39m\n            \u001b[36m</thead>\u001b[39m\n            \u001b[36m<tbody\u001b[39m\n              \u001b[33mclass\u001b[39m=\u001b[32m\"MuiTableBody-root css-gmh7jj-MuiTableBody-root\"\u001b[39m\n            \u001b[36m/>\u001b[39m\n          \u001b[36m</table>\u001b[39m\n        \u001b[36m</div>\u001b[39m\n      \u001b[36m</div>\u001b[39m\n    \u001b[36m</div>\u001b[39m\n  \u001b[36m</div>\u001b[39m\n\u001b[36m</body>\u001b[39m\n    at waitForWrapper (C:\\localDev\\UMD-Hack4Impact\\food-for-all-dc\\my-app\\node_modules\\@testing-library\\react\\node_modules\\@testing-library\\dom\\dist\\wait-for.js:166:27)\n    at call (C:\\localDev\\UMD-Hack4Impact\\food-for-all-dc\\my-app\\src\\components\\UsersSpreadsheet\\__tests__\\UsersSpreadsheet.minimal.test.tsx:25:18)\n    at Generator._invoke (C:\\localDev\\UMD-Hack4Impact\\food-for-all-dc\\my-app\\src\\components\\UsersSpreadsheet\\__tests__\\UsersSpreadsheet.minimal.test.tsx:2:1)\n    at Generator.next (C:\\localDev\\UMD-Hack4Impact\\food-for-all-dc\\my-app\\src\\components\\UsersSpreadsheet\\__tests__\\UsersSpreadsheet.minimal.test.tsx:2:1)\n    at asyncGeneratorStep (C:\\localDev\\UMD-Hack4Impact\\food-for-all-dc\\my-app\\src\\components\\UsersSpreadsheet\\__tests__\\UsersSpreadsheet.minimal.test.tsx:2:1)\n    at _next (C:\\localDev\\UMD-Hack4Impact\\food-for-all-dc\\my-app\\src\\components\\UsersSpreadsheet\\__tests__\\UsersSpreadsheet.minimal.test.tsx:2:1)\n    at C:\\localDev\\UMD-Hack4Impact\\food-for-all-dc\\my-app\\src\\components\\UsersSpreadsheet\\__tests__\\UsersSpreadsheet.minimal.test.tsx:2:1\n    at new Promise (<anonymous>)\n    at Object.<anonymous> (C:\\localDev\\UMD-Hack4Impact\\food-for-all-dc\\my-app\\src\\components\\UsersSpreadsheet\\__tests__\\UsersSpreadsheet.minimal.test.tsx:2:1)\n    at Promise.then.completed (C:\\localDev\\UMD-Hack4Impact\\food-for-all-dc\\my-app\\node_modules\\jest-circus\\build\\utils.js:391:28)\n    at new Promise (<anonymous>)\n    at callAsyncCircusFn (C:\\localDev\\UMD-Hack4Impact\\food-for-all-dc\\my-app\\node_modules\\jest-circus\\build\\utils.js:316:10)\n    at _callCircusTest (C:\\localDev\\UMD-Hack4Impact\\food-for-all-dc\\my-app\\node_modules\\jest-circus\\build\\run.js:218:40)\n    at _runTest (C:\\localDev\\UMD-Hack4Impact\\food-for-all-dc\\my-app\\node_modules\\jest-circus\\build\\run.js:155:3)\n    at _runTestsForDescribeBlock (C:\\localDev\\UMD-Hack4Impact\\food-for-all-dc\\my-app\\node_modules\\jest-circus\\build\\run.js:66:9)\n    at _runTestsForDescribeBlock (C:\\localDev\\UMD-Hack4Impact\\food-for-all-dc\\my-app\\node_modules\\jest-circus\\build\\run.js:60:9)\n    at run (C:\\localDev\\UMD-Hack4Impact\\food-for-all-dc\\my-app\\node_modules\\jest-circus\\build\\run.js:25:3)\n    at runAndTransformResultsToJestFormat (C:\\localDev\\UMD-Hack4Impact\\food-for-all-dc\\my-app\\node_modules\\jest-circus\\build\\legacy-code-todo-rewrite\\jestAdapterInit.js:170:21)\n    at jestAdapter (C:\\localDev\\UMD-Hack4Impact\\food-for-all-dc\\my-app\\node_modules\\jest-circus\\build\\legacy-code-todo-rewrite\\jestAdapter.js:82:19)\n    at runTestInternal (C:\\localDev\\UMD-Hack4Impact\\food-for-all-dc\\my-app\\node_modules\\jest-runner\\build\\runTest.js:389:16)\n    at runTest (C:\\localDev\\UMD-Hack4Impact\\food-for-all-dc\\my-app\\node_modules\\jest-runner\\build\\runTest.js:475:34)"],"fullName":"UsersSpreadsheet minimal integration renders with minimal props and providers","location":null,"status":"failed","title":"renders with minimal props and providers"}],"endTime":1752885958923,"message":"\u001b[1m\u001b[31m  \u001b[1m● \u001b[22m\u001b[1mUsersSpreadsheet minimal integration › renders with minimal props and providers\u001b[39m\u001b[22m\n\n    Unable to find an element with the text: /Test User/. This could be because the text is broken up by multiple elements. In this case, you can provide a function for your text matcher to make your matcher more flexible.\n\n    Ignored nodes: comments, script, style\n    \u001b[36m<body>\u001b[39m\n      \u001b[36m<div>\u001b[39m\n        \u001b[36m<div\u001b[39m\n          \u001b[33mclass\u001b[39m=\u001b[32m\"box MuiBox-root css-1yd8a4w\"\u001b[39m\n        \u001b[36m>\u001b[39m\n          \u001b[36m<div\u001b[39m\n            \u001b[33mclass\u001b[39m=\u001b[32m\"MuiBox-root css-6heeki\"\u001b[39m\n          \u001b[36m>\u001b[39m\n            \u001b[36m<div\u001b[39m\n              \u001b[33mclass\u001b[39m=\u001b[32m\"MuiStack-root css-v2woy3-MuiStack-root\"\u001b[39m\n            \u001b[36m>\u001b[39m\n              \u001b[36m<div\u001b[39m\n                \u001b[33mclass\u001b[39m=\u001b[32m\"MuiBox-root css-1jke4yk\"\u001b[39m\n              \u001b[36m>\u001b[39m\n                \u001b[36m<input\u001b[39m\n                  \u001b[33mplaceholder\u001b[39m=\u001b[32m\"Search\"\u001b[39m\n                  \u001b[33mstyle\u001b[39m=\u001b[32m\"width: 100%; height: 50px; background-color: rgb(238, 238, 238); border-radius: 25px; padding: 0px 20px; font-size: 16px; color: rgb(51, 51, 51); box-sizing: border-box; transition: all 0.2s ease; box-shadow: inset 0 2px 3px rgba(0,0,0,0.05);\"\u001b[39m\n                  \u001b[33mtype\u001b[39m=\u001b[32m\"text\"\u001b[39m\n                  \u001b[33mvalue\u001b[39m=\u001b[32m\"\"\u001b[39m\n                \u001b[36m/>\u001b[39m\n              \u001b[36m</div>\u001b[39m\n              \u001b[36m<div\u001b[39m\n                \u001b[33mclass\u001b[39m=\u001b[32m\"MuiStack-root css-ocfowk-MuiStack-root\"\u001b[39m\n              \u001b[36m>\u001b[39m\n                \u001b[36m<button\u001b[39m\n                  \u001b[33mclass\u001b[39m=\u001b[32m\"MuiButtonBase-root MuiButton-root MuiButton-contained MuiButton-containedSecondary MuiButton-sizeMedium MuiButton-containedSizeMedium MuiButton-colorSecondary MuiButton-root MuiButton-contained MuiButton-containedSecondary MuiButton-sizeMedium MuiButton-containedSizeMedium MuiButton-colorSecondary view-all css-1dyll4x-MuiButtonBase-root-MuiButton-root\"\u001b[39m\n                  \u001b[33mtabindex\u001b[39m=\u001b[32m\"0\"\u001b[39m\n                  \u001b[33mtype\u001b[39m=\u001b[32m\"button\"\u001b[39m\n                \u001b[36m>\u001b[39m\n                  \u001b[0mView All\u001b[0m\n                \u001b[36m</button>\u001b[39m\n                \u001b[36m<div\u001b[39m\n                  \u001b[33mclass\u001b[39m=\u001b[32m\"MuiBox-root css-18xsi8o\"\u001b[39m\n                \u001b[36m>\u001b[39m\n                  \u001b[36m<button\u001b[39m\n                    \u001b[33mclass\u001b[39m=\u001b[32m\"MuiButtonBase-root MuiButton-root MuiButton-contained MuiButton-containedPrimary MuiButton-sizeMedium MuiButton-containedSizeMedium MuiButton-colorPrimary MuiButton-root MuiButton-contained MuiButton-containedPrimary MuiButton-sizeMedium MuiButton-containedSizeMedium MuiButton-colorPrimary create-user css-1wsvcb1-MuiButtonBase-root-MuiButton-root\"\u001b[39m\n                    \u001b[33mtabindex\u001b[39m=\u001b[32m\"0\"\u001b[39m\n                    \u001b[33mtype\u001b[39m=\u001b[32m\"button\"\u001b[39m\n                  \u001b[36m>\u001b[39m\n                    \u001b[0m+ Create User\u001b[0m\n                  \u001b[36m</button>\u001b[39m\n                \u001b[36m</div>\u001b[39m\n              \u001b[36m</div>\u001b[39m\n            \u001b[36m</div>\u001b[39m\n          \u001b[36m</div>\u001b[39m\n          \u001b[36m<div\u001b[39m\n            \u001b[33mclass\u001b[39m=\u001b[32m\"MuiBox-root css-3a109q\"\u001b[39m\n          \u001b[36m>\u001b[39m\n            \u001b[36m<div\u001b[39m\n              \u001b[33mclass\u001b[39m=\u001b[32m\"MuiPaper-root MuiPaper-elevation MuiPaper-rounded MuiPaper-elevation1 MuiTableContainer-root css-89972n-MuiPaper-root-MuiTableContainer-root\"\u001b[39m\n              \u001b[33mstyle\u001b[39m=\u001b[32m\"--Paper-shadow: 0px 2px 1px -1px rgba(0,0,0,0.2),0px 1px 1px 0px rgba(0,0,0,0.14),0px 1px 3px 0px rgba(0,0,0,0.12);\"\u001b[39m\n            \u001b[36m>\u001b[39m\n              \u001b[36m<table\u001b[39m\n                \u001b[33mclass\u001b[39m=\u001b[32m\"MuiTable-root MuiTable-stickyHeader css-pvu7mv-MuiTable-root\"\u001b[39m\n              \u001b[36m>\u001b[39m\n                \u001b[36m<thead\u001b[39m\n                  \u001b[33mclass\u001b[39m=\u001b[32m\"MuiTableHead-root css-1a7iywq-MuiTableHead-root\"\u001b[39m\n                \u001b[36m>\u001b[39m\n                  \u001b[36m<tr\u001b[39m\n                    \u001b[33mclass\u001b[39m=\u001b[32m\"MuiTableRow-root MuiTableRow-head css-1xtozoh-MuiTableRow-root\"\u001b[39m\n                  \u001b[36m>\u001b[39m\n                    \u001b[36m<th\u001b[39m\n                      \u001b[33mclass\u001b[39m=\u001b[32m\"MuiTableCell-root MuiTableCell-head MuiTableCell-stickyHeader MuiTableCell-sizeMedium table-header css-1cet2i3-MuiTableCell-root\"\u001b[39m\n                      \u001b[33mscope\u001b[39m=\u001b[32m\"col\"\u001b[39m\n                    \u001b[36m>\u001b[39m\n                      \u001b[36m<div\u001b[39m\n                        \u001b[33mclass\u001b[39m=\u001b[32m\"MuiStack-root css-121jajl-MuiStack-root\"\u001b[39m\n                      \u001b[36m>\u001b[39m\n                        \u001b[36m<h6\u001b[39m\n                          \u001b[33mclass\u001b[39m=\u001b[32m\"MuiTypography-root MuiTypography-subtitle2 css-1l28c6r-MuiTypography-root\"\u001b[39m\n                        \u001b[36m>\u001b[39m\n                          \u001b[0mName\u001b[0m\n                        \u001b[36m</h6>\u001b[39m\n                        \u001b[36m<svg\u001b[39m\n                          \u001b[33maria-hidden\u001b[39m=\u001b[32m\"true\"\u001b[39m\n                          \u001b[33mclass\u001b[39m=\u001b[32m\"MuiSvgIcon-root MuiSvgIcon-fontSizeMedium css-1umw9bq-MuiSvgIcon-root\"\u001b[39m\n                          \u001b[33mdata-testid\u001b[39m=\u001b[32m\"ArrowDropUpIcon\"\u001b[39m\n                          \u001b[33mfocusable\u001b[39m=\u001b[32m\"false\"\u001b[39m\n                          \u001b[33mviewBox\u001b[39m=\u001b[32m\"0 0 24 24\"\u001b[39m\n                        \u001b[36m>\u001b[39m\n                          \u001b[36m<path\u001b[39m\n                            \u001b[33md\u001b[39m=\u001b[32m\"m7 14 5-5 5 5z\"\u001b[39m\n                          \u001b[36m/>\u001b[39m\n                        \u001b[36m</svg>\u001b[39m\n                      \u001b[36m</div>\u001b[39m\n                    \u001b[36m</th>\u001b[39m\n                    \u001b[36m<th\u001b[39m\n                      \u001b[33mclass\u001b[39m=\u001b[32m\"MuiTableCell-root MuiTableCell-head MuiTableCell-stickyHeader MuiTableCell-sizeMedium table-header css-1cet2i3-MuiTableCell-root\"\u001b[39m\n                      \u001b[33mscope\u001b[39m=\u001b[32m\"col\"\u001b[39m\n                    \u001b[36m>\u001b[39m\n                      \u001b[36m<div\u001b[39m\n                        \u001b[33mclass\u001b[39m=\u001b[32m\"MuiStack-root css-121jajl-MuiStack-root\"\u001b[39m\n                      \u001b[36m>\u001b[39m\n                        \u001b[36m<h6\u001b[39m\n                          \u001b[33mclass\u001b[39m=\u001b[32m\"MuiTypography-root MuiTypography-subtitle2 css-1l28c6r-MuiTypography-root\"\u001b[39m\n                        \u001b[36m>\u001b[39m\n                          \u001b[0mRole\u001b[0m\n                        \u001b[36m</h6>\u001b[39m\n                        \u001b[36m<svg\u001b[39m\n                          \u001b[33maria-hidden\u001b[39m=\u001b[32m\"true\"\u001b[39m\n                          \u001b[33mclass\u001b[39m=\u001b[32m\"MuiSvgIcon-root MuiSvgIcon-fontSizeMedium css-4a6zbl-MuiSvgIcon-root\"\u001b[39m\n                          \u001b[33mdata-testid\u001b[39m=\u001b[32m\"UnfoldMoreIcon\"\u001b[39m\n                          \u001b[33mfocusable\u001b[39m=\u001b[32m\"false\"\u001b[39m\n                          \u001b[33mviewBox\u001b[39m=\u001b[32m\"0 0 24 24\"\u001b[39m\n                        \u001b[36m>\u001b[39m\n                          \u001b[36m<path\u001b[39m\n                            \u001b[33md\u001b[39m=\u001b[32m\"M12 5.83 15.17 9l1.41-1.41L12 3 7.41 7.59 8.83 9zm0 12.34L8.83 15l-1.41 1.41L12 21l4.59-4.59L15.17 15z\"\u001b[39m\n                          \u001b[36m/>\u001b[39m\n                        \u001b[36m</svg>\u001b[39m\n                      \u001b[36m</div>\u001b[39m\n                    \u001b[36m</th>\u001b[39m\n                    \u001b[36m<th\u001b[39m\n                      \u001b[33mclass\u001b[39m=\u001b[32m\"MuiTableCell-root MuiTableCell-head MuiTableCell-stickyHeader MuiTableCell-sizeMedium table-header css-1cet2i3-MuiTableCell-root\"\u001b[39m\n                      \u001b[33mscope\u001b[39m=\u001b[32m\"col\"\u001b[39m\n                    \u001b[36m>\u001b[39m\n                      \u001b[36m<div\u001b[39m\n                        \u001b[33mclass\u001b[39m=\u001b[32m\"MuiStack-root css-121jajl-MuiStack-root\"\u001b[39m\n                      \u001b[36m>\u001b[39m\n                        \u001b[36m<h6\u001b[39m\n                          \u001b[33mclass\u001b[39m=\u001b[32m\"MuiTypography-root MuiTypography-subtitle2 css-1l28c6r-MuiTypography-root\"\u001b[39m\n                        \u001b[36m>\u001b[39m\n                          \u001b[0mPhone\u001b[0m\n                        \u001b[36m</h6>\u001b[39m\n                        \u001b[36m<svg\u001b[39m\n                          \u001b[33maria-hidden\u001b[39m=\u001b[32m\"true\"\u001b[39m\n                          \u001b[33mclass\u001b[39m=\u001b[32m\"MuiSvgIcon-root MuiSvgIcon-fontSizeMedium css-4a6zbl-MuiSvgIcon-root\"\u001b[39m\n                          \u001b[33mdata-testid\u001b[39m=\u001b[32m\"UnfoldMoreIcon\"\u001b[39m\n                          \u001b[33mfocusable\u001b[39m=\u001b[32m\"false\"\u001b[39m\n                          \u001b[33mviewBox\u001b[39m=\u001b[32m\"0 0 24 24\"\u001b[39m\n                        \u001b[36m>\u001b[39m\n                          \u001b[36m<path\u001b[39m\n                            \u001b[33md\u001b[39m=\u001b[32m\"M12 5.83 15.17 9l1.41-1.41L12 3 7.41 7.59 8.83 9zm0 12.34L8.83 15l-1.41 1.41L12 21l4.59-4.59L15.17 15z\"\u001b[39m\n                          \u001b[36m/>\u001b[39m\n                        \u001b[36m</svg>\u001b[39m\n                      \u001b[36m</div>\u001b[39m\n                    \u001b[36m</th>\u001b[39m\n                    \u001b[36m<th\u001b[39m\n                      \u001b[33mclass\u001b[39m=\u001b[32m\"MuiTableCell-root MuiTableCell-head MuiTableCell-stickyHeader MuiTableCell-sizeMedium table-header css-1cet2i3-MuiTableCell-root\"\u001b[39m\n                      \u001b[33mscope\u001b[39m=\u001b[32m\"col\"\u001b[39m\n                    \u001b[36m>\u001b[39m\n                      \u001b[36m<div\u001b[39m\n                        \u001b[33mclass\u001b[39m=\u001b[32m\"MuiStack-root css-121jajl-MuiStack-root\"\u001b[39m\n                      \u001b[36m>\u001b[39m\n                        \u001b[36m<h6\u001b[39m\n                          \u001b[33mclass\u001b[39m=\u001b[32m\"MuiTypography-root MuiTypography-subtitle2 css-1l28c6r-MuiTypography-root\"\u001b[39m\n                        \u001b[36m>\u001b[39m\n                          \u001b[0mEmail\u001b[0m\n                        \u001b[36m</h6>\u001b[39m\n                        \u001b[36m<svg\u001b[39m\n                          \u001b[33maria-hidden\u001b[39m=\u001b[32m\"true\"\u001b[39m\n                          \u001b[33mclass\u001b[39m=\u001b[32m\"MuiSvgIcon-root MuiSvgIcon-fontSizeMedium css-4a6zbl-MuiSvgIcon-root\"\u001b[39m\n                          \u001b[33mdata-testid\u001b[39m=\u001b[32m\"UnfoldMoreIcon\"\u001b[39m\n                          \u001b[33mfocusable\u001b[39m=\u001b[32m\"false\"\u001b[39m\n                          \u001b[33mviewBox\u001b[39m=\u001b[32m\"0 0 24 24\"\u001b[39m\n                        \u001b[36m>\u001b[39m\n                          \u001b[36m<path\u001b[39m\n                            \u001b[33md\u001b[39m=\u001b[32m\"M12 5.83 15.17 9l1.41-1.41L12 3 7.41 7.59 8.83 9zm0 12.34L8.83 15l-1.41 1.41L12 21l4.59-4.59L15.17 15z\"\u001b[39m\n                          \u001b[36m/>\u001b[39m\n                        \u001b[36m</svg>\u001b[39m\n                      \u001b[36m</div>\u001b[39m\n                    \u001b[36m</th>\u001b[39m\n                    \u001b[36m<th\u001b[39m\n                      \u001b[33mclass\u001b[39m=\u001b[32m\"MuiTableCell-root MuiTableCell-head MuiTableCell-stickyHeader MuiTableCell-alignRight MuiTableCell-sizeMedium table-header css-1158xmd-MuiTableCell-root\"\u001b[39m\n                      \u001b[33mscope\u001b[39m=\u001b[32m\"col\"\u001b[39m\n                    \u001b[36m/>\u001b[39m\n                  \u001b[36m</tr>\u001b[39m\n                \u001b[36m</thead>\u001b[39m\n                \u001b[36m<tbody\u001b[39m\n                  \u001b[33mclass\u001b[39m=\u001b[32m\"MuiTableBody-root css-gmh7jj-MuiTableBody-root\"\u001b[39m\n                \u001b[36m/>\u001b[39m\n              \u001b[36m</table>\u001b[39m\n            \u001b[36m</div>\u001b[39m\n          \u001b[36m</div>\u001b[39m\n        \u001b[36m</div>\u001b[39m\n      \u001b[36m</div>\u001b[39m\n    \u001b[36m</body>\u001b[39m\n\u001b[2m\u001b[22m\n\u001b[2m    \u001b[0m \u001b[90m 23 |\u001b[39m     )\u001b[33m;\u001b[39m\u001b[22m\n\u001b[2m     \u001b[90m 24 |\u001b[39m     \u001b[90m// Wait for either the table or the mobile card view to appear\u001b[39m\u001b[22m\n\u001b[2m    \u001b[31m\u001b[1m>\u001b[22m\u001b[2m\u001b[39m\u001b[90m 25 |\u001b[39m     \u001b[36mawait\u001b[39m waitFor(() \u001b[33m=>\u001b[39m {\u001b[22m\n\u001b[2m     \u001b[90m    |\u001b[39m                  \u001b[31m\u001b[1m^\u001b[22m\u001b[2m\u001b[39m\u001b[22m\n\u001b[2m     \u001b[90m 26 |\u001b[39m       expect(screen\u001b[33m.\u001b[39mgetByText(\u001b[35m/Test User/\u001b[39m))\u001b[33m.\u001b[39mtoBeInTheDocument()\u001b[33m;\u001b[39m\u001b[22m\n\u001b[2m     \u001b[90m 27 |\u001b[39m       expect(screen\u001b[33m.\u001b[39mgetByText(\u001b[35m/test@example.com/\u001b[39m))\u001b[33m.\u001b[39mtoBeInTheDocument()\u001b[33m;\u001b[39m\u001b[22m\n\u001b[2m     \u001b[90m 28 |\u001b[39m     }\u001b[33m,\u001b[39m { timeout\u001b[33m:\u001b[39m \u001b[35m15000\u001b[39m })\u001b[33m;\u001b[39m\u001b[0m\u001b[22m\n\u001b[2m\u001b[22m\n\u001b[2m      \u001b[2mat waitForWrapper (\u001b[22m\u001b[2mnode_modules/@testing-library/react/node_modules/@testing-library/dom/dist/wait-for.js\u001b[2m:166:27)\u001b[22m\u001b[2m\u001b[22m\n\u001b[2m      \u001b[2mat call (\u001b[22m\u001b[2m\u001b[0m\u001b[36msrc/components/UsersSpreadsheet/__tests__/UsersSpreadsheet.minimal.test.tsx\u001b[39m\u001b[0m\u001b[2m:25:18)\u001b[22m\u001b[2m\u001b[22m\n\u001b[2m      \u001b[2mat Generator._invoke (\u001b[22m\u001b[2m\u001b[0m\u001b[36msrc/components/UsersSpreadsheet/__tests__/UsersSpreadsheet.minimal.test.tsx\u001b[39m\u001b[0m\u001b[2m:2:1)\u001b[22m\u001b[2m\u001b[22m\n\u001b[2m      \u001b[2mat Generator.next (\u001b[22m\u001b[2m\u001b[0m\u001b[36msrc/components/UsersSpreadsheet/__tests__/UsersSpreadsheet.minimal.test.tsx\u001b[39m\u001b[0m\u001b[2m:2:1)\u001b[22m\u001b[2m\u001b[22m\n\u001b[2m      \u001b[2mat asyncGeneratorStep (\u001b[22m\u001b[2m\u001b[0m\u001b[36msrc/components/UsersSpreadsheet/__tests__/UsersSpreadsheet.minimal.test.tsx\u001b[39m\u001b[0m\u001b[2m:2:1)\u001b[22m\u001b[2m\u001b[22m\n\u001b[2m      \u001b[2mat _next (\u001b[22m\u001b[2m\u001b[0m\u001b[36msrc/components/UsersSpreadsheet/__tests__/UsersSpreadsheet.minimal.test.tsx\u001b[39m\u001b[0m\u001b[2m:2:1)\u001b[22m\u001b[2m\u001b[22m\n\u001b[2m      \u001b[2mat \u001b[22m\u001b[2m\u001b[0m\u001b[36msrc/components/UsersSpreadsheet/__tests__/UsersSpreadsheet.minimal.test.tsx\u001b[39m\u001b[0m\u001b[2m:2:1\u001b[22m\u001b[2m\u001b[22m\n\u001b[2m      \u001b[2mat Object.<anonymous> (\u001b[22m\u001b[2m\u001b[0m\u001b[36msrc/components/UsersSpreadsheet/__tests__/UsersSpreadsheet.minimal.test.tsx\u001b[39m\u001b[0m\u001b[2m:2:1)\u001b[22m\u001b[2m\u001b[22m\n","name":"C:\\localDev\\UMD-Hack4Impact\\food-for-all-dc\\my-app\\src\\components\\UsersSpreadsheet\\__tests__\\UsersSpreadsheet.minimal.test.tsx","startTime":1752885957847,"status":"failed","summary":""},{"assertionResults":[{"ancestorTitles":["Navigation Bar Tests"],"failureMessages":[],"fullName":"Navigation Bar Tests renders all expected links for Admin","location":null,"status":"passed","title":"renders all expected links for Admin"},{"ancestorTitles":["Navigation Bar Tests"],"failureMessages":[],"fullName":"Navigation Bar Tests renders correct links for Driver","location":null,"status":"passed","title":"renders correct links for Driver"},{"ancestorTitles":["Navigation Bar Tests"],"failureMessages":["TestingLibraryElementError: Found multiple elements with the text: /calendar/i\n\nHere are the matching elements:\n\nIgnored nodes: comments, script, style\n\u001b[36m<h6\u001b[39m\n  \u001b[33mclass\u001b[39m=\u001b[32m\"MuiTypography-root MuiTypography-h6 css-go34fu-MuiTypography-root\"\u001b[39m\n\u001b[36m>\u001b[39m\n  \u001b[0mCalendar\u001b[0m\n\u001b[36m</h6>\u001b[39m\n\nIgnored nodes: comments, script, style\n\u001b[36m<span\u001b[39m\n  \u001b[33mclass\u001b[39m=\u001b[32m\"MuiTypography-root MuiTypography-body1 MuiListItemText-primary css-rizt0-MuiTypography-root\"\u001b[39m\n\u001b[36m>\u001b[39m\n  \u001b[0mCalendar\u001b[0m\n\u001b[36m</span>\u001b[39m\n\n(If this is intentional, then use the `*AllBy*` variant of the query (like `queryAllByText`, `getAllByText`, or `findAllByText`)).\n\nIgnored nodes: comments, script, style\n\u001b[36m<body>\u001b[39m\n  \u001b[36m<div>\u001b[39m\n    \u001b[36m<div\u001b[39m\n      \u001b[33mclass\u001b[39m=\u001b[32m\"MuiBox-root css-k008qs\"\u001b[39m\n    \u001b[36m>\u001b[39m\n      \u001b[36m<header\u001b[39m\n        \u001b[33mclass\u001b[39m=\u001b[32m\"MuiPaper-root MuiPaper-elevation MuiPaper-elevation4 MuiAppBar-root MuiAppBar-colorPrimary MuiAppBar-positionFixed mui-fixed css-u3c2xp-MuiPaper-root-MuiAppBar-root\"\u001b[39m\n        \u001b[33mstyle\u001b[39m=\u001b[32m\"--Paper-shadow: 0px 2px 4px -1px rgba(0,0,0,0.2),0px 4px 5px 0px rgba(0,0,0,0.14),0px 1px 10px 0px rgba(0,0,0,0.12);\"\u001b[39m\n      \u001b[36m>\u001b[39m\n        \u001b[36m<div\u001b[39m\n          \u001b[33mclass\u001b[39m=\u001b[32m\"MuiToolbar-root MuiToolbar-gutters MuiToolbar-regular css-84av6n-MuiToolbar-root\"\u001b[39m\n        \u001b[36m>\u001b[39m\n          \u001b[36m<div\u001b[39m\n            \u001b[33mclass\u001b[39m=\u001b[32m\"MuiBox-root css-70qvj9\"\u001b[39m\n          \u001b[36m>\u001b[39m\n            \u001b[36m<button\u001b[39m\n              \u001b[33maria-label\u001b[39m=\u001b[32m\"open drawer\"\u001b[39m\n              \u001b[33mclass\u001b[39m=\u001b[32m\"MuiButtonBase-root MuiIconButton-root MuiIconButton-colorInherit MuiIconButton-edgeStart MuiIconButton-sizeMedium css-1g7bc8j-MuiButtonBase-root-MuiIconButton-root\"\u001b[39m\n              \u001b[33mtabindex\u001b[39m=\u001b[32m\"0\"\u001b[39m\n              \u001b[33mtype\u001b[39m=\u001b[32m\"button\"\u001b[39m\n            \u001b[36m>\u001b[39m\n              \u001b[36m<svg\u001b[39m\n                \u001b[33maria-hidden\u001b[39m=\u001b[32m\"true\"\u001b[39m\n                \u001b[33mclass\u001b[39m=\u001b[32m\"MuiSvgIcon-root MuiSvgIcon-fontSizeMedium css-1umw9bq-MuiSvgIcon-root\"\u001b[39m\n                \u001b[33mdata-testid\u001b[39m=\u001b[32m\"MenuRoundedIcon\"\u001b[39m\n                \u001b[33mfocusable\u001b[39m=\u001b[32m\"false\"\u001b[39m\n                \u001b[33mviewBox\u001b[39m=\u001b[32m\"0 0 24 24\"\u001b[39m\n              \u001b[36m>\u001b[39m\n                \u001b[36m<path\u001b[39m\n                  \u001b[33md\u001b[39m=\u001b[32m\"M4 18h16c.55 0 1-.45 1-1s-.45-1-1-1H4c-.55 0-1 .45-1 1s.45 1 1 1m0-5h16c.55 0 1-.45 1-1s-.45-1-1-1H4c-.55 0-1 .45-1 1s.45 1 1 1M3 7c0 .55.45 1 1 1h16c.55 0 1-.45 1-1s-.45-1-1-1H4c-.55 0-1 .45-1 1\"\u001b[39m\n                \u001b[36m/>\u001b[39m\n              \u001b[36m</svg>\u001b[39m\n            \u001b[36m</button>\u001b[39m\n          \u001b[36m</div>\u001b[39m\n          \u001b[36m<h6\u001b[39m\n            \u001b[33mclass\u001b[39m=\u001b[32m\"MuiTypography-root MuiTypography-h6 css-go34fu-MuiTypography-root\"\u001b[39m\n          \u001b[36m>\u001b[39m\n            \u001b[0mCalendar\u001b[0m\n          \u001b[36m</h6>\u001b[39m\n          \u001b[36m<div\u001b[39m\n            \u001b[33mclass\u001b[39m=\u001b[32m\"MuiBox-root css-1xok4pd\"\u001b[39m\n          \u001b[36m/>\u001b[39m\n          \u001b[0m \u001b[0m\n        \u001b[36m</div>\u001b[39m\n      \u001b[36m</header>\u001b[39m\n      \u001b[36m<div\u001b[39m\n        \u001b[33mclass\u001b[39m=\u001b[32m\"MuiDrawer-root MuiDrawer-anchorLeft MuiDrawer-docked css-nk2mzd-MuiDrawer-docked\"\u001b[39m\n      \u001b[36m>\u001b[39m\n        \u001b[36m<div\u001b[39m\n          \u001b[33mclass\u001b[39m=\u001b[32m\"MuiPaper-root MuiPaper-elevation MuiPaper-elevation0 MuiDrawer-paper MuiDrawer-paperAnchorLeft MuiDrawer-paperAnchorDockedLeft css-1lwhjos-MuiPaper-root-MuiDrawer-paper\"\u001b[39m\n          \u001b[33mstyle\u001b[39m=\u001b[32m\"--Paper-shadow: none; visibility: hidden; webkit-transform: translateX(-0px); transform: translateX(-0px);\"\u001b[39m\n        \u001b[36m>\u001b[39m\n          \u001b[36m<div\u001b[39m\n            \u001b[33mclass\u001b[39m=\u001b[32m\"css-1o3g8tt\"\u001b[39m\n          \u001b[36m>\u001b[39m\n            \u001b[36m<div\u001b[39m\n              \u001b[33mclass\u001b[39m=\u001b[32m\"css-4gt8zh\"\u001b[39m\n            \u001b[36m>\u001b[39m\n              \u001b[36m<img\u001b[39m\n                \u001b[33malt\u001b[39m=\u001b[32m\"Logo\"\u001b[39m\n                \u001b[33mclass\u001b[39m=\u001b[32m\"css-1s91v8m\"\u001b[39m\n                \u001b[33msrc\u001b[39m=\u001b[32m\"test-file-stub\"\u001b[39m\n              \u001b[36m/>\u001b[39m\n            \u001b[36m</div>\u001b[39m\n            \u001b[36m<button\u001b[39m\n              \u001b[33mclass\u001b[39m=\u001b[32m\"MuiButtonBase-root MuiIconButton-root MuiIconButton-sizeMedium css-14w9p70-MuiButtonBase-root-MuiIconButton-root\"\u001b[39m\n              \u001b[33mtabindex\u001b[39m=\u001b[32m\"0\"\u001b[39m\n              \u001b[33mtype\u001b[39m=\u001b[32m\"button\"\u001b[39m\n            \u001b[36m>\u001b[39m\n              \u001b[36m<svg\u001b[39m\n                \u001b[33maria-hidden\u001b[39m=\u001b[32m\"true\"\u001b[39m\n                \u001b[33mclass\u001b[39m=\u001b[32m\"MuiSvgIcon-root MuiSvgIcon-fontSizeMedium css-1umw9bq-MuiSvgIcon-root\"\u001b[39m\n                \u001b[33mdata-testid\u001b[39m=\u001b[32m\"MenuRoundedIcon\"\u001b[39m\n                \u001b[33mfocusable\u001b[39m=\u001b[32m\"false\"\u001b[39m\n                \u001b[33mviewBox\u001b[39m=\u001b[32m\"0 0 24 24\"\u001b[39m\n              \u001b[36m>\u001b[39m\n                \u001b[36m<path\u001b[39m\n                  \u001b[33md\u001b[39m=\u001b[32m\"M4 18h16c.55 0 1-.45 1-1s-.45-1-1-1H4c-.55 0-1 .45-1 1s.45 1 1 1m0-5h16c.55 0 1-.45 1-1s-.45-1-1-1H4c-.55 0-1 .45-1 1s.45 1 1 1M3 7c0 .55.45 1 1 1h16c.55 0 1-.45 1-1s-.45-1-1-1H4c-.55 0-1 .45-1 1\"\u001b[39m\n                \u001b[36m/>\u001b[39m\n              \u001b[36m</svg>\u001b[39m\n            \u001b[36m</button>\u001b[39m\n          \u001b[36m</div>\u001b[39m\n          \u001b[36m<hr\u001b[39m\n            \u001b[33mclass\u001b[39m=\u001b[32m\"MuiDivider-root MuiDivider-fullWidth css-vexkgb-MuiDivider-root\"\u001b[39m\n          \u001b[36m/>\u001b[39m\n          \u001b[36m<ul\u001b[39m\n            \u001b[33mclass\u001b[39m=\u001b[32m\"MuiList-root MuiList-padding css-11q6uiw-MuiList-root\"\u001b[39m\n          \u001b[36m>\u001b[39m\n            \u001b[36m<li\u001b[39m\n              \u001b[33mclass\u001b[39m=\u001b[32m\"MuiListItem-root MuiListItem-gutters css-171sim1-MuiListItem-root\"\u001b[39m\n            \u001b[36m>\u001b[39m\n              \u001b[36m<div\u001b[39m\n                \u001b[33mclass\u001b[39m=\u001b[32m\"tabContainer MuiBox-root css-1mkkjge\"\u001b[39m\n              \u001b[36m>\u001b[39m\n                \u001b[36m<div\u001b[39m\n                  \u001b[33mclass\u001b[39m=\u001b[32m\"MuiListItemIcon-root css-42lb5f-MuiListItemIcon-root\"\u001b[39m\n                \u001b[36m>\u001b[39m\n                  \u001b[36m<svg\u001b[39m\n                    \u001b[33maria-hidden\u001b[39m=\u001b[32m\"true\"\u001b[39m\n                    \u001b[33mclass\u001b[39m=\u001b[32m\"MuiSvgIcon-root MuiSvgIcon-fontSizeMedium css-1umw9bq-MuiSvgIcon-root\"\u001b[39m\n                    \u001b[33mdata-testid\u001b[39m=\u001b[32m\"StorageIcon\"\u001b[39m\n                    \u001b[33mfocusable\u001b[39m=\u001b[32m\"false\"\u001b[39m\n                    \u001b[33mviewBox\u001b[39m=\u001b[32m\"0 0 24 24\"\u001b[39m\n                  \u001b[36m>\u001b[39m\n                    \u001b[36m<path\u001b[39m\n                      \u001b[33md\u001b[39m=\u001b[32m\"M2 20h20v-4H2zm2-3h2v2H4zM2 4v4h20V4zm4 3H4V5h2zm-4 7h20v-4H2zm2-3h2v2H4z\"\u001b[39m\n                    \u001b[36m/>\u001b[39m\n                  \u001b[36m</svg>\u001b[39m\n                \u001b[36m</div>\u001b[39m\n                \u001b[36m<div\u001b[39m\n                  \u001b[33mclass\u001b[39m=\u001b[32m\"MuiListItemText-root css-g08e6w-MuiListItemText-root\"\u001b[39m\n                \u001b[36m>\u001b[39m\n                  \u001b[36m<span\u001b[39m\n                    \u001b[33mclass\u001b[39m=\u001b[32m\"MuiTypography-root MuiTypography-body1 MuiListItemText-primary css-rizt0-MuiTypography-root\"\u001b[39m\n                  \u001b[36m>\u001b[39m\n                    \u001b[0mClients\u001b[0m\n                  \u001b[36m</span>\u001b[39m\n                \u001b[36m</div>\u001b[39m\n              \u001b[36m</div>\u001b[39m\n            \u001b[36m</li>\u001b[39m\n            \u001b[36m<li\u001b[39m\n              \u001b[33mclass\u001b[39m=\u001b[32m\"MuiListItem-root MuiListItem-gutters css-171sim1-MuiListItem-root\"\u001b[39m\n            \u001b[36m>\u001b[39m\n              \u001b[36m<div\u001b[39m\n                \u001b[33mclass\u001b[39m=\u001b[32m\"tabContainerSelected MuiBox-root css-1t5lwyg\"\u001b[39m\n              \u001b[36m>\u001b[39m\n                \u001b[36m<div\u001b[39m\n                  \u001b[33mclass\u001b[39m=\u001b[32m\"MuiListItemIcon-root css-42lb5f-MuiListItemIcon-root\"\u001b[39m\n                \u001b[36m>\u001b[39m\n                  \u001b[36m<svg\u001b[39m\n                    \u001b[33maria-hidden\u001b[39m=\u001b[32m\"true\"\u001b[39m\n                    \u001b[33mclass\u001b[39m=\u001b[32m\"MuiSvgIcon-root MuiSvgIcon-fontSizeMedium css-1umw9bq-MuiSvgIcon-root\"\u001b[39m\n                    \u001b[33mdata-testid\u001b[39m=\u001b[32m\"CalendarTodayIcon\"\u001b[39m\n                    \u001b[33mfocusable\u001b[39m=\u001b[32m\"false\"\u001b[39m\n                    \u001b[33mviewBox\u001b[39m=\u001b[32m\"0 0 24 24\"\u001b[39m\n                  \u001b[36m>\u001b[39m\n                    \u001b[36m<path\u001b[39m\n                      \u001b[33md\u001b[39m=\u001b[32m\"M20 3h-1V1h-2v2H7V1H5v2H4c-1.1 0-2 .9-2 2v16c0 1.1.9 2 2 2h16c1.1 0 2-.9 2-2V5c0-1.1-.9-2-2-2m0 18H4V8h16z\"\u001b[39m\n                    \u001b[36m/>\u001b[39m\n                  \u001b[36m</svg>\u001b[39m\n                \u001b[36m</div>\u001b[39m\n                \u001b[36m<div\u001b[39m\n                  \u001b[33mclass\u001b[39m=\u001b[32m\"MuiListItemText-root css-14xv2j8-MuiListItemText-root\"\u001b[39m\n                \u001b[36m>\u001b[39m\n                  \u001b[36m<span\u001b[39m\n                    \u001b[33mclass\u001b[39m=\u001b[32m\"MuiTypography-root MuiTypography-body1 MuiListItemText-primary css-rizt0-MuiTypography-root\"\u001b[39m\n                  \u001b[36m>\u001b[39m\n                    \u001b[0mCalendar\u001b[0m\n                  \u001b[36m</span>\u001b[39m\n                \u001b[36m</div>\u001b[39m\n                \u001b[36m<div\u001b[39m\n                  \u001b[33mclass\u001b[39m=\u001b[32m\"MuiBox-root css-cde77l\"\u001b[39m\n                \u001b[36m/>\u001b[39m\n              \u001b[36m</div>\u001b[39m\n            \u001b[36m</li>\u001b[39m\n            \u001b[36m<li\u001b[39m\n 
[...]
         \u001b[33md\u001b[39m=\u001b[32m\"m17 7-1.41 1.41L18.17 11H8v2h10.17l-2.58 2.58L17 17l5-5zM4 5h8V3H4c-1.1 0-2 .9-2 2v14c0 1.1.9 2 2 2h8v-2H4z\"\u001b[39m\n                        \u001b[36m/>\u001b[39m\n                      \u001b[36m</svg>\u001b[39m\n                    \u001b[36m</div>\u001b[39m\n                    \u001b[36m<div\u001b[39m\n                      \u001b[33mclass\u001b[39m=\u001b[32m\"MuiListItemText-root css-cfq8qh-MuiListItemText-root\"\u001b[39m\n                    \u001b[36m>\u001b[39m\n                      \u001b[36m<span\u001b[39m\n                        \u001b[33mclass\u001b[39m=\u001b[32m\"MuiTypography-root MuiTypography-body1 MuiListItemText-primary css-11ioazy-MuiTypography-root\"\u001b[39m\n                      \u001b[36m>\u001b[39m\n                        \u001b[0mLogout\u001b[0m\n                      \u001b[36m</span>\u001b[39m\n                    \u001b[36m</div>\u001b[39m\n                  \u001b[36m</div>\u001b[39m\n                \u001b[36m</li>\u001b[39m\n              \u001b[36m</ul>\u001b[39m\n            \u001b[36m</div>\u001b[39m\n          \u001b[36m</div>\u001b[39m\n          \u001b[36m<main\u001b[39m\n            \u001b[33mclass\u001b[39m=\u001b[32m\"css-kzuvr8\"\u001b[39m\n          \u001b[36m/>\u001b[39m\n        \u001b[36m</div>\u001b[39m\n      \u001b[36m</div>\u001b[39m\n    \u001b[36m</body>\u001b[39m\n\u001b[2m\u001b[22m\n\u001b[2m    \u001b[0m \u001b[90m 48 |\u001b[39m     )\u001b[33m;\u001b[39m\u001b[22m\n\u001b[2m     \u001b[90m 49 |\u001b[39m     \u001b[90m// Query for the tab by text and check its parent/container for 'active' class\u001b[39m\u001b[22m\n\u001b[2m    \u001b[31m\u001b[1m>\u001b[22m\u001b[2m\u001b[39m\u001b[90m 50 |\u001b[39m     \u001b[36mconst\u001b[39m calendarTab \u001b[33m=\u001b[39m screen\u001b[33m.\u001b[39mgetByText(\u001b[35m/calendar/i\u001b[39m)\u001b[33m;\u001b[39m\u001b[22m\n\u001b[2m     \u001b[90m    |\u001b[39m                                \u001b[31m\u001b[1m^\u001b[22m\u001b[2m\u001b[39m\u001b[22m\n\u001b[2m     \u001b[90m 51 |\u001b[39m     \u001b[90m// Find the closest parent with a class indicating selection\u001b[39m\u001b[22m\n\u001b[2m     \u001b[90m 52 |\u001b[39m     \u001b[36mconst\u001b[39m tabContainer \u001b[33m=\u001b[39m calendarTab\u001b[33m.\u001b[39mclosest(\u001b[32m'div'\u001b[39m)\u001b[33m;\u001b[39m\u001b[22m\n\u001b[2m     \u001b[90m 53 |\u001b[39m     expect(tabContainer)\u001b[33m.\u001b[39mtoHaveClass(\u001b[32m'tabContainerSelected'\u001b[39m)\u001b[33m;\u001b[39m\u001b[0m\u001b[22m\n\u001b[2m\u001b[22m\n\u001b[2m      \u001b[2mat Object.getElementError (\u001b[22m\u001b[2mnode_modules/@testing-library/react/node_modules/@testing-library/dom/dist/config.js\u001b[2m:37:19)\u001b[22m\u001b[2m\u001b[22m\n\u001b[2m      \u001b[2mat getElementError (\u001b[22m\u001b[2mnode_modules/@testing-library/react/node_modules/@testing-library/dom/dist/query-helpers.js\u001b[2m:20:35)\u001b[22m\u001b[2m\u001b[22m\n\u001b[2m      \u001b[2mat getMultipleElementsFoundError (\u001b[22m\u001b[2mnode_modules/@testing-library/react/node_modules/@testing-library/dom/dist/query-helpers.js\u001b[2m:23:10)\u001b[22m\u001b[2m\u001b[22m\n\u001b[2m      \u001b[2mat \u001b[22m\u001b[2mnode_modules/@testing-library/react/node_modules/@testing-library/dom/dist/query-helpers.js\u001b[2m:55:13\u001b[22m\u001b[2m\u001b[22m\n\u001b[2m      \u001b[2mat getByText (\u001b[22m\u001b[2mnode_modules/@testing-library/react/node_modules/@testing-library/dom/dist/query-helpers.js\u001b[2m:95:19)\u001b[22m\u001b[2m\u001b[22m\n\u001b[2m      \u001b[2mat Object.<anonymous> (\u001b[22m\u001b[2m\u001b[0m\u001b[36msrc/__tests__/navigation-bar.test.tsx\u001b[39m\u001b[0m\u001b[2m:50:32)\u001b[22m\u001b[2m\u001b[22m\n","name":"C:\\localDev\\UMD-Hack4Impact\\food-for-all-dc\\my-app\\src\\__tests__\\navigation-bar.test.tsx","startTime":1752885958993,"status":"failed","summary":""},{"assertionResults":[{"ancestorTitles":["Modal Component","Basic Functionality"],"failureMessages":[],"fullName":"Modal Component Basic Functionality renders modal when open is true","location":null,"status":"passed","title":"renders modal when open is true"},{"ancestorTitles":["Modal Component","Basic Functionality"],"failureMessages":[],"fullName":"Modal Component Basic Functionality does not render modal when open is false","location":null,"status":"passed","title":"does not render modal when open is false"},{"ancestorTitles":["Modal Component","Basic Functionality"],"failureMessages":[],"fullName":"Modal Component Basic Functionality calls onClose when close button is clicked","location":null,"status":"passed","title":"calls onClose when close button is clicked"},{"ancestorTitles":["Modal Component","Close Button"],"failureMessages":[],"fullName":"Modal Component Close Button shows close button by default","location":null,"status":"passed","title":"shows close button by default"},{"ancestorTitles":["Modal Component","Close Button"],"failureMessages":[],"fullName":"Modal Component Close Button hides close button when showCloseButton is false","location":null,"status":"passed","title":"hides close button when showCloseButton is false"},{"ancestorTitles":["Modal Component","Backdrop Click"],"failureMessages":[],"fullName":"Modal Component Backdrop Click closes modal on backdrop click by default","location":null,"status":"passed","title":"closes modal on backdrop click by default"},{"ancestorTitles":["Modal Component","Backdrop Click"],"failureMessages":[],"fullName":"Modal Component Backdrop Click does not close modal on backdrop click when closeOnBackdropClick is false","location":null,"status":"passed","title":"does not close modal on backdrop click when closeOnBackdropClick is false"},{"ancestorTitles":["Modal Component","Actions"],"failureMessages":[],"fullName":"Modal Component Actions renders actions when provided","location":null,"status":"passed","title":"renders actions when provided"},{"ancestorTitles":["Modal Component","Actions"],"failureMessages":[],"fullName":"Modal Component Actions does not render actions section when no actions provided","location":null,"status":"passed","title":"does not render actions section when no actions provided"},{"ancestorTitles":["Modal Component","Accessibility"],"failureMessages":[],"fullName":"Modal Component Accessibility has proper ARIA attributes","location":null,"status":"passed","title":"has proper ARIA attributes"},{"ancestorTitles":["Modal Component","Accessibility"],"failureMessages":[],"fullName":"Modal Component Accessibility has proper heading structure","location":null,"status":"passed","title":"has proper heading structure"}],"endTime":1752885964103,"message":"","name":"C:\\localDev\\UMD-Hack4Impact\\food-for-all-dc\\my-app\\src\\components\\common\\Modal\\Modal.test.tsx","startTime":1752885959769,"status":"passed","summary":""},{"assertionResults":[{"ancestorTitles":["Loading State Tests"],"failureMessages":[],"fullName":"Loading State Tests shows loading indicator when app is initializing","location":null,"status":"passed","title":"shows loading indicator when app is initializing"}],"endTime":1752885968778,"message":"","name":"C:\\localDev\\UMD-Hack4Impact\\food-for-all-dc\\my-app\\src\\__tests__\\loading-state.test.tsx","startTime":1752885964114,"status":"passed","summary":""},{"assertionResults":[{"ancestorTitles":["ConfirmationModal","Basic Functionality"],"failureMessages":[],"fullName":"ConfirmationModal Basic Functionality renders with default props","location":null,"status":"passed","title":"renders with default props"},{"ancestorTitles":["ConfirmationModal","Basic Functionality"],"failureMessages":[],"fullName":"ConfirmationModal Basic Functionality calls onConfirm and onClose when confirm button is clicked","location":null,"status":"passed","title":"calls onConfirm and onClose when confirm button is clicked"},{"ancestorTitles":["ConfirmationModal","Basic Functionality"],"failureMessages":[],"fullName":"ConfirmationModal Basic Functionality calls onClose when cancel button is clicked","location":null,"status":"passed","title":"calls onClose when cancel button is clicked"},{"ancestorTitles":["ConfirmationModal","Custom Text"],"failureMessages":[],"fullName":"ConfirmationModal Custom Text renders custom confirm text","location":null,"status":"passed","title":"renders custom confirm text"},{"ancestorTitles":["ConfirmationModal","Custom Text"],"failureMessages":[],"fullName":"ConfirmationModal Custom Text renders custom cancel text","location":null,"status":"passed","title":"renders custom cancel text"},{"ancestorTitles":["ConfirmationModal","Button Colors"],"failureMessages":[],"fullName":"ConfirmationModal Button Colors renders primary color by default","location":null,"status":"passed","title":"renders primary color by default"},{"ancestorTitles":["ConfirmationModal","Button Colors"],"failureMessages":[],"fullName":"ConfirmationModal Button Colors renders error color when specified","location":null,"status":"passed","title":"renders error color when specified"},{"ancestorTitles":["ConfirmationModal","Button Colors"],"failureMessages":[],"fullName":"ConfirmationModal Button Colors renders warning color when specified","location":null,"status":"passed","title":"renders warning color when specified"},{"ancestorTitles":["ConfirmationModal","Focus Management"],"failureMessages":[],"fullName":"ConfirmationModal Focus Management focuses confirm button by default","location":null,"status":"passed","title":"focuses confirm button by default"},{"ancestorTitles":["ConfirmationModal","Keyboard Navigation"],"failureMessages":[],"fullName":"ConfirmationModal Keyboard Navigation confirms action when Enter is pressed on confirm button","location":null,"status":"passed","title":"confirms action when Enter is pressed on confirm button"},{"ancestorTitles":["ConfirmationModal","Keyboard Navigation"],"failureMessages":[],"fullName":"ConfirmationModal Keyboard Navigation closes modal when Escape is pressed","location":null,"status":"passed","title":"closes modal when Escape is pressed"},{"ancestorTitles":["ConfirmationModal","Accessibility"],"failureMessages":[],"fullName":"ConfirmationModal Accessibility has proper ARIA attributes","location":null,"status":"passed","title":"has proper ARIA attributes"},{"ancestorTitles":["ConfirmationModal","Accessibility"],"failureMessages":[],"fullName":"ConfirmationModal Accessibility has proper button roles","location":null,"status":"passed","title":"has proper button roles"},{"ancestorTitles":["ConfirmationModal","Destructive Actions"],"failureMessages":[],"fullName":"ConfirmationModal Destructive Actions handles destructive action styling correctly","location":null,"status":"passed","title":"handles destructive action styling correctly"},{"ancestorTitles":["ConfirmationModal","Modal State"],"failureMessages":[],"fullName":"ConfirmationModal Modal State does not render when closed","location":null,"status":"passed","title":"does not render when closed"},{"ancestorTitles":["ConfirmationModal","Modal State"],"failureMessages":[],"fullName":"ConfirmationModal Modal State renders when open","location":null,"status":"passed","title":"renders when open"}],"endTime":1752885973264,"message":"","name":"C:\\localDev\\UMD-Hack4Impact\\food-for-all-dc\\my-app\\src\\components\\ConfirmationModal.test.tsx","startTime":1752885968801,"status":"passed","summary":""},{"assertionResults":[{"ancestorTitles":["UsersSpreadsheet"],"failureMessages":[],"fullName":"UsersSpreadsheet renders user spreadsheet table and Create User button","location":null,"status":"passed","title":"renders user spreadsheet table and Create User button"}],"endTime":1752885974162,"message":"","name":"C:\\localDev\\UMD-Hack4Impact\\food-for-all-dc\\my-app\\src\\components\\UsersSpreadsheet\\__tests__\\UsersSpreadsheet.test.tsx","startTime":1752885973306,"status":"passed","summary":""},{"assertionResults":[{"ancestorTitles":["CreateUserModal"],"failureMessages":[],"fullName":"CreateUserModal shows validation error for empty email","location":null,"status":"passed","title":"shows validation error for empty email"},{"ancestorTitles":["CreateUserModal"],"failureMessages":[],"fullName":"CreateUserModal shows error if passwords do not match","location":null,"status":"passed","title":"shows error if passwords do not match"}],"endTime":1752885975323,"message":"","name":"C:\\localDev\\UMD-Hack4Impact\\food-for-all-dc\\my-app\\src\\components\\UsersSpreadsheet\\__tests__\\CreateUserModal.test.tsx","startTime":1752885974260,"status":"passed","summary":""},{"assertionResults":[{"ancestorTitles":["DeleteUserModal"],"failureMessages":[],"fullName":"DeleteUserModal calls onDelete when delete is clicked","location":null,"status":"passed","title":"calls onDelete when delete is clicked"}],"endTime":1752885976017,"message":"","name":"C:\\localDev\\UMD-Hack4Impact\\food-for-all-dc\\my-app\\src\\components\\UsersSpreadsheet\\__tests__\\DeleteUserModal.test.tsx","startTime":1752885975338,"status":"passed","summary":""},{"assertionResults":[{"ancestorTitles":[],"failureMessages":[],"fullName":"LoadingIndicator minimal test","location":null,"status":"passed","title":"LoadingIndicator minimal test"},{"ancestorTitles":["LoadingIndicator"],"failureMessages":[],"fullName":"LoadingIndicator renders loading spinner","location":null,"status":"passed","title":"renders loading spinner"},{"ancestorTitles":["LoadingIndicator"],"failureMessages":[],"fullName":"LoadingIndicator renders with custom text","location":null,"status":"passed","title":"renders with custom text"},{"ancestorTitles":["LoadingIndicator"],"failureMessages":[],"fullName":"LoadingIndicator renders different sizes","location":null,"status":"passed","title":"renders different sizes"}],"endTime":1752885976805,"message":"","name":"C:\\localDev\\UMD-Hack4Impact\\food-for-all-dc\\my-app\\src\\components\\LoadingIndicator\\LoadingIndicator.test.tsx","startTime":1752885976031,"status":"passed","summary":""},{"assertionResults":[{"ancestorTitles":["Button"],"failureMessages":[],"fullName":"Button renders with text","location":null,"status":"passed","title":"renders with text"},{"ancestorTitles":["Button"],"failureMessages":[],"fullName":"Button handles click events","location":null,"status":"passed","title":"handles click events"},{"ancestorTitles":["Button"],"failureMessages":[],"fullName":"Button renders as disabled when disabled prop is true","location":null,"status":"passed","title":"renders as disabled when disabled prop is true"},{"ancestorTitles":["Button"],"failureMessages":[],"fullName":"Button renders different variants","location":null,"status":"passed","title":"renders different variants"},{"ancestorTitles":["Button"],"failureMessages":[],"fullName":"Button renders different colors","location":null,"status":"passed","title":"renders different colors"},{"ancestorTitles":["Button"],"failureMessages":[],"fullName":"Button shows loading state","location":null,"status":"passed","title":"shows loading state"}],"endTime":1752885977489,"message":"","name":"C:\\localDev\\UMD-Hack4Impact\\food-for-all-dc\\my-app\\src\\components\\common\\Button\\Button.test.tsx","startTime":1752885976816,"status":"passed","summary":""},{"assertionResults":[{"ancestorTitles":["Input"],"failureMessages":[],"fullName":"Input renders with label","location":null,"status":"passed","title":"renders with label"},{"ancestorTitles":["Input"],"failureMessages":[],"fullName":"Input handles input changes","location":null,"status":"passed","title":"handles input changes"},{"ancestorTitles":["Input"],"failureMessages":[],"fullName":"Input shows error state","location":null,"status":"passed","title":"shows error state"},{"ancestorTitles":["Input"],"failureMessages":[],"fullName":"Input renders as disabled when disabled prop is true","location":null,"status":"passed","title":"renders as disabled when disabled prop is true"},{"ancestorTitles":["Input"],"failureMessages":[],"fullName":"Input renders with placeholder","location":null,"status":"passed","title":"renders with placeholder"}],"endTime":1752885978162,"message":"","name":"C:\\localDev\\UMD-Hack4Impact\\food-for-all-dc\\my-app\\src\\components\\common\\Input\\Input.test.tsx","startTime":1752885977506,"status":"passed","summary":""},{"assertionResults":[{"ancestorTitles":["AuthProvider"],"failureMessages":[],"fullName":"AuthProvider renders without crashing and provides default context","location":null,"status":"passed","title":"renders without crashing and provides default context"},{"ancestorTitles":["AuthProvider"],"failureMessages":[],"fullName":"AuthProvider logout function does not throw when called with default context","location":null,"status":"passed","title":"logout function does not throw when called with default context"}],"endTime":1752885978690,"message":"","name":"C:\\localDev\\UMD-Hack4Impact\\food-for-all-dc\\my-app\\src\\auth\\__tests__\\AuthProvider.test.tsx","startTime":1752885978177,"status":"passed","summary":""},{"assertionResults":[{"ancestorTitles":[],"failureMessages":[],"fullName":"NotificationProvider minimal test","location":null,"status":"passed","title":"NotificationProvider minimal test"},{"ancestorTitles":["NotificationProvider"],"failureMessages":[],"fullName":"NotificationProvider renders children","location":null,"status":"passed","title":"renders children"},{"ancestorTitles":["NotificationProvider"],"failureMessages":[],"fullName":"NotificationProvider displays success notification","location":null,"status":"passed","title":"displays success notification"},{"ancestorTitles":["NotificationProvider"],"failureMessages":[],"fullName":"NotificationProvider displays error notification","location":null,"status":"passed","title":"displays error notification"}],"endTime":1752885979029,"message":"","name":"C:\\localDev\\UMD-Hack4Impact\\food-for-all-dc\\my-app\\src\\components\\NotificationProvider.test.tsx","startTime":1752885978718,"status":"passed","summary":""},{"assertionResults":[{"ancestorTitles":["Route Config Tests"],"failureMessages":[],"fullName":"Route Config Tests renders correct component for route: /clients","location":null,"status":"passed","title":"renders correct component for route: /clients"},{"ancestorTitles":["Route Config Tests"],"failureMessages":[],"fullName":"Route Config Tests renders correct component for route: /calendar","location":null,"status":"passed","title":"renders correct component for route: /calendar"},{"ancestorTitles":["Route Config Tests"],"failureMessages":[],"fullName":"Route Config Tests renders correct component for route: /users","location":null,"status":"passed","title":"renders correct component for route: /users"},{"ancestorTitles":["Route Config Tests"],"failureMessages":[],"fullName":"Route Config Tests renders correct component for route: /delivery","location":null,"status":"passed","title":"renders correct component for route: /delivery"}],"endTime":1752885979249,"message":"","name":"C:\\localDev\\UMD-Hack4Impact\\food-for-all-dc\\my-app\\src\\__tests__\\route-config.test.tsx","startTime":1752885979037,"status":"passed","summary":""},{"assertionResults":[{"ancestorTitles":["canCreateUserType"],"failureMessages":[],"fullName":"canCreateUserType Admin can create all user types","location":null,"status":"passed","title":"Admin can create all user types"},{"ancestorTitles":["canCreateUserType"],"failureMessages":[],"fullName":"canCreateUserType Manager can only create ClientIntake","location":null,"status":"passed","title":"Manager can only create ClientIntake"},{"ancestorTitles":["canCreateUserType"],"failureMessages":[],"fullName":"canCreateUserType Other types cannot create any user","location":null,"status":"passed","title":"Other types cannot create any user"}],"endTime":1752885979463,"message":"","name":"C:\\localDev\\UMD-Hack4Impact\\food-for-all-dc\\my-app\\src\\services\\__tests__\\AuthUserService.test.ts","startTime":1752885979257,"status":"passed","summary":""}],"wasInterrupted":false}